#
# A fatal error has been detected by the Java Runtime Environment:
#
#  EXCEPTION_ACCESS_VIOLATION (0xc0000005) at pc=0x0000000000000000, pid=19940, tid=6984
#
# JRE version: OpenJDK Runtime Environment (24.0.1+9) (build 24.0.1+9-30)
# Java VM: OpenJDK 64-Bit Server VM (24.0.1+9-30, mixed mode, sharing, tiered, compressed oops, compressed class ptrs, g1 gc, windows-amd64)
# Problematic frame:
# C  [lwjgl_nuklear.dll+0x2dad2]
#
# No core dump will be written. Minidumps are not enabled by default on client versions of Windows
#
# If you would like to submit a bug report, please visit:
#   https://bugreport.java.com/bugreport/crash.jsp
# The crash happened outside the Java Virtual Machine in native code.
# See problematic frame for where to report the bug.
#

---------------  S U M M A R Y ------------

Command Line: --enable-native-access=ALL-UNNAMED --enable-native-access=ALL-UNNAMED -Dfile.encoding=UTF-8 -Duser.country=US -Duser.language=en -Duser.variant org.Landen.main.Main

Host: AMD Ryzen 5 8500G w/ Radeon 740M Graphics      , 12 cores, 61G,  Windows 11 , 64 bit Build 26100 (10.0.26100.4202)
Time: Fri Jul  4 13:35:17 2025 Eastern Daylight Time elapsed time: 0.226451 seconds (0d 0h 0m 0s)

---------------  T H R E A D  ---------------

Current thread (0x0000022925d4f100):  JavaThread "main"             [_thread_in_native, id=6984, stack(0x000000fdec700000,0x000000fdec800000) (1024K)]

Stack: [0x000000fdec700000,0x000000fdec800000],  sp=0x000000fdec7ff550,  free space=1021k
Native frames: (J=compiled Java code, j=interpreted, Vv=VM code, C=native code)

Java frames: (J=compiled Java code, j=interpreted, Vv=VM code)
j  org.lwjgl.nuklear.Nuklear.nnk_init(JJJ)Z+0
j  org.lwjgl.nuklear.Nuklear.nk_init(Lorg/lwjgl/nuklear/NkContext;Lorg/lwjgl/nuklear/NkAllocator;Lorg/lwjgl/nuklear/NkUserFont;)Z+12
j  org.Landen.main.ui.Gui.<init>()V+37
j  org.Landen.main.Main.<init>()V+50
j  org.Landen.main.Main.main([Ljava/lang/String;)V+4
v  ~StubRoutines::call_stub 0x0000022937ef0fcd

siginfo: EXCEPTION_ACCESS_VIOLATION (0xc0000005), data execution prevention violation at address 0x0000000000000000


Registers:
RAX=0x0000000000000000, RBX=0x0000022997a93650, RCX=0x0000000000000000, RDX=0x0000000000000000
RSP=0x000000fdec7ff548, RBP=0x000000fdec7ff620, RSI=0x0000022997746f70, RDI=0x0000022997a95980
R8 =0x0000000000001000, R9 =0x401709d120000000, R10=0x00007ffb71dd0000, R11=0x00007ffb71e0c537
R12=0x0000000000000000, R13=0x0000022998546b48, R14=0x000000fdec7ff668, R15=0x0000022925d4f100
RIP=0x0000000000000000, EFLAGS=0x0000000000010246

XMM[0]=0x0000000000000000 0x0000000000000000
XMM[1]=0x8000000000000000 0x8000000000000000
XMM[2]=0x0000000000000000 0x0000000000000000
XMM[3]=0x8000000000000000 0x8000000000000000
XMM[4]=0x0000000000000000 0x0000000000000000
XMM[5]=0x0000000000000000 0x401709d120000000
XMM[6]=0x0000000000000000 0x0000000000000000
XMM[7]=0x0000000000000000 0x0000000000000000
XMM[8]=0x0000000000000000 0x0000000000000000
XMM[9]=0x0000000000000000 0x0000000000000000
XMM[10]=0x0000000000000000 0x0000000000000000
XMM[11]=0x0000000000000000 0x0000000000000000
XMM[12]=0x0000000000000000 0x0000000000000000
XMM[13]=0x0000000000000000 0x0000000000000000
XMM[14]=0x0000000000000000 0x0000000000000000
XMM[15]=0x0000000000000000 0x0000000000000000
  MXCSR=0x00001fa0


Register to memory mapping:

RAX=0x0 is null
RBX=0x0000022997a93650 points into unknown readable memory: 0x0000000000000000 | 00 00 00 00 00 00 00 00
RCX=0x0 is null
RDX=0x0 is null
RSP=0x000000fdec7ff548 is pointing into the stack for thread: 0x0000022925d4f100
RBP=0x000000fdec7ff620 is pointing into the stack for thread: 0x0000022925d4f100
RSI=0x0000022997746f70 points into unknown readable memory: 0x0000000000000000 | 00 00 00 00 00 00 00 00
RDI=0x0000022997a95980 points into unknown readable memory: 0x0000000000000000 | 00 00 00 00 00 00 00 00
R8 =0x0000000000001000 is an unknown value
R9 =0x401709d120000000 is an unknown value
R10=0x00007ffb71dd0000 lwjgl_nuklear.dll
R11=0x00007ffb71e0c537 lwjgl_nuklear.dll
R12=0x0 is null
R13={method} {0x0000022998546b50} 'nnk_init' '(JJJ)Z' in 'org/lwjgl/nuklear/Nuklear'
R14=0x000000fdec7ff668 is pointing into the stack for thread: 0x0000022925d4f100
R15=0x0000022925d4f100 is a thread

Top of Stack: (sp=0x000000fdec7ff548)
0x000000fdec7ff548:   00007ffb71dfdad2 0000022997a93650   ...q....P6..)...
0x000000fdec7ff558:   0000022997a93650 0000022937ef8948   P6..)...H..7)...
0x000000fdec7ff568:   0000022925d4f100 0000000000000000   ...%)...........
0x000000fdec7ff578:   0000022937efcf40 0000022937ef8948   @..7)...H..7)...
0x000000fdec7ff588:   0000022998546b48 0000022998546b48   HkT.)...HkT.)...
0x000000fdec7ff598:   000002299840b8f8 0000022997a8c040   ..@.)...@...)...
0x000000fdec7ff5a8:   0000022937efcc73 0000022998546b48   s..7)...HkT.)...
0x000000fdec7ff5b8:   0000000000000000 000002299840b910   ..........@.)...
0x000000fdec7ff5c8:   0000000000000000 0000022937efcc1b   ...........7)...
0x000000fdec7ff5d8:   fffffffffffffff7 0000022998546b48   ........HkT.)...
0x000000fdec7ff5e8:   0000000000000009 00000229985a4f70   ........pOZ.)...
0x000000fdec7ff5f8:   0000000000000000 00000004630c6570   ........pe.c....
0x000000fdec7ff608:   0000022998546b48 0000000000000000   HkT.)...........
0x000000fdec7ff618:   000000fdec7ff640 000000fdec7ff6b8   @...............
0x000000fdec7ff628:   0000022937ef8948 00000004630c6570   H..7)...pe.c....
0x000000fdec7ff638:   0000022937efa420 0000022997a8c040    ..7)...@...)...
0x000000fdec7ff648:   0000000000000000 0000022997746f70   ........pot.)...
0x000000fdec7ff658:   0000000000000000 0000022997a93650   ........P6..)...
0x000000fdec7ff668:   0000000000000000 fffffffffffffff7   ................
0x000000fdec7ff678:   0000022998546bf4 0000000000000004   .kT.)...........
0x000000fdec7ff688:   00000229985a4f70 0000000000000000   pOZ.)...........
0x000000fdec7ff698:   00000004630c6570 0000022998546c38   pe.c....8lT.)...
0x000000fdec7ff6a8:   fffffffffffffff1 000000fdec7ff6c8   ................
0x000000fdec7ff6b8:   000000fdec7ff728 0000022937ef8948   (.......H..7)...
0x000000fdec7ff6c8:   0000000463042328 00000004630423c8   (#.c.....#.c....
0x000000fdec7ff6d8:   000000046303b168 fffffffffffffff7   h..c............
0x000000fdec7ff6e8:   0000022998403cd5 0000000000000002   .<@.)...........
0x000000fdec7ff6f8:   0000022998404688 0000000000000000   .F@.)...........
0x000000fdec7ff708:   000000046384e700 0000022998403d10   ...c.....=@.)...
0x000000fdec7ff718:   fffffffffffffff4 000000fdec7ff738   ........8.......
0x000000fdec7ff728:   000000fdec7ff798 0000022937ef8800   ...........7)...
0x000000fdec7ff738:   000000046384e8e0 000000046384e8e0   ...c.......c....

Instructions: (pc=0x00007ffb71dfdad2)
  0x00007ffb71dfd9d2:   57 c0 0f 11 00 0f 11 40 10 0f 11 40 20 0f 11 40
  0x00007ffb71dfd9e2:   30 0f 11 40 40 0f 11 40 50 0f 11 40 60 44 89 40
  0x00007ffb71dfd9f2:   38 48 89 78 40 48 89 48 48 48 89 48 70 44 89 83
  0x00007ffb71dfda02:   54 45 00 00 b0 01 48 8b 5c 24 30 48 83 c4 20 5f
  0x00007ffb71dfda12:   c3 cc cc cc cc cc cc cc cc cc cc cc cc cc 48 89
  0x00007ffb71dfda22:   5c 24 10 56 48 83 ec 20 49 8b f1 49 8b d8 4d 85
  0x00007ffb71dfda32:   c9 75 0d 32 c0 48 8b 5c 24 38 48 83 c4 20 5e c3
  0x00007ffb71dfda42:   48 89 7c 24 30 48 85 db 74 41 33 d2 41 b8 d0 45
  0x00007ffb71dfda52:   00 00 48 8b cb e8 44 e9 00 00 33 d2 48 8b cb e8
  0x00007ffb71dfda62:   6a 60 fe ff 48 8b 44 24 50 c7 83 cc 45 00 00 01
  0x00007ffb71dfda72:   00 00 00 48 85 c0 74 07 48 89 83 70 01 00 00 48
  0x00007ffb71dfda82:   8d 8b 08 2f 00 00 e8 b3 79 fd ff 48 8d bb 30 23
  0x00007ffb71dfda92:   00 00 48 85 ff 74 65 0f 57 c0 33 c0 0f 11 07 33
  0x00007ffb71dfdaa2:   d2 41 b8 00 10 00 00 0f 11 47 10 0f 11 47 20 0f
  0x00007ffb71dfdab2:   11 47 30 0f 11 47 40 0f 11 47 50 0f 11 47 60 48
  0x00007ffb71dfdac2:   89 47 70 c7 47 38 01 00 00 00 48 8b 0e ff 56 08
=>0x00007ffb71dfdad2:   48 89 47 40 48 c7 47 48 00 10 00 00 48 c7 47 70
  0x00007ffb71dfdae2:   00 10 00 00 c7 47 50 00 00 00 40 0f 10 06 0f 11
  0x00007ffb71dfdaf2:   47 20 f2 0f 10 4e 10 f2 0f 11 4f 30 48 8b 7c 24
  0x00007ffb71dfdb02:   30 0f 57 c0 0f 11 83 58 45 00 00 33 c0 0f 11 83
  0x00007ffb71dfdb12:   68 45 00 00 0f 11 83 78 45 00 00 0f 11 83 88 45
  0x00007ffb71dfdb22:   00 00 48 89 83 98 45 00 00 0f 10 06 0f 11 83 58
  0x00007ffb71dfdb32:   45 00 00 f2 0f 10 4e 10 48 89 83 78 45 00 00 b0
  0x00007ffb71dfdb42:   01 f2 0f 11 8b 68 45 00 00 c7 83 88 45 00 00 10
  0x00007ffb71dfdb52:   00 00 00 c7 83 70 45 00 00 01 00 00 00 c7 83 54
  0x00007ffb71dfdb62:   45 00 00 01 00 00 00 48 8b 5c 24 38 48 83 c4 20
  0x00007ffb71dfdb72:   5e c3 cc cc cc cc cc cc cc cc cc cc cc cc 48 89
  0x00007ffb71dfdb82:   5c 24 08 48 89 74 24 10 57 48 83 ec 20 49 8b f1
  0x00007ffb71dfdb92:   49 8b d8 4d 85 c9 0f 84 a8 01 00 00 48 8b 7c 24
  0x00007ffb71dfdba2:   50 48 85 ff 0f 84 9a 01 00 00 48 85 db 74 41 33
  0x00007ffb71dfdbb2:   d2 41 b8 d0 45 00 00 48 8b cb e8 df e7 00 00 33
  0x00007ffb71dfdbc2:   d2 48 8b cb e8 05 5f fe ff 48 8b 44 24 58 c7 83


Stack slot to memory mapping:

stack at sp + 0 slots: 0x0000022997a93650 points into unknown readable memory: 0x0000000000000000 | 00 00 00 00 00 00 00 00
stack at sp + 1 slots: 0x0000022997a93650 points into unknown readable memory: 0x0000000000000000 | 00 00 00 00 00 00 00 00
stack at sp + 2 slots: 0x0000022937ef8948 is at code_begin+1608 in an Interpreter codelet
return entry points  [0x0000022937ef8300, 0x0000022937ef8f90]  3216 bytes
stack at sp + 3 slots: 0x0000022925d4f100 is a thread
stack at sp + 4 slots: 0x0 is null
stack at sp + 5 slots: 0x0000022937efcf40 is at code_begin+992 in an Interpreter codelet
native method entry point (kind = native)  [0x0000022937efcb60, 0x0000022937efd6a0]  2880 bytes
stack at sp + 6 slots: 0x0000022937ef8948 is at code_begin+1608 in an Interpreter codelet
return entry points  [0x0000022937ef8300, 0x0000022937ef8f90]  3216 bytes
stack at sp + 7 slots: {method} {0x0000022998546b50} 'nnk_init' '(JJJ)Z' in 'org/lwjgl/nuklear/Nuklear'

Lock stack of current Java thread (top to bottom):


---------------  P R O C E S S  ---------------

Threads class SMR info:
_java_thread_list=0x000002299712e3a0, length=11, elements={
0x0000022925d4f100, 0x00000229534f5cd0, 0x00000229534f6410, 0x00000229534f9890,
0x00000229534faac0, 0x00000229534fc250, 0x0000022953500b30, 0x0000022953504400,
0x000002295351b760, 0x0000022997177080, 0x0000022997181780
}

Java Threads: ( => current thread )
=>0x0000022925d4f100 JavaThread "main"                              [_thread_in_native, id=6984, stack(0x000000fdec700000,0x000000fdec800000) (1024K)]
  0x00000229534f5cd0 JavaThread "Reference Handler"          daemon [_thread_blocked, id=8516, stack(0x000000fdecf00000,0x000000fded000000) (1024K)]
  0x00000229534f6410 JavaThread "Finalizer"                  daemon [_thread_blocked, id=7848, stack(0x000000fded000000,0x000000fded100000) (1024K)]
  0x00000229534f9890 JavaThread "Signal Dispatcher"          daemon [_thread_blocked, id=16824, stack(0x000000fded100000,0x000000fded200000) (1024K)]
  0x00000229534faac0 JavaThread "Attach Listener"            daemon [_thread_blocked, id=7568, stack(0x000000fded200000,0x000000fded300000) (1024K)]
  0x00000229534fc250 JavaThread "Service Thread"             daemon [_thread_blocked, id=23028, stack(0x000000fded300000,0x000000fded400000) (1024K)]
  0x0000022953500b30 JavaThread "Monitor Deflation Thread"   daemon [_thread_blocked, id=2968, stack(0x000000fded400000,0x000000fded500000) (1024K)]
  0x0000022953504400 JavaThread "C2 CompilerThread0"         daemon [_thread_blocked, id=21276, stack(0x000000fded500000,0x000000fded600000) (1024K)]
  0x000002295351b760 JavaThread "C1 CompilerThread0"         daemon [_thread_blocked, id=14376, stack(0x000000fded600000,0x000000fded700000) (1024K)]
  0x0000022997177080 JavaThread "Notification Thread"        daemon [_thread_blocked, id=27496, stack(0x000000fded700000,0x000000fded800000) (1024K)]
  0x0000022997181780 JavaThread "Common-Cleaner"             daemon [_thread_blocked, id=10724, stack(0x000000fded800000,0x000000fded900000) (1024K)]
Total: 11

Other Threads:
  0x00000229534e66c0 VMThread "VM Thread"                           [id=12928, stack(0x000000fdece00000,0x000000fdecf00000) (1024K)]
  0x00000229970814e0 WatcherThread "VM Periodic Task Thread"        [id=8396, stack(0x000000fdecd00000,0x000000fdece00000) (1024K)]
  0x000002295337da90 WorkerThread "GC Thread#0"                     [id=17904, stack(0x000000fdec800000,0x000000fdec900000) (1024K)]
  0x000002295337eaa0 ConcurrentGCThread "G1 Main Marker"            [id=15488, stack(0x000000fdec900000,0x000000fdeca00000) (1024K)]
  0x00000229281dce30 WorkerThread "G1 Conc#0"                       [id=3132, stack(0x000000fdeca00000,0x000000fdecb00000) (1024K)]
  0x0000022953422b60 ConcurrentGCThread "G1 Refine#0"               [id=25124, stack(0x000000fdecb00000,0x000000fdecc00000) (1024K)]
  0x0000022953424590 ConcurrentGCThread "G1 Service"                [id=17672, stack(0x000000fdecc00000,0x000000fdecd00000) (1024K)]
Total: 7

Threads with active compile tasks:
Total: 0

VM state: not at safepoint (normal execution)

VM Mutex/Monitor currently owned by a thread: None

Heap address: 0x0000000426000000, size: 15776 MB, Compressed Oops mode: Zero based, Oop shift amount: 3

CDS archive(s) mapped at: [0x0000022956000000-0x0000022956d40000-0x0000022956d40000), size 13893632, SharedBaseAddress: 0x0000022956000000, ArchiveRelocationMode: 1.
Compressed class space mapped at: 0x0000022957000000-0x0000022997000000, reserved size: 1073741824
UseCompressedClassPointers 1, UseCompactObjectHeaders 0
Narrow klass pointer bits 32, Max shift 3
Narrow klass base: 0x0000022956000000, Narrow klass shift: 0
Encoding Range: [0x0000022956000000 - 0x0000022a56000000), (4294967296 bytes)
Klass Range:    [0x0000022956000000 - 0x0000022997000000), (1090519040 bytes)
Klass ID Range:  [8 - 1090519033) (1090519025)

GC Precious Log:
 CardTable entry size: 512
 Card Set container configuration: InlinePtr #cards 4 size 8 Array Of Cards #cards 64 size 144 Howl #buckets 8 coarsen threshold 14745 Howl Bitmap #cards 2048 size 272 coarsen threshold 1843 Card regions per heap region 1 cards per card region 16384
 CPUs: 12 total, 12 available
 Memory: 63085M
 Large Page Support: Disabled
 NUMA Support: Disabled
 Compressed Oops: Enabled (Zero based)
 Heap Region Size: 8M
 Heap Min Capacity: 8M
 Heap Initial Capacity: 992M
 Heap Max Capacity: 15776M
 Pre-touch: Disabled
 Parallel Workers: 10
 Concurrent Workers: 3
 Concurrent Refinement Workers: 10
 Periodic GC: Disabled

Heap:
 garbage-first heap   total reserved 16154624K, committed 1024000K, used 9328K [0x0000000426000000, 0x0000000800000000)
  region size 8192K, 2 young (16384K), 0 survivors (0K)
 Metaspace       used 3489K, committed 3648K, reserved 1114112K
  class space    used 212K, committed 256K, reserved 1048576K

Heap Regions: E=young(eden), S=young(survivor), O=old, HS=humongous(starts), HC=humongous(continues), CS=collection set, F=free, TAMS=top-at-mark-start, PB=parsable bottom
|   0|0x0000000426000000, 0x0000000426000000, 0x0000000426800000|  0%| F|  |TAMS 0x0000000426000000| PB 0x0000000426000000| Untracked |  0
|   1|0x0000000426800000, 0x0000000426800000, 0x0000000427000000|  0%| F|  |TAMS 0x0000000426800000| PB 0x0000000426800000| Untracked |  0
|   2|0x0000000427000000, 0x0000000427000000, 0x0000000427800000|  0%| F|  |TAMS 0x0000000427000000| PB 0x0000000427000000| Untracked |  0
|   3|0x0000000427800000, 0x0000000427800000, 0x0000000428000000|  0%| F|  |TAMS 0x0000000427800000| PB 0x0000000427800000| Untracked |  0
|   4|0x0000000428000000, 0x0000000428000000, 0x0000000428800000|  0%| F|  |TAMS 0x0000000428000000| PB 0x0000000428000000| Untracked |  0
|   5|0x0000000428800000, 0x0000000428800000, 0x0000000429000000|  0%| F|  |TAMS 0x0000000428800000| PB 0x0000000428800000| Untracked |  0
|   6|0x0000000429000000, 0x0000000429000000, 0x0000000429800000|  0%| F|  |TAMS 0x0000000429000000| PB 0x0000000429000000| Untracked |  0
|   7|0x0000000429800000, 0x0000000429800000, 0x000000042a000000|  0%| F|  |TAMS 0x0000000429800000| PB 0x0000000429800000| Untracked |  0
|   8|0x000000042a000000, 0x000000042a000000, 0x000000042a800000|  0%| F|  |TAMS 0x000000042a000000| PB 0x000000042a000000| Untracked |  0
|   9|0x000000042a800000, 0x000000042a800000, 0x000000042b000000|  0%| F|  |TAMS 0x000000042a800000| PB 0x000000042a800000| Untracked |  0
|  10|0x000000042b000000, 0x000000042b000000, 0x000000042b800000|  0%| F|  |TAMS 0x000000042b000000| PB 0x000000042b000000| Untracked |  0
|  11|0x000000042b800000, 0x000000042b800000, 0x000000042c000000|  0%| F|  |TAMS 0x000000042b800000| PB 0x000000042b800000| Untracked |  0
|  12|0x000000042c000000, 0x000000042c000000, 0x000000042c800000|  0%| F|  |TAMS 0x000000042c000000| PB 0x000000042c000000| Untracked |  0
|  13|0x000000042c800000, 0x000000042c800000, 0x000000042d000000|  0%| F|  |TAMS 0x000000042c800000| PB 0x000000042c800000| Untracked |  0
|  14|0x000000042d000000, 0x000000042d000000, 0x000000042d800000|  0%| F|  |TAMS 0x000000042d000000| PB 0x000000042d000000| Untracked |  0
|  15|0x000000042d800000, 0x000000042d800000, 0x000000042e000000|  0%| F|  |TAMS 0x000000042d800000| PB 0x000000042d800000| Untracked |  0
|  16|0x000000042e000000, 0x000000042e000000, 0x000000042e800000|  0%| F|  |TAMS 0x000000042e000000| PB 0x000000042e000000| Untracked |  0
|  17|0x000000042e800000, 0x000000042e800000, 0x000000042f000000|  0%| F|  |TAMS 0x000000042e800000| PB 0x000000042e800000| Untracked |  0
|  18|0x000000042f000000, 0x000000042f000000, 0x000000042f800000|  0%| F|  |TAMS 0x000000042f000000| PB 0x000000042f000000| Untracked |  0
|  19|0x000000042f800000, 0x000000042f800000, 0x0000000430000000|  0%| F|  |TAMS 0x000000042f800000| PB 0x000000042f800000| Untracked |  0
|  20|0x0000000430000000, 0x0000000430000000, 0x0000000430800000|  0%| F|  |TAMS 0x0000000430000000| PB 0x0000000430000000| Untracked |  0
|  21|0x0000000430800000, 0x0000000430800000, 0x0000000431000000|  0%| F|  |TAMS 0x0000000430800000| PB 0x0000000430800000| Untracked |  0
|  22|0x0000000431000000, 0x0000000431000000, 0x0000000431800000|  0%| F|  |TAMS 0x0000000431000000| PB 0x0000000431000000| Untracked |  0
|  23|0x0000000431800000, 0x0000000431800000, 0x0000000432000000|  0%| F|  |TAMS 0x0000000431800000| PB 0x0000000431800000| Untracked |  0
|  24|0x0000000432000000, 0x0000000432000000, 0x0000000432800000|  0%| F|  |TAMS 0x0000000432000000| PB 0x0000000432000000| Untracked |  0
|  25|0x0000000432800000, 0x0000000432800000, 0x0000000433000000|  0%| F|  |TAMS 0x0000000432800000| PB 0x0000000432800000| Untracked |  0
|  26|0x0000000433000000, 0x0000000433000000, 0x0000000433800000|  0%| F|  |TAMS 0x0000000433000000| PB 0x0000000433000000| Untracked |  0
|  27|0x0000000433800000, 0x0000000433800000, 0x0000000434000000|  0%| F|  |TAMS 0x0000000433800000| PB 0x0000000433800000| Untracked |  0
|  28|0x0000000434000000, 0x0000000434000000, 0x0000000434800000|  0%| F|  |TAMS 0x0000000434000000| PB 0x0000000434000000| Untracked |  0
|  29|0x0000000434800000, 0x0000000434800000, 0x0000000435000000|  0%| F|  |TAMS 0x0000000434800000| PB 0x0000000434800000| Untracked |  0
|  30|0x0000000435000000, 0x0000000435000000, 0x0000000435800000|  0%| F|  |TAMS 0x0000000435000000| PB 0x0000000435000000| Untracked |  0
|  31|0x0000000435800000, 0x0000000435800000, 0x0000000436000000|  0%| F|  |TAMS 0x0000000435800000| PB 0x0000000435800000| Untracked |  0
|  32|0x0000000436000000, 0x0000000436000000, 0x0000000436800000|  0%| F|  |TAMS 0x0000000436000000| PB 0x0000000436000000| Untracked |  0
|  33|0x0000000436800000, 0x0000000436800000, 0x0000000437000000|  0%| F|  |TAMS 0x0000000436800000| PB 0x0000000436800000| Untracked |  0
|  34|0x0000000437000000, 0x0000000437000000, 0x0000000437800000|  0%| F|  |TAMS 0x0000000437000000| PB 0x0000000437000000| Untracked |  0
|  35|0x0000000437800000, 0x0000000437800000, 0x0000000438000000|  0%| F|  |TAMS 0x0000000437800000| PB 0x0000000437800000| Untracked |  0
|  36|0x0000000438000000, 0x0000000438000000, 0x0000000438800000|  0%| F|  |TAMS 0x0000000438000000| PB 0x0000000438000000| Untracked |  0
|  37|0x0000000438800000, 0x0000000438800000, 0x0000000439000000|  0%| F|  |TAMS 0x0000000438800000| PB 0x0000000438800000| Untracked |  0
|  38|0x0000000439000000, 0x0000000439000000, 0x0000000439800000|  0%| F|  |TAMS 0x0000000439000000| PB 0x0000000439000000| Untracked |  0
|  39|0x0000000439800000, 0x0000000439800000, 0x000000043a000000|  0%| F|  |TAMS 0x0000000439800000| PB 0x0000000439800000| Untracked |  0
|  40|0x000000043a000000, 0x000000043a000000, 0x000000043a800000|  0%| F|  |TAMS 0x000000043a000000| PB 0x000000043a000000| Untracked |  0
|  41|0x000000043a800000, 0x000000043a800000, 0x000000043b000000|  0%| F|  |TAMS 0x000000043a800000| PB 0x000000043a800000| Untracked |  0
|  42|0x000000043b000000, 0x000000043b000000, 0x000000043b800000|  0%| F|  |TAMS 0x000000043b000000| PB 0x000000043b000000| Untracked |  0
|  43|0x000000043b800000, 0x000000043b800000, 0x000000043c000000|  0%| F|  |TAMS 0x000000043b800000| PB 0x000000043b800000| Untracked |  0
|  44|0x000000043c000000, 0x000000043c000000, 0x000000043c800000|  0%| F|  |TAMS 0x000000043c000000| PB 0x000000043c000000| Untracked |  0
|  45|0x000000043c800000, 0x000000043c800000, 0x000000043d000000|  0%| F|  |TAMS 0x000000043c800000| PB 0x000000043c800000| Untracked |  0
|  46|0x000000043d000000, 0x000000043d000000, 0x000000043d800000|  0%| F|  |TAMS 0x000000043d000000| PB 0x000000043d000000| Untracked |  0
|  47|0x000000043d800000, 0x000000043d800000, 0x000000043e000000|  0%| F|  |TAMS 0x000000043d800000| PB 0x000000043d800000| Untracked |  0
|  48|0x000000043e000000, 0x000000043e000000, 0x000000043e800000|  0%| F|  |TAMS 0x000000043e000000| PB 0x000000043e000000| Untracked |  0
|  49|0x000000043e800000, 0x000000043e800000, 0x000000043f000000|  0%| F|  |TAMS 0x000000043e800000| PB 0x000000043e800000| Untracked |  0
|  50|0x000000043f000000, 0x000000043f000000, 0x000000043f800000|  0%| F|  |TAMS 0x000000043f000000| PB 0x000000043f000000| Untracked |  0
|  51|0x000000043f800000, 0x000000043f800000, 0x0000000440000000|  0%| F|  |TAMS 0x000000043f800000| PB 0x000000043f800000| Untracked |  0
|  52|0x0000000440000000, 0x0000000440000000, 0x0000000440800000|  0%| F|  |TAMS 0x0000000440000000| PB 0x0000000440000000| Untracked |  0
|  53|0x0000000440800000, 0x0000000440800000, 0x0000000441000000|  0%| F|  |TAMS 0x0000000440800000| PB 0x0000000440800000| Untracked |  0
|  54|0x0000000441000000, 0x0000000441000000, 0x0000000441800000|  0%| F|  |TAMS 0x0000000441000000| PB 0x0000000441000000| Untracked |  0
|  55|0x0000000441800000, 0x0000000441800000, 0x0000000442000000|  0%| F|  |TAMS 0x0000000441800000| PB 0x0000000441800000| Untracked |  0
|  56|0x0000000442000000, 0x0000000442000000, 0x0000000442800000|  0%| F|  |TAMS 0x0000000442000000| PB 0x0000000442000000| Untracked |  0
|  57|0x0000000442800000, 0x0000000442800000, 0x0000000443000000|  0%| F|  |TAMS 0x0000000442800000| PB 0x0000000442800000| Untracked |  0
|  58|0x0000000443000000, 0x0000000443000000, 0x0000000443800000|  0%| F|  |TAMS 0x0000000443000000| PB 0x0000000443000000| Untracked |  0
|  59|0x0000000443800000, 0x0000000443800000, 0x0000000444000000|  0%| F|  |TAMS 0x0000000443800000| PB 0x0000000443800000| Untracked |  0
|  60|0x0000000444000000, 0x0000000444000000, 0x0000000444800000|  0%| F|  |TAMS 0x0000000444000000| PB 0x0000000444000000| Untracked |  0
|  61|0x0000000444800000, 0x0000000444800000, 0x0000000445000000|  0%| F|  |TAMS 0x0000000444800000| PB 0x0000000444800000| Untracked |  0
|  62|0x0000000445000000, 0x0000000445000000, 0x0000000445800000|  0%| F|  |TAMS 0x0000000445000000| PB 0x0000000445000000| Untracked |  0
|  63|0x0000000445800000, 0x0000000445800000, 0x0000000446000000|  0%| F|  |TAMS 0x0000000445800000| PB 0x0000000445800000| Untracked |  0
|  64|0x0000000446000000, 0x0000000446000000, 0x0000000446800000|  0%| F|  |TAMS 0x0000000446000000| PB 0x0000000446000000| Untracked |  0
|  65|0x0000000446800000, 0x0000000446800000, 0x0000000447000000|  0%| F|  |TAMS 0x0000000446800000| PB 0x0000000446800000| Untracked |  0
|  66|0x0000000447000000, 0x0000000447000000, 0x0000000447800000|  0%| F|  |TAMS 0x0000000447000000| PB 0x0000000447000000| Untracked |  0
|  67|0x0000000447800000, 0x0000000447800000, 0x0000000448000000|  0%| F|  |TAMS 0x0000000447800000| PB 0x0000000447800000| Untracked |  0
|  68|0x0000000448000000, 0x0000000448000000, 0x0000000448800000|  0%| F|  |TAMS 0x0000000448000000| PB 0x0000000448000000| Untracked |  0
|  69|0x0000000448800000, 0x0000000448800000, 0x0000000449000000|  0%| F|  |TAMS 0x0000000448800000| PB 0x0000000448800000| Untracked |  0
|  70|0x0000000449000000, 0x0000000449000000, 0x0000000449800000|  0%| F|  |TAMS 0x0000000449000000| PB 0x0000000449000000| Untracked |  0
|  71|0x0000000449800000, 0x0000000449800000, 0x000000044a000000|  0%| F|  |TAMS 0x0000000449800000| PB 0x0000000449800000| Untracked |  0
|  72|0x000000044a000000, 0x000000044a000000, 0x000000044a800000|  0%| F|  |TAMS 0x000000044a000000| PB 0x000000044a000000| Untracked |  0
|  73|0x000000044a800000, 0x000000044a800000, 0x000000044b000000|  0%| F|  |TAMS 0x000000044a800000| PB 0x000000044a800000| Untracked |  0
|  74|0x000000044b000000, 0x000000044b000000, 0x000000044b800000|  0%| F|  |TAMS 0x000000044b000000| PB 0x000000044b000000| Untracked |  0
|  75|0x000000044b800000, 0x000000044b800000, 0x000000044c000000|  0%| F|  |TAMS 0x000000044b800000| PB 0x000000044b800000| Untracked |  0
|  76|0x000000044c000000, 0x000000044c000000, 0x000000044c800000|  0%| F|  |TAMS 0x000000044c000000| PB 0x000000044c000000| Untracked |  0
|  77|0x000000044c800000, 0x000000044c800000, 0x000000044d000000|  0%| F|  |TAMS 0x000000044c800000| PB 0x000000044c800000| Untracked |  0
|  78|0x000000044d000000, 0x000000044d000000, 0x000000044d800000|  0%| F|  |TAMS 0x000000044d000000| PB 0x000000044d000000| Untracked |  0
|  79|0x000000044d800000, 0x000000044d800000, 0x000000044e000000|  0%| F|  |TAMS 0x000000044d800000| PB 0x000000044d800000| Untracked |  0
|  80|0x000000044e000000, 0x000000044e000000, 0x000000044e800000|  0%| F|  |TAMS 0x000000044e000000| PB 0x000000044e000000| Untracked |  0
|  81|0x000000044e800000, 0x000000044e800000, 0x000000044f000000|  0%| F|  |TAMS 0x000000044e800000| PB 0x000000044e800000| Untracked |  0
|  82|0x000000044f000000, 0x000000044f000000, 0x000000044f800000|  0%| F|  |TAMS 0x000000044f000000| PB 0x000000044f000000| Untracked |  0
|  83|0x000000044f800000, 0x000000044f800000, 0x0000000450000000|  0%| F|  |TAMS 0x000000044f800000| PB 0x000000044f800000| Untracked |  0
|  84|0x0000000450000000, 0x0000000450000000, 0x0000000450800000|  0%| F|  |TAMS 0x0000000450000000| PB 0x0000000450000000| Untracked |  0
|  85|0x0000000450800000, 0x0000000450800000, 0x0000000451000000|  0%| F|  |TAMS 0x0000000450800000| PB 0x0000000450800000| Untracked |  0
|  86|0x0000000451000000, 0x0000000451000000, 0x0000000451800000|  0%| F|  |TAMS 0x0000000451000000| PB 0x0000000451000000| Untracked |  0
|  87|0x0000000451800000, 0x0000000451800000, 0x0000000452000000|  0%| F|  |TAMS 0x0000000451800000| PB 0x0000000451800000| Untracked |  0
|  88|0x0000000452000000, 0x0000000452000000, 0x0000000452800000|  0%| F|  |TAMS 0x0000000452000000| PB 0x0000000452000000| Untracked |  0
|  89|0x0000000452800000, 0x0000000452800000, 0x0000000453000000|  0%| F|  |TAMS 0x0000000452800000| PB 0x0000000452800000| Untracked |  0
|  90|0x0000000453000000, 0x0000000453000000, 0x0000000453800000|  0%| F|  |TAMS 0x0000000453000000| PB 0x0000000453000000| Untracked |  0
|  91|0x0000000453800000, 0x0000000453800000, 0x0000000454000000|  0%| F|  |TAMS 0x0000000453800000| PB 0x0000000453800000| Untracked |  0
|  92|0x0000000454000000, 0x0000000454000000, 0x0000000454800000|  0%| F|  |TAMS 0x0000000454000000| PB 0x0000000454000000| Untracked |  0
|  93|0x0000000454800000, 0x0000000454800000, 0x0000000455000000|  0%| F|  |TAMS 0x0000000454800000| PB 0x0000000454800000| Untracked |  0
|  94|0x0000000455000000, 0x0000000455000000, 0x0000000455800000|  0%| F|  |TAMS 0x0000000455000000| PB 0x0000000455000000| Untracked |  0
|  95|0x0000000455800000, 0x0000000455800000, 0x0000000456000000|  0%| F|  |TAMS 0x0000000455800000| PB 0x0000000455800000| Untracked |  0
|  96|0x0000000456000000, 0x0000000456000000, 0x0000000456800000|  0%| F|  |TAMS 0x0000000456000000| PB 0x0000000456000000| Untracked |  0
|  97|0x0000000456800000, 0x0000000456800000, 0x0000000457000000|  0%| F|  |TAMS 0x0000000456800000| PB 0x0000000456800000| Untracked |  0
|  98|0x0000000457000000, 0x0000000457000000, 0x0000000457800000|  0%| F|  |TAMS 0x0000000457000000| PB 0x0000000457000000| Untracked |  0
|  99|0x0000000457800000, 0x0000000457800000, 0x0000000458000000|  0%| F|  |TAMS 0x0000000457800000| PB 0x0000000457800000| Untracked |  0
| 100|0x0000000458000000, 0x0000000458000000, 0x0000000458800000|  0%| F|  |TAMS 0x0000000458000000| PB 0x0000000458000000| Untracked |  0
| 101|0x0000000458800000, 0x0000000458800000, 0x0000000459000000|  0%| F|  |TAMS 0x0000000458800000| PB 0x0000000458800000| Untracked |  0
| 102|0x0000000459000000, 0x0000000459000000, 0x0000000459800000|  0%| F|  |TAMS 0x0000000459000000| PB 0x0000000459000000| Untracked |  0
| 103|0x0000000459800000, 0x0000000459800000, 0x000000045a000000|  0%| F|  |TAMS 0x0000000459800000| PB 0x0000000459800000| Untracked |  0
| 104|0x000000045a000000, 0x000000045a000000, 0x000000045a800000|  0%| F|  |TAMS 0x000000045a000000| PB 0x000000045a000000| Untracked |  0
| 105|0x000000045a800000, 0x000000045a800000, 0x000000045b000000|  0%| F|  |TAMS 0x000000045a800000| PB 0x000000045a800000| Untracked |  0
| 106|0x000000045b000000, 0x000000045b000000, 0x000000045b800000|  0%| F|  |TAMS 0x000000045b000000| PB 0x000000045b000000| Untracked |  0
| 107|0x000000045b800000, 0x000000045b800000, 0x000000045c000000|  0%| F|  |TAMS 0x000000045b800000| PB 0x000000045b800000| Untracked |  0
| 108|0x000000045c000000, 0x000000045c000000, 0x000000045c800000|  0%| F|  |TAMS 0x000000045c000000| PB 0x000000045c000000| Untracked |  0
| 109|0x000000045c800000, 0x000000045c800000, 0x000000045d000000|  0%| F|  |TAMS 0x000000045c800000| PB 0x000000045c800000| Untracked |  0
| 110|0x000000045d000000, 0x000000045d000000, 0x000000045d800000|  0%| F|  |TAMS 0x000000045d000000| PB 0x000000045d000000| Untracked |  0
| 111|0x000000045d800000, 0x000000045d800000, 0x000000045e000000|  0%| F|  |TAMS 0x000000045d800000| PB 0x000000045d800000| Untracked |  0
| 112|0x000000045e000000, 0x000000045e000000, 0x000000045e800000|  0%| F|  |TAMS 0x000000045e000000| PB 0x000000045e000000| Untracked |  0
| 113|0x000000045e800000, 0x000000045e800000, 0x000000045f000000|  0%| F|  |TAMS 0x000000045e800000| PB 0x000000045e800000| Untracked |  0
| 114|0x000000045f000000, 0x000000045f000000, 0x000000045f800000|  0%| F|  |TAMS 0x000000045f000000| PB 0x000000045f000000| Untracked |  0
| 115|0x000000045f800000, 0x000000045f800000, 0x0000000460000000|  0%| F|  |TAMS 0x000000045f800000| PB 0x000000045f800000| Untracked |  0
| 116|0x0000000460000000, 0x0000000460000000, 0x0000000460800000|  0%| F|  |TAMS 0x0000000460000000| PB 0x0000000460000000| Untracked |  0
| 117|0x0000000460800000, 0x0000000460800000, 0x0000000461000000|  0%| F|  |TAMS 0x0000000460800000| PB 0x0000000460800000| Untracked |  0
| 118|0x0000000461000000, 0x0000000461000000, 0x0000000461800000|  0%| F|  |TAMS 0x0000000461000000| PB 0x0000000461000000| Untracked |  0
| 119|0x0000000461800000, 0x0000000461800000, 0x0000000462000000|  0%| F|  |TAMS 0x0000000461800000| PB 0x0000000461800000| Untracked |  0
| 120|0x0000000462000000, 0x0000000462000000, 0x0000000462800000|  0%| F|  |TAMS 0x0000000462000000| PB 0x0000000462000000| Untracked |  0
| 121|0x0000000462800000, 0x0000000462800000, 0x0000000463000000|  0%| F|  |TAMS 0x0000000462800000| PB 0x0000000462800000| Untracked |  0
| 122|0x0000000463000000, 0x00000004630f5d18, 0x0000000463800000| 12%| E|  |TAMS 0x0000000463000000| PB 0x0000000463000000| Complete |  0
| 123|0x0000000463800000, 0x0000000464000000, 0x0000000464000000|100%| E|CS|TAMS 0x0000000463800000| PB 0x0000000463800000| Complete |  0
|1971|0x00000007ff800000, 0x00000007ff91c288, 0x0000000800000000| 13%| O|  |TAMS 0x00000007ff800000| PB 0x00000007ff800000| Untracked |  0

Card table byte_map: [0x0000022941df0000,0x0000022943cc0000] _byte_map_base: 0x000002293fcc0000

Marking Bits: (CMBitMap*) 0x000002295337e1a0
 Bits: [0x0000022943cc0000, 0x0000022953340000)

Polling page: 0x0000022927780000

Metaspace:

Usage:
  Non-class:      3.20 MB used.
      Class:    212.26 KB used.
       Both:      3.41 MB used.

Virtual space:
  Non-class space:       64.00 MB reserved,       3.31 MB (  5%) committed,  1 nodes.
      Class space:        1.00 GB reserved,     256.00 KB ( <1%) committed,  1 nodes.
             Both:        1.06 GB reserved,       3.56 MB ( <1%) committed. 

Chunk freelists:
   Non-Class:  10.34 MB
       Class:  15.64 MB
        Both:  25.98 MB

MaxMetaspaceSize: unlimited
CompressedClassSpaceSize: 1.00 GB
Initial GC threshold: 21.00 MB
Current GC threshold: 21.00 MB
CDS: on
 - commit_granule_bytes: 65536.
 - commit_granule_words: 8192.
 - virtual_space_node_default_size: 8388608.
 - enlarge_chunks_in_place: 1.
UseCompressedClassPointers 1, UseCompactObjectHeaders 0
Narrow klass pointer bits 32, Max shift 3
Narrow klass base: 0x0000022956000000, Narrow klass shift: 0
Encoding Range: [0x0000022956000000 - 0x0000022a56000000), (4294967296 bytes)
Klass Range:    [0x0000022956000000 - 0x0000022997000000), (1090519040 bytes)
Klass ID Range:  [8 - 1090519033) (1090519025)


Internal statistics:

num_allocs_failed_limit: 0.
num_arena_births: 72.
num_arena_deaths: 0.
num_vsnodes_births: 2.
num_vsnodes_deaths: 0.
num_space_committed: 57.
num_space_uncommitted: 0.
num_chunks_returned_to_freelist: 0.
num_chunks_taken_from_freelist: 161.
num_chunk_merges: 0.
num_chunk_splits: 108.
num_chunks_enlarged: 67.
num_inconsistent_stats: 0.

CodeHeap 'non-profiled nmethods': size=120064Kb used=172Kb max_used=172Kb free=119891Kb
 bounds [0x0000022938480000, 0x00000229386f0000, 0x000002293f9c0000]
CodeHeap 'profiled nmethods': size=120000Kb used=814Kb max_used=814Kb free=119185Kb
 bounds [0x00000229309c0000, 0x0000022930c30000, 0x0000022937ef0000]
CodeHeap 'non-nmethods': size=5696Kb used=1575Kb max_used=1590Kb free=4120Kb
 bounds [0x0000022937ef0000, 0x0000022938160000, 0x0000022938480000]
CodeCache: size=245760Kb, used=2561Kb, max_used=2576Kb, free=243196Kb
 total_blobs=1208, nmethods=601, adapters=513, full_count=0
Compilation: enabled, stopped_count=0, restarted_count=0

Compilation events (20 events):
Event: 0.219 Thread 0x000002295351b760  593   !   3       java.nio.DirectIntBufferU::get (34 bytes)
Event: 0.220 Thread 0x0000022953504400  601       4       java.io.WinNTFileSystem::isSlash (18 bytes)
Event: 0.220 Thread 0x000002295351b760 nmethod 593 0x0000022930a88a08 code [0x0000022930a88bc0, 0x0000022930a895b0]
Event: 0.220 Thread 0x000002295351b760  597       3       java.util.regex.Pattern$$Lambda/0x800000034::is (13 bytes)
Event: 0.220 Thread 0x000002295351b760 nmethod 597 0x0000022930a89688 code [0x0000022930a897c0, 0x0000022930a89b58]
Event: 0.220 Thread 0x000002295351b760  598       3       java.util.regex.Pattern::lambda$union$0 (26 bytes)
Event: 0.220 Thread 0x0000022953504400 nmethod 601 0x00000229384aaf88 code [0x00000229384ab080, 0x00000229384ab108]
Event: 0.220 Thread 0x000002295351b760 nmethod 598 0x0000022930a89b88 code [0x0000022930a89cc0, 0x0000022930a89fc0]
Event: 0.220 Thread 0x000002295351b760  599       3       java.util.regex.CharPredicates$$Lambda/0x0000022957042448::is (5 bytes)
Event: 0.220 Thread 0x000002295351b760 nmethod 599 0x0000022930a8a008 code [0x0000022930a8a140, 0x0000022930a8a508]
Event: 0.220 Thread 0x000002295351b760  600       3       java.util.regex.CharPredicates::lambda$ASCII_WORD$0 (20 bytes)
Event: 0.220 Thread 0x000002295351b760 nmethod 600 0x0000022930a8a588 code [0x0000022930a8a6c0, 0x0000022930a8aa00]
Event: 0.220 Thread 0x000002295351b760  592       3       jdk.internal.jimage.ImageStringsReader::hashCode (33 bytes)
Event: 0.220 Thread 0x000002295351b760 nmethod 592 0x0000022930a8aa88 code [0x0000022930a8aba0, 0x0000022930a8ad08]
Event: 0.220 Thread 0x000002295351b760  594       3       java.nio.DirectIntBufferU::ix (10 bytes)
Event: 0.220 Thread 0x000002295351b760 nmethod 594 0x0000022930a8ad88 code [0x0000022930a8aea0, 0x0000022930a8afb8]
Event: 0.220 Thread 0x000002295351b760  595   !   3       jdk.internal.misc.ScopedMemoryAccess::getInt (16 bytes)
Event: 0.220 Thread 0x000002295351b760 nmethod 595 0x0000022930a8b088 code [0x0000022930a8b1e0, 0x0000022930a8b5c8]
Event: 0.220 Thread 0x000002295351b760  596   !   3       jdk.internal.misc.ScopedMemoryAccess::getIntInternal (34 bytes)
Event: 0.220 Thread 0x000002295351b760 nmethod 596 0x0000022930a8b608 code [0x0000022930a8b740, 0x0000022930a8b998]

GC Heap History (0 events):
No events

Dll operation events (8 events):
Event: 0.006 Loaded shared library C:\Users\conte.LANDENSPC\.jdks\openjdk-24.0.1\bin\java.dll
Event: 0.026 Loaded shared library C:\Users\conte.LANDENSPC\.jdks\openjdk-24.0.1\bin\jsvml.dll
Event: 0.041 Loaded shared library C:\Users\conte.LANDENSPC\.jdks\openjdk-24.0.1\bin\net.dll
Event: 0.042 Loaded shared library C:\Users\conte.LANDENSPC\.jdks\openjdk-24.0.1\bin\nio.dll
Event: 0.050 Loaded shared library C:\Users\conte.LANDENSPC\.jdks\openjdk-24.0.1\bin\zip.dll
Event: 0.090 Loaded shared library C:\Users\conte.LANDENSPC\.jdks\openjdk-24.0.1\bin\jimage.dll
Event: 0.111 Loaded shared library C:\Users\conte.LANDENSPC\AppData\Local\Temp\lwjgl_conte\3.3.3+5\x64\lwjgl.dll
Event: 0.219 Loaded shared library C:\Users\conte.LANDENSPC\AppData\Local\Temp\lwjgl_conte\3.3.3+5\x64\lwjgl_nuklear.dll

Deoptimization events (4 events):
Event: 0.140 Thread 0x0000022925d4f100 Uncommon trap: trap_request=0xffffff4d fr.pc=0x000002293848a7f4 relative=0x0000000000000074
Event: 0.140 Thread 0x0000022925d4f100 Uncommon trap: reason=unstable_if action=reinterpret pc=0x000002293848a7f4 method=jdk.internal.misc.Unsafe.convEndian(ZI)I @ 4 c2
Event: 0.140 Thread 0x0000022925d4f100 DEOPT PACKING pc=0x000002293848a7f4 sp=0x000000fdec7fc760
Event: 0.140 Thread 0x0000022925d4f100 DEOPT UNPACKING pc=0x0000022938016d02 sp=0x000000fdec7fc690 mode 2

Classes loaded (20 events):
Event: 0.160 Loading class java/util/stream/WhileOps$DropWhileOp done
Event: 0.160 Loading class java/util/stream/WhileOps$1Op done
Event: 0.160 Loading class java/util/stream/SliceOps
Event: 0.160 Loading class java/util/stream/SliceOps done
Event: 0.160 Loading class java/util/stream/SliceOps$1
Event: 0.160 Loading class java/util/stream/SliceOps$1 done
Event: 0.161 Loading class java/util/stream/SliceOps$1$1
Event: 0.161 Loading class java/util/stream/SliceOps$1$1 done
Event: 0.161 Loading class java/util/stream/WhileOps$1Op$1OpSink
Event: 0.161 Loading class java/util/stream/WhileOps$DropWhileSink
Event: 0.161 Loading class java/util/stream/WhileOps$DropWhileSink done
Event: 0.161 Loading class java/util/stream/WhileOps$1Op$1OpSink done
Event: 0.163 Loading class java/util/Formatter$FixedString
Event: 0.163 Loading class java/util/Formatter$FixedString done
Event: 0.164 Loading class java/lang/foreign/MemorySegment
Event: 0.164 Loading class java/lang/foreign/MemorySegment done
Event: 0.167 Loading class java/nio/InvalidMarkException
Event: 0.167 Loading class java/nio/InvalidMarkException done
Event: 0.168 Loading class java/nio/BufferUnderflowException
Event: 0.168 Loading class java/nio/BufferUnderflowException done

Classes unloaded (0 events):
No events

Classes redefined (0 events):
No events

Internal exceptions (20 events):
Event: 0.070 Thread 0x0000022925d4f100 Exception <a 'java/lang/NoSuchMethodError'{0x0000000463c08f38}: 'java.lang.Object java.lang.invoke.DirectMethodHandle$Holder.invokeStaticInit(java.lang.Object)'> (0x0000000463c08f38) 
thrown [s\open\src\hotspot\share\interpreter\linkResolver.cpp, line 805]
Event: 0.078 Thread 0x0000022925d4f100 Exception <a 'java/lang/NoSuchMethodError'{0x0000000463c82588}: 'void java.lang.invoke.DirectMethodHandle$Holder.invokeStatic(java.lang.Object, java.lang.Object)'> (0x0000000463c82588) 
thrown [s\open\src\hotspot\share\interpreter\linkResolver.cpp, line 805]
Event: 0.080 Thread 0x0000022925d4f100 Exception <a 'java/lang/NoSuchMethodError'{0x0000000463ca79b8}: 'void java.lang.System.load(java.lang.String, java.lang.Class)'> (0x0000000463ca79b8) 
thrown [s\open\src\hotspot\share\interpreter\linkResolver.cpp, line 805]
Event: 0.080 Thread 0x0000022925d4f100 Exception <a 'java/lang/NoSuchMethodError'{0x0000000463ca86c0}: 'void java.lang.invoke.DirectMethodHandle$Holder.invokeSpecial(java.lang.Object, java.lang.Object, java.lang.Object)'> (0x0000000463ca86c0) 
thrown [s\open\src\hotspot\share\interpreter\linkResolver.cpp, line 805]
Event: 0.083 Thread 0x0000022925d4f100 Exception <a 'java/lang/NoSuchMethodError'{0x0000000463cce088}: 'java.lang.Object java.lang.invoke.DirectMethodHandle$Holder.invokeStatic(java.lang.Object, java.lang.Object, int)'> (0x0000000463cce088) 
thrown [s\open\src\hotspot\share\interpreter\linkResolver.cpp, line 805]
Event: 0.084 Thread 0x0000022925d4f100 Exception <a 'java/lang/NoSuchMethodError'{0x0000000463ce9838}: 'void java.lang.invoke.DelegatingMethodHandle$Holder.delegate(java.lang.Object, java.lang.Object, int, java.lang.Object)'> (0x0000000463ce9838) 
thrown [s\open\src\hotspot\share\interpreter\linkResolver.cpp, line 805]
Event: 0.084 Thread 0x0000022925d4f100 Exception <a 'java/lang/NoSuchMethodError'{0x0000000463cf22a8}: 'int java.lang.invoke.DirectMethodHandle$Holder.invokeSpecial(java.lang.Object, java.lang.Object, java.lang.Object)'> (0x0000000463cf22a8) 
thrown [s\open\src\hotspot\share\interpreter\linkResolver.cpp, line 805]
Event: 0.089 Thread 0x0000022925d4f100 Exception <a 'java/lang/NoSuchMethodError'{0x0000000463d34d78}: 'void java.lang.System.loadLibrary(java.lang.String, java.lang.Class)'> (0x0000000463d34d78) 
thrown [s\open\src\hotspot\share\interpreter\linkResolver.cpp, line 805]
Event: 0.110 Thread 0x0000022925d4f100 Exception <a 'sun/nio/fs/WindowsException'{0x0000000463d72648}> (0x0000000463d72648) 
thrown [s\open\src\hotspot\share\prims\jni.cpp, line 518]
Event: 0.110 Thread 0x0000022925d4f100 Exception <a 'sun/nio/fs/WindowsException'{0x0000000463d72bf0}> (0x0000000463d72bf0) 
thrown [s\open\src\hotspot\share\prims\jni.cpp, line 518]
Event: 0.155 Thread 0x0000022925d4f100 Exception <a 'java/lang/NoSuchMethodError'{0x0000000463e1fed0}: 'int java.lang.invoke.DirectMethodHandle$Holder.invokeStaticInit(java.lang.Object, java.lang.Object, int, long)'> (0x0000000463e1fed0) 
thrown [s\open\src\hotspot\share\interpreter\linkResolver.cpp, line 805]
Event: 0.156 Thread 0x0000022925d4f100 Exception <a 'java/lang/NoSuchMethodError'{0x0000000463e2ef68}: 'java.lang.Object java.lang.invoke.DirectMethodHandle$Holder.newInvokeSpecial(java.lang.Object, java.lang.Object, int)'> (0x0000000463e2ef68) 
thrown [s\open\src\hotspot\share\interpreter\linkResolver.cpp, line 805]
Event: 0.165 Thread 0x0000022925d4f100 Exception <a 'java/lang/NoSuchMethodError'{0x0000000463e7d360}: 'int java.lang.invoke.DirectMethodHandle$Holder.invokeStaticInit(java.lang.Object, java.lang.Object, long, long)'> (0x0000000463e7d360) 
thrown [s\open\src\hotspot\share\interpreter\linkResolver.cpp, line 805]
Event: 0.166 Thread 0x0000022925d4f100 Exception <a 'java/lang/NoSuchMethodError'{0x0000000463e8c6f0}: 'java.lang.Object java.lang.invoke.DirectMethodHandle$Holder.newInvokeSpecial(java.lang.Object, java.lang.Object, long)'> (0x0000000463e8c6f0) 
thrown [s\open\src\hotspot\share\interpreter\linkResolver.cpp, line 805]
Event: 0.166 Thread 0x0000022925d4f100 Exception <a 'java/lang/NoSuchMethodError'{0x0000000463e95160}: 'java.lang.Object java.lang.invoke.Invokers$Holder.linkToTargetMethod(java.lang.Object, long, java.lang.Object)'> (0x0000000463e95160) 
thrown [s\open\src\hotspot\share\interpreter\linkResolver.cpp, line 805]
Event: 0.167 Thread 0x0000022925d4f100 Exception <a 'java/lang/NoSuchMethodError'{0x0000000463ea5748}: 'int java.lang.invoke.DirectMethodHandle$Holder.invokeStaticInit(java.lang.Object, java.lang.Object, java.lang.Object, long)'> (0x0000000463ea5748) 
thrown [s\open\src\hotspot\share\interpreter\linkResolver.cpp, line 805]
Event: 0.211 Thread 0x0000022925d4f100 Exception <a 'java/lang/NoSuchMethodError'{0x00000004630d0b10}: 'void java.lang.System.load(java.lang.String, java.lang.Class)'> (0x00000004630d0b10) 
thrown [s\open\src\hotspot\share\interpreter\linkResolver.cpp, line 805]
Event: 0.213 Thread 0x0000022925d4f100 Exception <a 'java/lang/NoSuchMethodError'{0x00000004630d89a0}: 'void java.lang.System.loadLibrary(java.lang.String, java.lang.Class)'> (0x00000004630d89a0) 
thrown [s\open\src\hotspot\share\interpreter\linkResolver.cpp, line 805]
Event: 0.217 Thread 0x0000022925d4f100 Exception <a 'sun/nio/fs/WindowsException'{0x00000004630eca48}> (0x00000004630eca48) 
thrown [s\open\src\hotspot\share\prims\jni.cpp, line 518]
Event: 0.217 Thread 0x0000022925d4f100 Exception <a 'sun/nio/fs/WindowsException'{0x00000004630ece18}> (0x00000004630ece18) 
thrown [s\open\src\hotspot\share\prims\jni.cpp, line 518]

VM Operations (2 events):
Event: 0.050 Executing VM operation: HandshakeAllThreads (Deoptimize)
Event: 0.051 Executing VM operation: HandshakeAllThreads (Deoptimize) done

Memory protections (0 events):
No events

Nmethod flushes (0 events):
No events

Events (11 events):
Event: 0.015 Thread 0x0000022925d4f100 Thread added: 0x0000022925d4f100
Event: 0.024 Thread 0x0000022925d4f100 Thread added: 0x00000229534f5cd0
Event: 0.024 Thread 0x0000022925d4f100 Thread added: 0x00000229534f6410
Event: 0.024 Thread 0x0000022925d4f100 Thread added: 0x00000229534f9890
Event: 0.024 Thread 0x0000022925d4f100 Thread added: 0x00000229534faac0
Event: 0.024 Thread 0x0000022925d4f100 Thread added: 0x00000229534fc250
Event: 0.024 Thread 0x0000022925d4f100 Thread added: 0x0000022953500b30
Event: 0.024 Thread 0x0000022925d4f100 Thread added: 0x0000022953504400
Event: 0.024 Thread 0x0000022925d4f100 Thread added: 0x000002295351b760
Event: 0.035 Thread 0x0000022925d4f100 Thread added: 0x0000022997177080
Event: 0.036 Thread 0x0000022925d4f100 Thread added: 0x0000022997181780


Dynamic libraries:
0x00007ff691f90000 - 0x00007ff691f9e000 	C:\Users\conte.LANDENSPC\.jdks\openjdk-24.0.1\bin\java.exe
0x00007ffb98500000 - 0x00007ffb98765000 	C:\WINDOWS\SYSTEM32\ntdll.dll
0x00007ffb65190000 - 0x00007ffb651b0000 	C:\Program Files\Norton\Suite\aswhook.dll
0x00007ffb972d0000 - 0x00007ffb97399000 	C:\WINDOWS\System32\KERNEL32.DLL
0x00007ffb957c0000 - 0x00007ffb95ba8000 	C:\WINDOWS\System32\KERNELBASE.dll
0x00007ffb95bb0000 - 0x00007ffb95cfb000 	C:\WINDOWS\System32\ucrtbase.dll
0x00007ffb857f0000 - 0x00007ffb8580b000 	C:\Users\conte.LANDENSPC\.jdks\openjdk-24.0.1\bin\VCRUNTIME140.dll
0x00007ffb90290000 - 0x00007ffb902a6000 	C:\Users\conte.LANDENSPC\.jdks\openjdk-24.0.1\bin\jli.dll
0x00007ffb963b0000 - 0x00007ffb9657a000 	C:\WINDOWS\System32\USER32.dll
0x00007ffb95650000 - 0x00007ffb95677000 	C:\WINDOWS\System32\win32u.dll
0x00007ffb82810000 - 0x00007ffb82aaa000 	C:\WINDOWS\WinSxS\amd64_microsoft.windows.common-controls_6595b64144ccf1df_6.0.26100.4202_none_3e0698d4e335f517\COMCTL32.dll
0x00007ffb973f0000 - 0x00007ffb9741b000 	C:\WINDOWS\System32\GDI32.dll
0x00007ffb95680000 - 0x00007ffb957b7000 	C:\WINDOWS\System32\gdi32full.dll
0x00007ffb97710000 - 0x00007ffb977b9000 	C:\WINDOWS\System32\msvcrt.dll
0x00007ffb95d00000 - 0x00007ffb95da3000 	C:\WINDOWS\System32\msvcp_win.dll
0x00007ffb973a0000 - 0x00007ffb973d0000 	C:\WINDOWS\System32\IMM32.DLL
0x00007ffb91660000 - 0x00007ffb9166c000 	C:\Users\conte.LANDENSPC\.jdks\openjdk-24.0.1\bin\vcruntime140_1.dll
0x00007ffb84da0000 - 0x00007ffb84e2e000 	C:\Users\conte.LANDENSPC\.jdks\openjdk-24.0.1\bin\msvcp140.dll
0x00007ffa91350000 - 0x00007ffa920f2000 	C:\Users\conte.LANDENSPC\.jdks\openjdk-24.0.1\bin\server\jvm.dll
0x00007ffb962f0000 - 0x00007ffb963a3000 	C:\WINDOWS\System32\ADVAPI32.dll
0x00007ffb97430000 - 0x00007ffb974d6000 	C:\WINDOWS\System32\sechost.dll
0x00007ffb97d10000 - 0x00007ffb97e25000 	C:\WINDOWS\System32\RPCRT4.dll
0x00007ffb98440000 - 0x00007ffb984b4000 	C:\WINDOWS\System32\WS2_32.dll
0x00007ffb94250000 - 0x00007ffb942ae000 	C:\WINDOWS\SYSTEM32\POWRPROF.dll
0x00007ffb8f990000 - 0x00007ffb8f99b000 	C:\WINDOWS\SYSTEM32\VERSION.dll
0x00007ffb8a1b0000 - 0x00007ffb8a1e5000 	C:\WINDOWS\SYSTEM32\WINMM.dll
0x00007ffb94230000 - 0x00007ffb94244000 	C:\WINDOWS\SYSTEM32\UMPDC.dll
0x00007ffb94510000 - 0x00007ffb9452b000 	C:\WINDOWS\SYSTEM32\kernel.appcore.dll
0x00007ffb88bf0000 - 0x00007ffb88bfa000 	C:\Users\conte.LANDENSPC\.jdks\openjdk-24.0.1\bin\jimage.dll
0x00007ffb92740000 - 0x00007ffb92981000 	C:\WINDOWS\SYSTEM32\DBGHELP.DLL
0x00007ffb980b0000 - 0x00007ffb98435000 	C:\WINDOWS\System32\combase.dll
0x00007ffb978d0000 - 0x00007ffb979b1000 	C:\WINDOWS\System32\OLEAUT32.dll
0x00007ffb7e020000 - 0x00007ffb7e059000 	C:\WINDOWS\SYSTEM32\dbgcore.DLL
0x00007ffb95db0000 - 0x00007ffb95e49000 	C:\WINDOWS\System32\bcryptPrimitives.dll
0x00007ffb856a0000 - 0x00007ffb856be000 	C:\Users\conte.LANDENSPC\.jdks\openjdk-24.0.1\bin\java.dll
0x00007ffb974e0000 - 0x00007ffb9767e000 	C:\WINDOWS\System32\ole32.dll
0x00007ffb96680000 - 0x00007ffb96dc2000 	C:\WINDOWS\System32\SHELL32.dll
0x00007ffb95fa0000 - 0x00007ffb96114000 	C:\WINDOWS\System32\wintypes.dll
0x00007ffb93290000 - 0x00007ffb93ae8000 	C:\WINDOWS\SYSTEM32\windows.storage.dll
0x00007ffb96580000 - 0x00007ffb96671000 	C:\WINDOWS\System32\SHCORE.dll
0x00007ffb97ef0000 - 0x00007ffb97f5a000 	C:\WINDOWS\System32\shlwapi.dll
0x00007ffb95560000 - 0x00007ffb9558f000 	C:\WINDOWS\SYSTEM32\profapi.dll
0x00007ffb7d360000 - 0x00007ffb7d437000 	C:\Users\conte.LANDENSPC\.jdks\openjdk-24.0.1\bin\jsvml.dll
0x00007ffb85690000 - 0x00007ffb856a0000 	C:\Users\conte.LANDENSPC\.jdks\openjdk-24.0.1\bin\net.dll
0x00007ffb94aa0000 - 0x00007ffb94b0a000 	C:\WINDOWS\system32\mswsock.dll
0x00007ffb85500000 - 0x00007ffb85516000 	C:\Users\conte.LANDENSPC\.jdks\openjdk-24.0.1\bin\nio.dll
0x00007ffb85520000 - 0x00007ffb85537000 	C:\Users\conte.LANDENSPC\.jdks\openjdk-24.0.1\bin\zip.dll
0x00007ffb71e50000 - 0x00007ffb71ecb000 	C:\Users\conte.LANDENSPC\AppData\Local\Temp\lwjgl_conte\3.3.3+5\x64\lwjgl.dll
0x00007ffb71dd0000 - 0x00007ffb71e43000 	C:\Users\conte.LANDENSPC\AppData\Local\Temp\lwjgl_conte\3.3.3+5\x64\lwjgl_nuklear.dll

JVMTI agents: none

dbghelp: loaded successfully - version: 4.0.5 - missing functions: none
symbol engine: initialized successfully - sym options: 0x614 - pdb path: .;C:\Users\conte.LANDENSPC\.jdks\openjdk-24.0.1\bin;C:\WINDOWS\SYSTEM32;C:\Program Files\Norton\Suite;C:\WINDOWS\WinSxS\amd64_microsoft.windows.common-controls_6595b64144ccf1df_6.0.26100.4202_none_3e0698d4e335f517;C:\Users\conte.LANDENSPC\.jdks\openjdk-24.0.1\bin\server;C:\Users\conte.LANDENSPC\AppData\Local\Temp\lwjgl_conte\3.3.3+5\x64

VM Arguments:
jvm_args: --enable-native-access=ALL-UNNAMED --enable-native-access=ALL-UNNAMED -Dfile.encoding=UTF-8 -Duser.country=US -Duser.language=en -Duser.variant 
java_command: org.Landen.main.Main
java_class_path (initial): D:\dev\games\nengine\build\classes\java\main;D:\dev\games\nengine\build\resources\main;C:\Users\conte.LANDENSPC\.gradle\caches\modules-2\files-2.1\org.lwjgl\lwjgl-glfw\3.3.3\efa1eb78c5ccd840e9f329717109b5e892d72f8e\lwjgl-glfw-3.3.3.jar;C:\Users\conte.LANDENSPC\.gradle\caches\modules-2\files-2.1\org.lwjgl\lwjgl-glfw\3.3.3\e449e28b4891fc423c54c85fbc5bb0b9efece67a\lwjgl-glfw-3.3.3-natives-windows.jar;C:\Users\conte.LANDENSPC\.gradle\caches\modules-2\files-2.1\org.lwjgl\lwjgl-opengl\3.3.3\2f6b0147078396a58979125a4c947664e98293a\lwjgl-opengl-3.3.3.jar;C:\Users\conte.LANDENSPC\.gradle\caches\modules-2\files-2.1\org.lwjgl\lwjgl-opengl\3.3.3\e6c1eec8be8a71951b830a4d69efc01c6531900c\lwjgl-opengl-3.3.3-natives-windows.jar;C:\Users\conte.LANDENSPC\.gradle\caches\modules-2\files-2.1\org.lwjgl\lwjgl-nuklear\3.3.3\d120a8ab01987e285f83f43f862bef728011d97d\lwjgl-nuklear-3.3.3.jar;C:\Users\conte.LANDENSPC\.gradle\caches\modules-2\files-2.1\org.lwjgl\lwjgl-nuklear\3.3.3\3132690c8cbbdd7c948eb233610151b6a6c62b9a\lwjgl-nuklear-3.3.3-natives-windows.jar;C:\Users\conte.LANDENSPC\.gradle\caches\modules-2\files-2.1\org.lwjgl\lwjgl-assimp\3.3.3\c2c34011cbda30ed8cf98bc5cbf97b49afe5279a\lwjgl-assimp-3.3.3.jar;C:\Users\conte.LANDENSPC\.gradle\caches\modules-2\files-2.1\org.lwjgl\lwjgl-assimp\3.3.3\d90ccdade594716062975cffd1431d387f770ac4\lwjgl-assimp-3.3.3-natives-windows.jar;C:\Users\conte.LANDENSPC\.gradle\caches\modules-2\files-2.1\org.lwjgl\lwjgl-stb\3.3.3\25dd6161988d7e65f71d5065c99902402ee32746\lwjgl-stb-3.3.3.jar;C:\Users\conte.LANDENSPC\.gradle\caches\modules-2\files-2.1\org.lwjgl\lwjgl-stb\3.3.3\1d9facdf6541de114b0f963be33505b7679c78cb\lwjgl-stb-3.3.3-natives-windows.jar;C:\Users\conte.LANDENSPC\.gradle\caches\modules-2\files-2.1\org.lwjgl\lwjgl\3.3.3\29589b5f87ed335a6c7e7ee6a5775f81f97ecb84\lwjgl-3.3.3.jar;C:\Users\conte.LANDENSPC\.gradle\caches\modules-2\files-2.1\org.lwjgl\lwjgl\3.3.3\a5ed18a2b82fc91b81f40d717cb1f64c9dcb0540\lwjgl-3.3.3-natives-windows.jar
Launcher Type: SUN_STANDARD

[Global flags]
     intx CICompilerCount                          = 4                                         {product} {ergonomic}
     uint ConcGCThreads                            = 3                                         {product} {ergonomic}
     uint G1ConcRefinementThreads                  = 10                                        {product} {ergonomic}
   size_t G1HeapRegionSize                         = 8388608                                   {product} {ergonomic}
   size_t InitialHeapSize                          = 1040187392                                {product} {ergonomic}
   size_t MarkStackSize                            = 4194304                                   {product} {ergonomic}
   size_t MarkStackSizeMax                         = 536870912                                 {product} {ergonomic}
   size_t MaxHeapSize                              = 16542334976                               {product} {ergonomic}
   size_t MaxNewSize                               = 9923723264                                {product} {ergonomic}
   size_t MinHeapDeltaBytes                        = 8388608                                   {product} {ergonomic}
   size_t MinHeapSize                              = 8388608                                   {product} {ergonomic}
    uintx NonNMethodCodeHeapSize                   = 5832704                                {pd product} {ergonomic}
    uintx NonProfiledCodeHeapSize                  = 122945536                              {pd product} {ergonomic}
    uintx ProfiledCodeHeapSize                     = 122880000                              {pd product} {ergonomic}
    uintx ReservedCodeCacheSize                    = 251658240                              {pd product} {ergonomic}
     bool SegmentedCodeCache                       = true                                      {product} {ergonomic}
   size_t SoftMaxHeapSize                          = 16542334976                            {manageable} {ergonomic}
     bool UseCompressedOops                        = true                           {product lp64_product} {ergonomic}
     bool UseG1GC                                  = true                                      {product} {ergonomic}
     bool UseLargePagesIndividualAllocation        = false                                  {pd product} {ergonomic}

Logging:
Log output configuration:
 #0: stdout all=warning uptime,level,tags foldmultilines=false
 #1: stderr all=off uptime,level,tags foldmultilines=false

Environment Variables:
PATH=C:\Program Files\Oculus\Support\oculus-runtime;C:\WINDOWS\system32;C:\WINDOWS;C:\WINDOWS\System32\Wbem;C:\WINDOWS\System32\WindowsPowerShell\v1.0\;C:\WINDOWS\System32\OpenSSH\;C:\Program Files\NVIDIA Corporation\NVIDIA App\NvDLISR;C:\Program Files (x86)\Windows Kits\10\Windows Performance Toolkit\;C:\Program Files\dotnet\;C:\Users\conte.LANDENSPC\AppData\Local\Microsoft\WindowsApps;C:\Users\conte.LANDENSPC\AppData\Local\Python\bin;C:\Users\conte.LANDENSPC\AppData\Local\Programs\Microsoft VS Code\bin
USERNAME=conte
OS=Windows_NT
PROCESSOR_IDENTIFIER=AMD64 Family 25 Model 120 Stepping 0, AuthenticAMD
TMP=C:\Users\CONTE~1.LAN\AppData\Local\Temp
TEMP=C:\Users\CONTE~1.LAN\AppData\Local\Temp




Periodic native trim disabled

---------------  S Y S T E M  ---------------

OS:
 Windows 11 , 64 bit Build 26100 (10.0.26100.4202)
OS uptime: 1 days 17:49 hours
Hyper-V role detected

CPU: total 12 (initial active 12) (12 cores per cpu, 2 threads per core) family 25 model 120 stepping 0 microcode 0xa708007, cx8, cmov, fxsr, ht, mmx, 3dnowpref, sse, sse2, sse3, ssse3, sse4a, sse4.1, sse4.2, popcnt, lzcnt, tsc, tscinvbit, avx, avx2, aes, erms, clmul, bmi1, bmi2, adx, avx512f, avx512dq, avx512cd, avx512bw, avx512vl, sha, fma, vzeroupper, avx512_vpopcntdq, avx512_vpclmulqdq, avx512_vaes, avx512_vnni, clflush, clflushopt, avx512_vbmi2, avx512_vbmi, hv, rdtscp, rdpid, fsrm, gfni, avx512_bitalg, f16c, cet_ss, avx512_ifma
Processor Information for the first 12 processors :
  Max Mhz: 3551, Current Mhz: 3551, Mhz Limit: 3551

Memory: 4k page, system-wide physical 63085M (44226M free)
TotalPageFile size 67053M (AvailPageFile size 44181M)
current process WorkingSet (physical memory assigned to process): 61M, peak: 61M
current process commit charge ("private bytes"): 1116M, peak: 1118M

vm_info: OpenJDK 64-Bit Server VM (24.0.1+9-30) for windows-amd64 JRE (24.0.1+9-30), built on 2025-03-05T07:23:45Z with MS VC++ 17.6 (VS2022)

END.
