#
# A fatal error has been detected by the Java Runtime Environment:
#
#  EXCEPTION_ACCESS_VIOLATION (0xc0000005) at pc=0x0000000000000000, pid=25456, tid=14948
#
# JRE version: OpenJDK Runtime Environment (24.0.1+9) (build 24.0.1+9-30)
# Java VM: OpenJDK 64-Bit Server VM (24.0.1+9-30, mixed mode, sharing, tiered, compressed oops, compressed class ptrs, g1 gc, windows-amd64)
# Problematic frame:
# C  [lwjgl_nuklear.dll+0x2dad2]
#
# No core dump will be written. Minidumps are not enabled by default on client versions of Windows
#
# If you would like to submit a bug report, please visit:
#   https://bugreport.java.com/bugreport/crash.jsp
# The crash happened outside the Java Virtual Machine in native code.
# See problematic frame for where to report the bug.
#

---------------  S U M M A R Y ------------

Command Line: --enable-native-access=ALL-UNNAMED --enable-native-access=ALL-UNNAMED -Dfile.encoding=UTF-8 -Duser.country=US -Duser.language=en -Duser.variant org.Landen.main.Main

Host: AMD Ryzen 5 8500G w/ Radeon 740M Graphics      , 12 cores, 61G,  Windows 11 , 64 bit Build 26100 (10.0.26100.4202)
Time: Fri Jul  4 13:39:07 2025 Eastern Daylight Time elapsed time: 0.644123 seconds (0d 0h 0m 0s)

---------------  T H R E A D  ---------------

Current thread (0x00000201571857f0):  JavaThread "game"             [_thread_in_native, id=14948, stack(0x000000187fc00000,0x000000187fd00000) (1024K)]

Stack: [0x000000187fc00000,0x000000187fd00000],  sp=0x000000187fcff3d0,  free space=1020k
Native frames: (J=compiled Java code, j=interpreted, Vv=VM code, C=native code)

Java frames: (J=compiled Java code, j=interpreted, Vv=VM code)
j  org.lwjgl.nuklear.Nuklear.nnk_init(JJJ)Z+0
j  org.lwjgl.nuklear.Nuklear.nk_init(Lorg/lwjgl/nuklear/NkContext;Lorg/lwjgl/nuklear/NkAllocator;Lorg/lwjgl/nuklear/NkUserFont;)Z+12
j  org.Landen.main.ui.Gui.<init>()V+37
j  org.Landen.main.Main.init()V+89
j  org.Landen.main.Main.run()V+1
j  java.lang.Thread.runWith(Ljava/lang/Object;Ljava/lang/Runnable;)V+5 java.base@24.0.1
j  java.lang.Thread.run()V+19 java.base@24.0.1
v  ~StubRoutines::call_stub 0x0000020177c50fcd

siginfo: EXCEPTION_ACCESS_VIOLATION (0xc0000005), data execution prevention violation at address 0x0000000000000000


Registers:
RAX=0x0000000000000000, RBX=0x0000020182f0a350, RCX=0x0000000000000000, RDX=0x0000000000000000
RSP=0x000000187fcff3c8, RBP=0x000000187fcff498, RSI=0x0000020182f03ae0, RDI=0x0000020182f0c680
R8 =0x0000000000001000, R9 =0x401709d120000000, R10=0x00007ffb71e50000, R11=0x00007ffb71e8c537
R12=0x0000000000000000, R13=0x00000201586f2b48, R14=0x000000187fcff4e0, R15=0x00000201571857f0
RIP=0x0000000000000000, EFLAGS=0x0000000000010246

XMM[0]=0x0000000000000000 0x0000000000000000
XMM[1]=0x8000000000000000 0x8000000000000000
XMM[2]=0x0000000000000000 0x0000000000000000
XMM[3]=0x8000000000000000 0x8000000000000000
XMM[4]=0x0000000000000000 0x0000000000000000
XMM[5]=0x0000000000000000 0x401709d120000000
XMM[6]=0x0000000000000000 0x459176a550a84614
XMM[7]=0x0000000000000000 0xb76c25747845117f
XMM[8]=0x0000000000000000 0x0b3c73a1e1caaeca
XMM[9]=0x0000000000000000 0x483b58ad081b993f
XMM[10]=0x0000000000000000 0x00000000bfe04092
XMM[11]=0x0000000000000000 0xae5eba6db67a53ac
XMM[12]=0x0000000000000000 0x00000000081b993f
XMM[13]=0x0000000000000000 0x0000000000000000
XMM[14]=0x0000000000000000 0x0000000000000000
XMM[15]=0x0000000000000000 0x0000000000000000
  MXCSR=0x00001fa0


Register to memory mapping:

RAX=0x0 is null
RBX=0x0000020182f0a350 points into unknown readable memory: 0x0000000000000000 | 00 00 00 00 00 00 00 00
RCX=0x0 is null
RDX=0x0 is null
RSP=0x000000187fcff3c8 is pointing into the stack for thread: 0x00000201571857f0
RBP=0x000000187fcff498 is pointing into the stack for thread: 0x00000201571857f0
RSI=0x0000020182f03ae0 points into unknown readable memory: 0x0000000000000000 | 00 00 00 00 00 00 00 00
RDI=0x0000020182f0c680 points into unknown readable memory: 0x0000000000000000 | 00 00 00 00 00 00 00 00
R8 =0x0000000000001000 is an unknown value
R9 =0x401709d120000000 is an unknown value
R10=0x00007ffb71e50000 lwjgl_nuklear.dll
R11=0x00007ffb71e8c537 lwjgl_nuklear.dll
R12=0x0 is null
R13={method} {0x00000201586f2b50} 'nnk_init' '(JJJ)Z' in 'org/lwjgl/nuklear/Nuklear'
R14=0x000000187fcff4e0 is pointing into the stack for thread: 0x00000201571857f0
R15=0x00000201571857f0 is a thread

Top of Stack: (sp=0x000000187fcff3c8)
0x000000187fcff3c8:   00007ffb71e7dad2 0000020182f0a350   ...q....P.......
0x000000187fcff3d8:   0000020182f0a350 0000020158199640   P.......@..X....
0x000000187fcff3e8:   00007ffa91763081 0000020182f03ae0   .0v......:......
0x000000187fcff3f8:   0000020177c5cf40 0000020158199640   @..w....@..X....
0x000000187fcff408:   00000201586f2b48 0000020158199640   H+oX....@..X....
0x000000187fcff418:   0000020177c5cc5e 000002016171d1b0   ^..w......qa....
0x000000187fcff428:   0000020182f03ae0 0000000000000000   .:..............
0x000000187fcff438:   000000187fcff450 0000020158199640   P.......@..X....
0x000000187fcff448:   0000020177c5cc1b fffffffffffffff7   ...w............
0x000000187fcff458:   00000201586f2b48 0000000000000009   H+oX............
0x000000187fcff468:   000002015874bd88 0000000000000000   ..tX............
0x000000187fcff478:   000000046352acf8 00000201586f2b48   ..Rc....H+oX....
0x000000187fcff488:   0000000000000000 000000187fcff4b8   ................
0x000000187fcff498:   000000187fcff530 0000020177c58948   0.......H..w....
0x000000187fcff4a8:   000000046352acf8 0000020177c5a420   ..Rc.... ..w....
0x000000187fcff4b8:   000002016171d1b0 0000000000000000   ..qa............
0x000000187fcff4c8:   0000020182f03ae0 0000000000000000   .:..............
0x000000187fcff4d8:   0000020182f0a350 0000000000000000   P...............
0x000000187fcff4e8:   fffffffffffffff7 00000201586f2bf4   .........+oX....
0x000000187fcff4f8:   0000000000000004 000002015874bd88   ..........tX....
0x000000187fcff508:   0000000000000000 000000046352acf8   ..........Rc....
0x000000187fcff518:   00000201586f2c38 fffffffffffffff1   8,oX............
0x000000187fcff528:   000000187fcff540 000000187fcff5a0   @...............
0x000000187fcff538:   0000020177c58948 00000004634fda48   H..w....H.Oc....
0x000000187fcff548:   00000004634fdae8 00000004634f6888   ..Oc.....hOc....
0x000000187fcff558:   fffffffffffffff7 0000020158605f65   ........e_`X....
0x000000187fcff568:   0000000000000002 0000020158606910   .........i`X....
0x000000187fcff578:   0000000000000000 000000046336d880   ..........6c....
0x000000187fcff588:   0000020158605fa0 fffffffffffffff4   ._`X............
0x000000187fcff598:   000000187fcff5b0 000000187fcff610   ................
0x000000187fcff5a8:   0000020177c58800 000000046336d9b8   ...w......6c....
0x000000187fcff5b8:   000000046336d9b8 0000000463848488   ..6c.......c....

Instructions: (pc=0x00007ffb71e7dad2)
  0x00007ffb71e7d9d2:   57 c0 0f 11 00 0f 11 40 10 0f 11 40 20 0f 11 40
  0x00007ffb71e7d9e2:   30 0f 11 40 40 0f 11 40 50 0f 11 40 60 44 89 40
  0x00007ffb71e7d9f2:   38 48 89 78 40 48 89 48 48 48 89 48 70 44 89 83
  0x00007ffb71e7da02:   54 45 00 00 b0 01 48 8b 5c 24 30 48 83 c4 20 5f
  0x00007ffb71e7da12:   c3 cc cc cc cc cc cc cc cc cc cc cc cc cc 48 89
  0x00007ffb71e7da22:   5c 24 10 56 48 83 ec 20 49 8b f1 49 8b d8 4d 85
  0x00007ffb71e7da32:   c9 75 0d 32 c0 48 8b 5c 24 38 48 83 c4 20 5e c3
  0x00007ffb71e7da42:   48 89 7c 24 30 48 85 db 74 41 33 d2 41 b8 d0 45
  0x00007ffb71e7da52:   00 00 48 8b cb e8 44 e9 00 00 33 d2 48 8b cb e8
  0x00007ffb71e7da62:   6a 60 fe ff 48 8b 44 24 50 c7 83 cc 45 00 00 01
  0x00007ffb71e7da72:   00 00 00 48 85 c0 74 07 48 89 83 70 01 00 00 48
  0x00007ffb71e7da82:   8d 8b 08 2f 00 00 e8 b3 79 fd ff 48 8d bb 30 23
  0x00007ffb71e7da92:   00 00 48 85 ff 74 65 0f 57 c0 33 c0 0f 11 07 33
  0x00007ffb71e7daa2:   d2 41 b8 00 10 00 00 0f 11 47 10 0f 11 47 20 0f
  0x00007ffb71e7dab2:   11 47 30 0f 11 47 40 0f 11 47 50 0f 11 47 60 48
  0x00007ffb71e7dac2:   89 47 70 c7 47 38 01 00 00 00 48 8b 0e ff 56 08
=>0x00007ffb71e7dad2:   48 89 47 40 48 c7 47 48 00 10 00 00 48 c7 47 70
  0x00007ffb71e7dae2:   00 10 00 00 c7 47 50 00 00 00 40 0f 10 06 0f 11
  0x00007ffb71e7daf2:   47 20 f2 0f 10 4e 10 f2 0f 11 4f 30 48 8b 7c 24
  0x00007ffb71e7db02:   30 0f 57 c0 0f 11 83 58 45 00 00 33 c0 0f 11 83
  0x00007ffb71e7db12:   68 45 00 00 0f 11 83 78 45 00 00 0f 11 83 88 45
  0x00007ffb71e7db22:   00 00 48 89 83 98 45 00 00 0f 10 06 0f 11 83 58
  0x00007ffb71e7db32:   45 00 00 f2 0f 10 4e 10 48 89 83 78 45 00 00 b0
  0x00007ffb71e7db42:   01 f2 0f 11 8b 68 45 00 00 c7 83 88 45 00 00 10
  0x00007ffb71e7db52:   00 00 00 c7 83 70 45 00 00 01 00 00 00 c7 83 54
  0x00007ffb71e7db62:   45 00 00 01 00 00 00 48 8b 5c 24 38 48 83 c4 20
  0x00007ffb71e7db72:   5e c3 cc cc cc cc cc cc cc cc cc cc cc cc 48 89
  0x00007ffb71e7db82:   5c 24 08 48 89 74 24 10 57 48 83 ec 20 49 8b f1
  0x00007ffb71e7db92:   49 8b d8 4d 85 c9 0f 84 a8 01 00 00 48 8b 7c 24
  0x00007ffb71e7dba2:   50 48 85 ff 0f 84 9a 01 00 00 48 85 db 74 41 33
  0x00007ffb71e7dbb2:   d2 41 b8 d0 45 00 00 48 8b cb e8 df e7 00 00 33
  0x00007ffb71e7dbc2:   d2 48 8b cb e8 05 5f fe ff 48 8b 44 24 58 c7 83


Stack slot to memory mapping:

stack at sp + 0 slots: 0x0000020182f0a350 points into unknown readable memory: 0x0000000000000000 | 00 00 00 00 00 00 00 00
stack at sp + 1 slots: 0x0000020182f0a350 points into unknown readable memory: 0x0000000000000000 | 00 00 00 00 00 00 00 00
stack at sp + 2 slots: 0x0000020158199640 is pointing into metadata
stack at sp + 3 slots: 0x00007ffa91763081 jvm.dll
stack at sp + 4 slots: 0x0000020182f03ae0 points into unknown readable memory: 0x0000000000000000 | 00 00 00 00 00 00 00 00
stack at sp + 5 slots: 0x0000020177c5cf40 is at code_begin+992 in an Interpreter codelet
native method entry point (kind = native)  [0x0000020177c5cb60, 0x0000020177c5d6a0]  2880 bytes
stack at sp + 6 slots: 0x0000020158199640 is pointing into metadata
stack at sp + 7 slots: {method} {0x00000201586f2b50} 'nnk_init' '(JJJ)Z' in 'org/lwjgl/nuklear/Nuklear'

Lock stack of current Java thread (top to bottom):


---------------  P R O C E S S  ---------------

Threads class SMR info:
_java_thread_list=0x000002016162f5d0, length=12, elements={
0x000002017fe284b0, 0x000002017fe28bf0, 0x000002017fe2bc80, 0x000002017fe2cac0,
0x000002017fe31e70, 0x000002017fe37280, 0x000002017fe42f70, 0x000002017fe4f8a0,
0x000002015717c780, 0x0000020157182280, 0x00000201571857f0, 0x0000020165a51ea0
}

Java Threads: ( => current thread )
  0x000002017fe284b0 JavaThread "Reference Handler"          daemon [_thread_blocked, id=2884, stack(0x000000187f200000,0x000000187f300000) (1024K)]
  0x000002017fe28bf0 JavaThread "Finalizer"                  daemon [_thread_blocked, id=20592, stack(0x000000187f300000,0x000000187f400000) (1024K)]
  0x000002017fe2bc80 JavaThread "Signal Dispatcher"          daemon [_thread_blocked, id=2576, stack(0x000000187f400000,0x000000187f500000) (1024K)]
  0x000002017fe2cac0 JavaThread "Attach Listener"            daemon [_thread_blocked, id=16124, stack(0x000000187f500000,0x000000187f600000) (1024K)]
  0x000002017fe31e70 JavaThread "Service Thread"             daemon [_thread_blocked, id=3748, stack(0x000000187f600000,0x000000187f700000) (1024K)]
  0x000002017fe37280 JavaThread "Monitor Deflation Thread"   daemon [_thread_blocked, id=16932, stack(0x000000187f700000,0x000000187f800000) (1024K)]
  0x000002017fe42f70 JavaThread "C2 CompilerThread0"         daemon [_thread_blocked, id=3864, stack(0x000000187f800000,0x000000187f900000) (1024K)]
  0x000002017fe4f8a0 JavaThread "C1 CompilerThread0"         daemon [_thread_blocked, id=17620, stack(0x000000187f900000,0x000000187fa00000) (1024K)]
  0x000002015717c780 JavaThread "Notification Thread"        daemon [_thread_blocked, id=6388, stack(0x000000187fa00000,0x000000187fb00000) (1024K)]
  0x0000020157182280 JavaThread "Common-Cleaner"             daemon [_thread_blocked, id=21520, stack(0x000000187fb00000,0x000000187fc00000) (1024K)]
=>0x00000201571857f0 JavaThread "game"                              [_thread_in_native, id=14948, stack(0x000000187fc00000,0x000000187fd00000) (1024K)]
  0x0000020165a51ea0 JavaThread "DestroyJavaVM"                     [_thread_blocked, id=23840, stack(0x000000187ea00000,0x000000187eb00000) (1024K)]
Total: 12

Other Threads:
  0x000002017fe18470 VMThread "VM Thread"                           [id=28444, stack(0x000000187f100000,0x000000187f200000) (1024K)]
  0x000002017fd65d30 WatcherThread "VM Periodic Task Thread"        [id=17412, stack(0x000000187f000000,0x000000187f100000) (1024K)]
  0x0000020167f26e30 WorkerThread "GC Thread#0"                     [id=11400, stack(0x000000187eb00000,0x000000187ec00000) (1024K)]
  0x000002017fcada90 ConcurrentGCThread "G1 Main Marker"            [id=26984, stack(0x000000187ec00000,0x000000187ed00000) (1024K)]
  0x000002017fcae9f0 WorkerThread "G1 Conc#0"                       [id=27464, stack(0x000000187ed00000,0x000000187ee00000) (1024K)]
  0x000002017fd57a00 ConcurrentGCThread "G1 Refine#0"               [id=15812, stack(0x000000187ee00000,0x000000187ef00000) (1024K)]
  0x000002017fd57f30 ConcurrentGCThread "G1 Service"                [id=22920, stack(0x000000187ef00000,0x000000187f000000) (1024K)]
Total: 7

Threads with active compile tasks:
Total: 0

VM state: not at safepoint (normal execution)

VM Mutex/Monitor currently owned by a thread: None

Heap address: 0x0000000426000000, size: 15776 MB, Compressed Oops mode: Zero based, Oop shift amount: 3

CDS archive(s) mapped at: [0x0000020116000000-0x0000020116d40000-0x0000020116d40000), size 13893632, SharedBaseAddress: 0x0000020116000000, ArchiveRelocationMode: 1.
Compressed class space mapped at: 0x0000020117000000-0x0000020157000000, reserved size: 1073741824
UseCompressedClassPointers 1, UseCompactObjectHeaders 0
Narrow klass pointer bits 32, Max shift 3
Narrow klass base: 0x0000020116000000, Narrow klass shift: 0
Encoding Range: [0x0000020116000000 - 0x0000020216000000), (4294967296 bytes)
Klass Range:    [0x0000020116000000 - 0x0000020157000000), (1090519040 bytes)
Klass ID Range:  [8 - 1090519033) (1090519025)

GC Precious Log:
 CardTable entry size: 512
 Card Set container configuration: InlinePtr #cards 4 size 8 Array Of Cards #cards 64 size 144 Howl #buckets 8 coarsen threshold 14745 Howl Bitmap #cards 2048 size 272 coarsen threshold 1843 Card regions per heap region 1 cards per card region 16384
 CPUs: 12 total, 12 available
 Memory: 63085M
 Large Page Support: Disabled
 NUMA Support: Disabled
 Compressed Oops: Enabled (Zero based)
 Heap Region Size: 8M
 Heap Min Capacity: 8M
 Heap Initial Capacity: 992M
 Heap Max Capacity: 15776M
 Pre-touch: Disabled
 Parallel Workers: 10
 Concurrent Workers: 3
 Concurrent Refinement Workers: 10
 Periodic GC: Disabled

Heap:
 garbage-first heap   total reserved 16154624K, committed 1024000K, used 9328K [0x0000000426000000, 0x0000000800000000)
  region size 8192K, 2 young (16384K), 0 survivors (0K)
 Metaspace       used 5489K, committed 5696K, reserved 1114112K
  class space    used 270K, committed 384K, reserved 1048576K

Heap Regions: E=young(eden), S=young(survivor), O=old, HS=humongous(starts), HC=humongous(continues), CS=collection set, F=free, TAMS=top-at-mark-start, PB=parsable bottom
|   0|0x0000000426000000, 0x0000000426000000, 0x0000000426800000|  0%| F|  |TAMS 0x0000000426000000| PB 0x0000000426000000| Untracked |  0
|   1|0x0000000426800000, 0x0000000426800000, 0x0000000427000000|  0%| F|  |TAMS 0x0000000426800000| PB 0x0000000426800000| Untracked |  0
|   2|0x0000000427000000, 0x0000000427000000, 0x0000000427800000|  0%| F|  |TAMS 0x0000000427000000| PB 0x0000000427000000| Untracked |  0
|   3|0x0000000427800000, 0x0000000427800000, 0x0000000428000000|  0%| F|  |TAMS 0x0000000427800000| PB 0x0000000427800000| Untracked |  0
|   4|0x0000000428000000, 0x0000000428000000, 0x0000000428800000|  0%| F|  |TAMS 0x0000000428000000| PB 0x0000000428000000| Untracked |  0
|   5|0x0000000428800000, 0x0000000428800000, 0x0000000429000000|  0%| F|  |TAMS 0x0000000428800000| PB 0x0000000428800000| Untracked |  0
|   6|0x0000000429000000, 0x0000000429000000, 0x0000000429800000|  0%| F|  |TAMS 0x0000000429000000| PB 0x0000000429000000| Untracked |  0
|   7|0x0000000429800000, 0x0000000429800000, 0x000000042a000000|  0%| F|  |TAMS 0x0000000429800000| PB 0x0000000429800000| Untracked |  0
|   8|0x000000042a000000, 0x000000042a000000, 0x000000042a800000|  0%| F|  |TAMS 0x000000042a000000| PB 0x000000042a000000| Untracked |  0
|   9|0x000000042a800000, 0x000000042a800000, 0x000000042b000000|  0%| F|  |TAMS 0x000000042a800000| PB 0x000000042a800000| Untracked |  0
|  10|0x000000042b000000, 0x000000042b000000, 0x000000042b800000|  0%| F|  |TAMS 0x000000042b000000| PB 0x000000042b000000| Untracked |  0
|  11|0x000000042b800000, 0x000000042b800000, 0x000000042c000000|  0%| F|  |TAMS 0x000000042b800000| PB 0x000000042b800000| Untracked |  0
|  12|0x000000042c000000, 0x000000042c000000, 0x000000042c800000|  0%| F|  |TAMS 0x000000042c000000| PB 0x000000042c000000| Untracked |  0
|  13|0x000000042c800000, 0x000000042c800000, 0x000000042d000000|  0%| F|  |TAMS 0x000000042c800000| PB 0x000000042c800000| Untracked |  0
|  14|0x000000042d000000, 0x000000042d000000, 0x000000042d800000|  0%| F|  |TAMS 0x000000042d000000| PB 0x000000042d000000| Untracked |  0
|  15|0x000000042d800000, 0x000000042d800000, 0x000000042e000000|  0%| F|  |TAMS 0x000000042d800000| PB 0x000000042d800000| Untracked |  0
|  16|0x000000042e000000, 0x000000042e000000, 0x000000042e800000|  0%| F|  |TAMS 0x000000042e000000| PB 0x000000042e000000| Untracked |  0
|  17|0x000000042e800000, 0x000000042e800000, 0x000000042f000000|  0%| F|  |TAMS 0x000000042e800000| PB 0x000000042e800000| Untracked |  0
|  18|0x000000042f000000, 0x000000042f000000, 0x000000042f800000|  0%| F|  |TAMS 0x000000042f000000| PB 0x000000042f000000| Untracked |  0
|  19|0x000000042f800000, 0x000000042f800000, 0x0000000430000000|  0%| F|  |TAMS 0x000000042f800000| PB 0x000000042f800000| Untracked |  0
|  20|0x0000000430000000, 0x0000000430000000, 0x0000000430800000|  0%| F|  |TAMS 0x0000000430000000| PB 0x0000000430000000| Untracked |  0
|  21|0x0000000430800000, 0x0000000430800000, 0x0000000431000000|  0%| F|  |TAMS 0x0000000430800000| PB 0x0000000430800000| Untracked |  0
|  22|0x0000000431000000, 0x0000000431000000, 0x0000000431800000|  0%| F|  |TAMS 0x0000000431000000| PB 0x0000000431000000| Untracked |  0
|  23|0x0000000431800000, 0x0000000431800000, 0x0000000432000000|  0%| F|  |TAMS 0x0000000431800000| PB 0x0000000431800000| Untracked |  0
|  24|0x0000000432000000, 0x0000000432000000, 0x0000000432800000|  0%| F|  |TAMS 0x0000000432000000| PB 0x0000000432000000| Untracked |  0
|  25|0x0000000432800000, 0x0000000432800000, 0x0000000433000000|  0%| F|  |TAMS 0x0000000432800000| PB 0x0000000432800000| Untracked |  0
|  26|0x0000000433000000, 0x0000000433000000, 0x0000000433800000|  0%| F|  |TAMS 0x0000000433000000| PB 0x0000000433000000| Untracked |  0
|  27|0x0000000433800000, 0x0000000433800000, 0x0000000434000000|  0%| F|  |TAMS 0x0000000433800000| PB 0x0000000433800000| Untracked |  0
|  28|0x0000000434000000, 0x0000000434000000, 0x0000000434800000|  0%| F|  |TAMS 0x0000000434000000| PB 0x0000000434000000| Untracked |  0
|  29|0x0000000434800000, 0x0000000434800000, 0x0000000435000000|  0%| F|  |TAMS 0x0000000434800000| PB 0x0000000434800000| Untracked |  0
|  30|0x0000000435000000, 0x0000000435000000, 0x0000000435800000|  0%| F|  |TAMS 0x0000000435000000| PB 0x0000000435000000| Untracked |  0
|  31|0x0000000435800000, 0x0000000435800000, 0x0000000436000000|  0%| F|  |TAMS 0x0000000435800000| PB 0x0000000435800000| Untracked |  0
|  32|0x0000000436000000, 0x0000000436000000, 0x0000000436800000|  0%| F|  |TAMS 0x0000000436000000| PB 0x0000000436000000| Untracked |  0
|  33|0x0000000436800000, 0x0000000436800000, 0x0000000437000000|  0%| F|  |TAMS 0x0000000436800000| PB 0x0000000436800000| Untracked |  0
|  34|0x0000000437000000, 0x0000000437000000, 0x0000000437800000|  0%| F|  |TAMS 0x0000000437000000| PB 0x0000000437000000| Untracked |  0
|  35|0x0000000437800000, 0x0000000437800000, 0x0000000438000000|  0%| F|  |TAMS 0x0000000437800000| PB 0x0000000437800000| Untracked |  0
|  36|0x0000000438000000, 0x0000000438000000, 0x0000000438800000|  0%| F|  |TAMS 0x0000000438000000| PB 0x0000000438000000| Untracked |  0
|  37|0x0000000438800000, 0x0000000438800000, 0x0000000439000000|  0%| F|  |TAMS 0x0000000438800000| PB 0x0000000438800000| Untracked |  0
|  38|0x0000000439000000, 0x0000000439000000, 0x0000000439800000|  0%| F|  |TAMS 0x0000000439000000| PB 0x0000000439000000| Untracked |  0
|  39|0x0000000439800000, 0x0000000439800000, 0x000000043a000000|  0%| F|  |TAMS 0x0000000439800000| PB 0x0000000439800000| Untracked |  0
|  40|0x000000043a000000, 0x000000043a000000, 0x000000043a800000|  0%| F|  |TAMS 0x000000043a000000| PB 0x000000043a000000| Untracked |  0
|  41|0x000000043a800000, 0x000000043a800000, 0x000000043b000000|  0%| F|  |TAMS 0x000000043a800000| PB 0x000000043a800000| Untracked |  0
|  42|0x000000043b000000, 0x000000043b000000, 0x000000043b800000|  0%| F|  |TAMS 0x000000043b000000| PB 0x000000043b000000| Untracked |  0
|  43|0x000000043b800000, 0x000000043b800000, 0x000000043c000000|  0%| F|  |TAMS 0x000000043b800000| PB 0x000000043b800000| Untracked |  0
|  44|0x000000043c000000, 0x000000043c000000, 0x000000043c800000|  0%| F|  |TAMS 0x000000043c000000| PB 0x000000043c000000| Untracked |  0
|  45|0x000000043c800000, 0x000000043c800000, 0x000000043d000000|  0%| F|  |TAMS 0x000000043c800000| PB 0x000000043c800000| Untracked |  0
|  46|0x000000043d000000, 0x000000043d000000, 0x000000043d800000|  0%| F|  |TAMS 0x000000043d000000| PB 0x000000043d000000| Untracked |  0
|  47|0x000000043d800000, 0x000000043d800000, 0x000000043e000000|  0%| F|  |TAMS 0x000000043d800000| PB 0x000000043d800000| Untracked |  0
|  48|0x000000043e000000, 0x000000043e000000, 0x000000043e800000|  0%| F|  |TAMS 0x000000043e000000| PB 0x000000043e000000| Untracked |  0
|  49|0x000000043e800000, 0x000000043e800000, 0x000000043f000000|  0%| F|  |TAMS 0x000000043e800000| PB 0x000000043e800000| Untracked |  0
|  50|0x000000043f000000, 0x000000043f000000, 0x000000043f800000|  0%| F|  |TAMS 0x000000043f000000| PB 0x000000043f000000| Untracked |  0
|  51|0x000000043f800000, 0x000000043f800000, 0x0000000440000000|  0%| F|  |TAMS 0x000000043f800000| PB 0x000000043f800000| Untracked |  0
|  52|0x0000000440000000, 0x0000000440000000, 0x0000000440800000|  0%| F|  |TAMS 0x0000000440000000| PB 0x0000000440000000| Untracked |  0
|  53|0x0000000440800000, 0x0000000440800000, 0x0000000441000000|  0%| F|  |TAMS 0x0000000440800000| PB 0x0000000440800000| Untracked |  0
|  54|0x0000000441000000, 0x0000000441000000, 0x0000000441800000|  0%| F|  |TAMS 0x0000000441000000| PB 0x0000000441000000| Untracked |  0
|  55|0x0000000441800000, 0x0000000441800000, 0x0000000442000000|  0%| F|  |TAMS 0x0000000441800000| PB 0x0000000441800000| Untracked |  0
|  56|0x0000000442000000, 0x0000000442000000, 0x0000000442800000|  0%| F|  |TAMS 0x0000000442000000| PB 0x0000000442000000| Untracked |  0
|  57|0x0000000442800000, 0x0000000442800000, 0x0000000443000000|  0%| F|  |TAMS 0x0000000442800000| PB 0x0000000442800000| Untracked |  0
|  58|0x0000000443000000, 0x0000000443000000, 0x0000000443800000|  0%| F|  |TAMS 0x0000000443000000| PB 0x0000000443000000| Untracked |  0
|  59|0x0000000443800000, 0x0000000443800000, 0x0000000444000000|  0%| F|  |TAMS 0x0000000443800000| PB 0x0000000443800000| Untracked |  0
|  60|0x0000000444000000, 0x0000000444000000, 0x0000000444800000|  0%| F|  |TAMS 0x0000000444000000| PB 0x0000000444000000| Untracked |  0
|  61|0x0000000444800000, 0x0000000444800000, 0x0000000445000000|  0%| F|  |TAMS 0x0000000444800000| PB 0x0000000444800000| Untracked |  0
|  62|0x0000000445000000, 0x0000000445000000, 0x0000000445800000|  0%| F|  |TAMS 0x0000000445000000| PB 0x0000000445000000| Untracked |  0
|  63|0x0000000445800000, 0x0000000445800000, 0x0000000446000000|  0%| F|  |TAMS 0x0000000445800000| PB 0x0000000445800000| Untracked |  0
|  64|0x0000000446000000, 0x0000000446000000, 0x0000000446800000|  0%| F|  |TAMS 0x0000000446000000| PB 0x0000000446000000| Untracked |  0
|  65|0x0000000446800000, 0x0000000446800000, 0x0000000447000000|  0%| F|  |TAMS 0x0000000446800000| PB 0x0000000446800000| Untracked |  0
|  66|0x0000000447000000, 0x0000000447000000, 0x0000000447800000|  0%| F|  |TAMS 0x0000000447000000| PB 0x0000000447000000| Untracked |  0
|  67|0x0000000447800000, 0x0000000447800000, 0x0000000448000000|  0%| F|  |TAMS 0x0000000447800000| PB 0x0000000447800000| Untracked |  0
|  68|0x0000000448000000, 0x0000000448000000, 0x0000000448800000|  0%| F|  |TAMS 0x0000000448000000| PB 0x0000000448000000| Untracked |  0
|  69|0x0000000448800000, 0x0000000448800000, 0x0000000449000000|  0%| F|  |TAMS 0x0000000448800000| PB 0x0000000448800000| Untracked |  0
|  70|0x0000000449000000, 0x0000000449000000, 0x0000000449800000|  0%| F|  |TAMS 0x0000000449000000| PB 0x0000000449000000| Untracked |  0
|  71|0x0000000449800000, 0x0000000449800000, 0x000000044a000000|  0%| F|  |TAMS 0x0000000449800000| PB 0x0000000449800000| Untracked |  0
|  72|0x000000044a000000, 0x000000044a000000, 0x000000044a800000|  0%| F|  |TAMS 0x000000044a000000| PB 0x000000044a000000| Untracked |  0
|  73|0x000000044a800000, 0x000000044a800000, 0x000000044b000000|  0%| F|  |TAMS 0x000000044a800000| PB 0x000000044a800000| Untracked |  0
|  74|0x000000044b000000, 0x000000044b000000, 0x000000044b800000|  0%| F|  |TAMS 0x000000044b000000| PB 0x000000044b000000| Untracked |  0
|  75|0x000000044b800000, 0x000000044b800000, 0x000000044c000000|  0%| F|  |TAMS 0x000000044b800000| PB 0x000000044b800000| Untracked |  0
|  76|0x000000044c000000, 0x000000044c000000, 0x000000044c800000|  0%| F|  |TAMS 0x000000044c000000| PB 0x000000044c000000| Untracked |  0
|  77|0x000000044c800000, 0x000000044c800000, 0x000000044d000000|  0%| F|  |TAMS 0x000000044c800000| PB 0x000000044c800000| Untracked |  0
|  78|0x000000044d000000, 0x000000044d000000, 0x000000044d800000|  0%| F|  |TAMS 0x000000044d000000| PB 0x000000044d000000| Untracked |  0
|  79|0x000000044d800000, 0x000000044d800000, 0x000000044e000000|  0%| F|  |TAMS 0x000000044d800000| PB 0x000000044d800000| Untracked |  0
|  80|0x000000044e000000, 0x000000044e000000, 0x000000044e800000|  0%| F|  |TAMS 0x000000044e000000| PB 0x000000044e000000| Untracked |  0
|  81|0x000000044e800000, 0x000000044e800000, 0x000000044f000000|  0%| F|  |TAMS 0x000000044e800000| PB 0x000000044e800000| Untracked |  0
|  82|0x000000044f000000, 0x000000044f000000, 0x000000044f800000|  0%| F|  |TAMS 0x000000044f000000| PB 0x000000044f000000| Untracked |  0
|  83|0x000000044f800000, 0x000000044f800000, 0x0000000450000000|  0%| F|  |TAMS 0x000000044f800000| PB 0x000000044f800000| Untracked |  0
|  84|0x0000000450000000, 0x0000000450000000, 0x0000000450800000|  0%| F|  |TAMS 0x0000000450000000| PB 0x0000000450000000| Untracked |  0
|  85|0x0000000450800000, 0x0000000450800000, 0x0000000451000000|  0%| F|  |TAMS 0x0000000450800000| PB 0x0000000450800000| Untracked |  0
|  86|0x0000000451000000, 0x0000000451000000, 0x0000000451800000|  0%| F|  |TAMS 0x0000000451000000| PB 0x0000000451000000| Untracked |  0
|  87|0x0000000451800000, 0x0000000451800000, 0x0000000452000000|  0%| F|  |TAMS 0x0000000451800000| PB 0x0000000451800000| Untracked |  0
|  88|0x0000000452000000, 0x0000000452000000, 0x0000000452800000|  0%| F|  |TAMS 0x0000000452000000| PB 0x0000000452000000| Untracked |  0
|  89|0x0000000452800000, 0x0000000452800000, 0x0000000453000000|  0%| F|  |TAMS 0x0000000452800000| PB 0x0000000452800000| Untracked |  0
|  90|0x0000000453000000, 0x0000000453000000, 0x0000000453800000|  0%| F|  |TAMS 0x0000000453000000| PB 0x0000000453000000| Untracked |  0
|  91|0x0000000453800000, 0x0000000453800000, 0x0000000454000000|  0%| F|  |TAMS 0x0000000453800000| PB 0x0000000453800000| Untracked |  0
|  92|0x0000000454000000, 0x0000000454000000, 0x0000000454800000|  0%| F|  |TAMS 0x0000000454000000| PB 0x0000000454000000| Untracked |  0
|  93|0x0000000454800000, 0x0000000454800000, 0x0000000455000000|  0%| F|  |TAMS 0x0000000454800000| PB 0x0000000454800000| Untracked |  0
|  94|0x0000000455000000, 0x0000000455000000, 0x0000000455800000|  0%| F|  |TAMS 0x0000000455000000| PB 0x0000000455000000| Untracked |  0
|  95|0x0000000455800000, 0x0000000455800000, 0x0000000456000000|  0%| F|  |TAMS 0x0000000455800000| PB 0x0000000455800000| Untracked |  0
|  96|0x0000000456000000, 0x0000000456000000, 0x0000000456800000|  0%| F|  |TAMS 0x0000000456000000| PB 0x0000000456000000| Untracked |  0
|  97|0x0000000456800000, 0x0000000456800000, 0x0000000457000000|  0%| F|  |TAMS 0x0000000456800000| PB 0x0000000456800000| Untracked |  0
|  98|0x0000000457000000, 0x0000000457000000, 0x0000000457800000|  0%| F|  |TAMS 0x0000000457000000| PB 0x0000000457000000| Untracked |  0
|  99|0x0000000457800000, 0x0000000457800000, 0x0000000458000000|  0%| F|  |TAMS 0x0000000457800000| PB 0x0000000457800000| Untracked |  0
| 100|0x0000000458000000, 0x0000000458000000, 0x0000000458800000|  0%| F|  |TAMS 0x0000000458000000| PB 0x0000000458000000| Untracked |  0
| 101|0x0000000458800000, 0x0000000458800000, 0x0000000459000000|  0%| F|  |TAMS 0x0000000458800000| PB 0x0000000458800000| Untracked |  0
| 102|0x0000000459000000, 0x0000000459000000, 0x0000000459800000|  0%| F|  |TAMS 0x0000000459000000| PB 0x0000000459000000| Untracked |  0
| 103|0x0000000459800000, 0x0000000459800000, 0x000000045a000000|  0%| F|  |TAMS 0x0000000459800000| PB 0x0000000459800000| Untracked |  0
| 104|0x000000045a000000, 0x000000045a000000, 0x000000045a800000|  0%| F|  |TAMS 0x000000045a000000| PB 0x000000045a000000| Untracked |  0
| 105|0x000000045a800000, 0x000000045a800000, 0x000000045b000000|  0%| F|  |TAMS 0x000000045a800000| PB 0x000000045a800000| Untracked |  0
| 106|0x000000045b000000, 0x000000045b000000, 0x000000045b800000|  0%| F|  |TAMS 0x000000045b000000| PB 0x000000045b000000| Untracked |  0
| 107|0x000000045b800000, 0x000000045b800000, 0x000000045c000000|  0%| F|  |TAMS 0x000000045b800000| PB 0x000000045b800000| Untracked |  0
| 108|0x000000045c000000, 0x000000045c000000, 0x000000045c800000|  0%| F|  |TAMS 0x000000045c000000| PB 0x000000045c000000| Untracked |  0
| 109|0x000000045c800000, 0x000000045c800000, 0x000000045d000000|  0%| F|  |TAMS 0x000000045c800000| PB 0x000000045c800000| Untracked |  0
| 110|0x000000045d000000, 0x000000045d000000, 0x000000045d800000|  0%| F|  |TAMS 0x000000045d000000| PB 0x000000045d000000| Untracked |  0
| 111|0x000000045d800000, 0x000000045d800000, 0x000000045e000000|  0%| F|  |TAMS 0x000000045d800000| PB 0x000000045d800000| Untracked |  0
| 112|0x000000045e000000, 0x000000045e000000, 0x000000045e800000|  0%| F|  |TAMS 0x000000045e000000| PB 0x000000045e000000| Untracked |  0
| 113|0x000000045e800000, 0x000000045e800000, 0x000000045f000000|  0%| F|  |TAMS 0x000000045e800000| PB 0x000000045e800000| Untracked |  0
| 114|0x000000045f000000, 0x000000045f000000, 0x000000045f800000|  0%| F|  |TAMS 0x000000045f000000| PB 0x000000045f000000| Untracked |  0
| 115|0x000000045f800000, 0x000000045f800000, 0x0000000460000000|  0%| F|  |TAMS 0x000000045f800000| PB 0x000000045f800000| Untracked |  0
| 116|0x0000000460000000, 0x0000000460000000, 0x0000000460800000|  0%| F|  |TAMS 0x0000000460000000| PB 0x0000000460000000| Untracked |  0
| 117|0x0000000460800000, 0x0000000460800000, 0x0000000461000000|  0%| F|  |TAMS 0x0000000460800000| PB 0x0000000460800000| Untracked |  0
| 118|0x0000000461000000, 0x0000000461000000, 0x0000000461800000|  0%| F|  |TAMS 0x0000000461000000| PB 0x0000000461000000| Untracked |  0
| 119|0x0000000461800000, 0x0000000461800000, 0x0000000462000000|  0%| F|  |TAMS 0x0000000461800000| PB 0x0000000461800000| Untracked |  0
| 120|0x0000000462000000, 0x0000000462000000, 0x0000000462800000|  0%| F|  |TAMS 0x0000000462000000| PB 0x0000000462000000| Untracked |  0
| 121|0x0000000462800000, 0x0000000462800000, 0x0000000463000000|  0%| F|  |TAMS 0x0000000462800000| PB 0x0000000462800000| Untracked |  0
| 122|0x0000000463000000, 0x000000046367e040, 0x0000000463800000| 81%| E|  |TAMS 0x0000000463000000| PB 0x0000000463000000| Complete |  0
| 123|0x0000000463800000, 0x0000000464000000, 0x0000000464000000|100%| E|CS|TAMS 0x0000000463800000| PB 0x0000000463800000| Complete |  0
|1971|0x00000007ff800000, 0x00000007ff91c288, 0x0000000800000000| 13%| O|  |TAMS 0x00000007ff800000| PB 0x00000007ff800000| Untracked |  0

Card table byte_map: [0x0000020101ed0000,0x0000020103da0000] _byte_map_base: 0x00000200ffda0000

Marking Bits: (CMBitMap*) 0x0000020167f27540
 Bits: [0x0000020103da0000, 0x0000020113420000)

Polling page: 0x0000020165c90000

Metaspace:

Usage:
  Non-class:      5.10 MB used.
      Class:    270.93 KB used.
       Both:      5.36 MB used.

Virtual space:
  Non-class space:       64.00 MB reserved,       5.19 MB (  8%) committed,  1 nodes.
      Class space:        1.00 GB reserved,     384.00 KB ( <1%) committed,  1 nodes.
             Both:        1.06 GB reserved,       5.56 MB ( <1%) committed. 

Chunk freelists:
   Non-Class:  8.69 MB
       Class:  15.59 MB
        Both:  24.29 MB

MaxMetaspaceSize: unlimited
CompressedClassSpaceSize: 1.00 GB
Initial GC threshold: 21.00 MB
Current GC threshold: 21.00 MB
CDS: on
 - commit_granule_bytes: 65536.
 - commit_granule_words: 8192.
 - virtual_space_node_default_size: 8388608.
 - enlarge_chunks_in_place: 1.
UseCompressedClassPointers 1, UseCompactObjectHeaders 0
Narrow klass pointer bits 32, Max shift 3
Narrow klass base: 0x0000020116000000, Narrow klass shift: 0
Encoding Range: [0x0000020116000000 - 0x0000020216000000), (4294967296 bytes)
Klass Range:    [0x0000020116000000 - 0x0000020157000000), (1090519040 bytes)
Klass ID Range:  [8 - 1090519033) (1090519025)


Internal statistics:

num_allocs_failed_limit: 0.
num_arena_births: 74.
num_arena_deaths: 0.
num_vsnodes_births: 2.
num_vsnodes_deaths: 0.
num_space_committed: 88.
num_space_uncommitted: 0.
num_chunks_returned_to_freelist: 0.
num_chunks_taken_from_freelist: 221.
num_chunk_merges: 0.
num_chunk_splits: 156.
num_chunks_enlarged: 112.
num_inconsistent_stats: 0.

CodeHeap 'non-profiled nmethods': size=120064Kb used=215Kb max_used=215Kb free=119848Kb
 bounds [0x00000201781e0000, 0x0000020178450000, 0x000002017f720000]
CodeHeap 'profiled nmethods': size=120000Kb used=1136Kb max_used=1136Kb free=118864Kb
 bounds [0x0000020170720000, 0x0000020170990000, 0x0000020177c50000]
CodeHeap 'non-nmethods': size=5696Kb used=2284Kb max_used=2298Kb free=3411Kb
 bounds [0x0000020177c50000, 0x0000020177ec0000, 0x00000201781e0000]
CodeCache: size=245760Kb, used=3635Kb, max_used=3649Kb, free=242123Kb
 total_blobs=1977, nmethods=798, adapters=1085, full_count=0
Compilation: enabled, stopped_count=0, restarted_count=0

Compilation events (20 events):
Event: 0.620 Thread 0x000002017fe4f8a0 nmethod 790 0x0000020170838108 code [0x0000020170838220, 0x00000201708383c8]
Event: 0.620 Thread 0x000002017fe4f8a0  791       3       sun.nio.ch.FileChannelImpl::ensureOpen (16 bytes)
Event: 0.621 Thread 0x000002017fe4f8a0 nmethod 791 0x0000020170838408 code [0x0000020170838540, 0x0000020170838820]
Event: 0.621 Thread 0x000002017fe4f8a0  792       3       java.nio.ByteBuffer::flip (7 bytes)
Event: 0.621 Thread 0x000002017fe4f8a0 nmethod 792 0x0000020170838888 code [0x00000201708389a0, 0x0000020170838b20]
Event: 0.621 Thread 0x000002017fe4f8a0  793       3       java.nio.Buffer::flip (20 bytes)
Event: 0.621 Thread 0x000002017fe4f8a0 nmethod 793 0x0000020170838b88 code [0x0000020170838ca0, 0x0000020170838dc0]
Event: 0.621 Thread 0x000002017fe4f8a0  794   !   3       sun.nio.ch.NativeThreadSet::add (177 bytes)
Event: 0.621 Thread 0x000002017fe4f8a0 nmethod 794 0x0000020170838e88 code [0x0000020170838fc0, 0x0000020170839518]
Event: 0.621 Thread 0x000002017fe4f8a0  795       3       sun.nio.ch.NativeThread::current (15 bytes)
Event: 0.621 Thread 0x000002017fe4f8a0 nmethod 795 0x0000020170839588 code [0x00000201708396a0, 0x00000201708399c0]
Event: 0.621 Thread 0x000002017fe4f8a0  796   !   3       sun.nio.ch.NativeThreadSet::remove (132 bytes)
Event: 0.621 Thread 0x000002017fe4f8a0 nmethod 796 0x0000020170839a08 code [0x0000020170839b40, 0x000002017083a080]
Event: 0.621 Thread 0x000002017fe4f8a0  797   !   3       java.nio.ByteBuffer::putBuffer (142 bytes)
Event: 0.621 Thread 0x000002017fe42f70 nmethod 784 0x0000020178215508 code [0x0000020178215620, 0x0000020178215948]
Event: 0.621 Thread 0x000002017fe42f70  785       4       java.lang.CharacterDataLatin1::toLowerCase (44 bytes)
Event: 0.622 Thread 0x000002017fe4f8a0 nmethod 797 0x000002017083a108 code [0x000002017083a340, 0x000002017083b330]
Event: 0.622 Thread 0x000002017fe42f70 nmethod 785 0x0000020178215988 code [0x0000020178215a80, 0x0000020178215b30]
Event: 0.623 Thread 0x000002017fe4f8a0  798       3       java.nio.ByteBuffer::put (124 bytes)
Event: 0.624 Thread 0x000002017fe4f8a0 nmethod 798 0x000002017083b388 code [0x000002017083b540, 0x000002017083bfa8]

GC Heap History (0 events):
No events

Dll operation events (9 events):
Event: 0.007 Loaded shared library C:\Users\conte.LANDENSPC\.jdks\openjdk-24.0.1\bin\java.dll
Event: 0.025 Loaded shared library C:\Users\conte.LANDENSPC\.jdks\openjdk-24.0.1\bin\jsvml.dll
Event: 0.039 Loaded shared library C:\Users\conte.LANDENSPC\.jdks\openjdk-24.0.1\bin\net.dll
Event: 0.041 Loaded shared library C:\Users\conte.LANDENSPC\.jdks\openjdk-24.0.1\bin\nio.dll
Event: 0.049 Loaded shared library C:\Users\conte.LANDENSPC\.jdks\openjdk-24.0.1\bin\zip.dll
Event: 0.061 Loaded shared library C:\Users\conte.LANDENSPC\.jdks\openjdk-24.0.1\bin\jimage.dll
Event: 0.101 Loaded shared library C:\Users\conte.LANDENSPC\AppData\Local\Temp\lwjgl_conte\3.3.3+5\x64\lwjgl.dll
Event: 0.318 Loaded shared library C:\Users\conte.LANDENSPC\AppData\Local\Temp\lwjgl_conte\3.3.3+5\x64\lwjgl_opengl.dll
Event: 0.622 Loaded shared library C:\Users\conte.LANDENSPC\AppData\Local\Temp\lwjgl_conte\3.3.3+5\x64\lwjgl_nuklear.dll

Deoptimization events (10 events):
Event: 0.124 Thread 0x00000201571857f0 Uncommon trap: trap_request=0xffffff4d fr.pc=0x00000201781eacf4 relative=0x0000000000000074
Event: 0.124 Thread 0x00000201571857f0 Uncommon trap: reason=unstable_if action=reinterpret pc=0x00000201781eacf4 method=jdk.internal.misc.Unsafe.convEndian(ZI)I @ 4 c2
Event: 0.124 Thread 0x00000201571857f0 DEOPT PACKING pc=0x00000201781eacf4 sp=0x000000187fcfd560
Event: 0.124 Thread 0x00000201571857f0 DEOPT UNPACKING pc=0x0000020177d78582 sp=0x000000187fcfd490 mode 2
Event: 0.601 Thread 0x00000201571857f0 DEOPT PACKING pc=0x0000020170742379 sp=0x000000187fcfd490
Event: 0.601 Thread 0x00000201571857f0 DEOPT UNPACKING pc=0x0000020177ca6642 sp=0x000000187fcfc8e0 mode 0
Event: 0.617 Thread 0x00000201571857f0 Uncommon trap: trap_request=0xffffff6e fr.pc=0x0000020178215340 relative=0x0000000000000420
Event: 0.617 Thread 0x00000201571857f0 Uncommon trap: reason=loop_limit_check action=maybe_recompile pc=0x0000020178215340 method=java.lang.StringLatin1.indexOf([BI[BII)I @ 37 c2
Event: 0.617 Thread 0x00000201571857f0 DEOPT PACKING pc=0x0000020178215340 sp=0x000000187fcfe470
Event: 0.617 Thread 0x00000201571857f0 DEOPT UNPACKING pc=0x0000020177d78582 sp=0x000000187fcfe3d0 mode 2

Classes loaded (20 events):
Event: 0.182 Loading class java/util/concurrent/RejectedExecutionHandler done
Event: 0.182 Loading class java/util/concurrent/ThreadPoolExecutor$AbortPolicy done
Event: 0.182 Loading class java/util/concurrent/ScheduledThreadPoolExecutor$DelayedWorkQueue
Event: 0.182 Loading class java/util/concurrent/BlockingQueue
Event: 0.182 Loading class java/util/concurrent/BlockingQueue done
Event: 0.182 Loading class java/util/AbstractQueue
Event: 0.182 Loading class java/util/AbstractQueue done
Event: 0.182 Loading class java/util/concurrent/ScheduledThreadPoolExecutor$DelayedWorkQueue done
Event: 0.182 Loading class java/util/concurrent/RunnableScheduledFuture
Event: 0.182 Loading class java/util/concurrent/ScheduledFuture
Event: 0.182 Loading class java/util/concurrent/Delayed
Event: 0.182 Loading class java/util/concurrent/Delayed done
Event: 0.182 Loading class java/util/concurrent/ScheduledFuture done
Event: 0.182 Loading class java/util/concurrent/RunnableScheduledFuture done
Event: 0.182 Loading class java/util/concurrent/locks/AbstractQueuedSynchronizer$ConditionObject
Event: 0.182 Loading class java/util/concurrent/locks/Condition
Event: 0.182 Loading class java/util/concurrent/locks/Condition done
Event: 0.182 Loading class java/util/concurrent/locks/AbstractQueuedSynchronizer$ConditionObject done
Event: 0.182 Loading class java/util/concurrent/Executors$DefaultThreadFactory
Event: 0.182 Loading class java/util/concurrent/Executors$DefaultThreadFactory done

Classes unloaded (0 events):
No events

Classes redefined (0 events):
No events

Internal exceptions (20 events):
Event: 0.100 Thread 0x00000201571857f0 Exception <a 'sun/nio/fs/WindowsException'{0x0000000463f33ff0}> (0x0000000463f33ff0) 
thrown [s\open\src\hotspot\share\prims\jni.cpp, line 518]
Event: 0.100 Thread 0x00000201571857f0 Exception <a 'sun/nio/fs/WindowsException'{0x0000000463f34598}> (0x0000000463f34598) 
thrown [s\open\src\hotspot\share\prims\jni.cpp, line 518]
Event: 0.136 Thread 0x00000201571857f0 Exception <a 'sun/nio/fs/WindowsException'{0x0000000463fc2da8}> (0x0000000463fc2da8) 
thrown [s\open\src\hotspot\share\prims\jni.cpp, line 518]
Event: 0.136 Thread 0x00000201571857f0 Exception <a 'sun/nio/fs/WindowsException'{0x0000000463fc3130}> (0x0000000463fc3130) 
thrown [s\open\src\hotspot\share\prims\jni.cpp, line 518]
Event: 0.142 Thread 0x00000201571857f0 Exception <a 'java/lang/NoSuchMethodError'{0x000000046301ca80}: 'int java.lang.invoke.DirectMethodHandle$Holder.invokeStaticInit(java.lang.Object, java.lang.Object, int, long)'> (0x000000046301ca80) 
thrown [s\open\src\hotspot\share\interpreter\linkResolver.cpp, line 805]
Event: 0.142 Thread 0x00000201571857f0 Exception <a 'java/lang/NoSuchMethodError'{0x000000046302bb18}: 'java.lang.Object java.lang.invoke.DirectMethodHandle$Holder.newInvokeSpecial(java.lang.Object, java.lang.Object, int)'> (0x000000046302bb18) 
thrown [s\open\src\hotspot\share\interpreter\linkResolver.cpp, line 805]
Event: 0.149 Thread 0x00000201571857f0 Exception <a 'java/lang/NoSuchMethodError'{0x000000046307a0a0}: 'int java.lang.invoke.DirectMethodHandle$Holder.invokeStaticInit(java.lang.Object, java.lang.Object, long, long)'> (0x000000046307a0a0) 
thrown [s\open\src\hotspot\share\interpreter\linkResolver.cpp, line 805]
Event: 0.150 Thread 0x00000201571857f0 Exception <a 'java/lang/NoSuchMethodError'{0x0000000463089430}: 'java.lang.Object java.lang.invoke.DirectMethodHandle$Holder.newInvokeSpecial(java.lang.Object, java.lang.Object, long)'> (0x0000000463089430) 
thrown [s\open\src\hotspot\share\interpreter\linkResolver.cpp, line 805]
Event: 0.150 Thread 0x00000201571857f0 Exception <a 'java/lang/NoSuchMethodError'{0x0000000463092150}: 'java.lang.Object java.lang.invoke.Invokers$Holder.linkToTargetMethod(java.lang.Object, long, java.lang.Object)'> (0x0000000463092150) 
thrown [s\open\src\hotspot\share\interpreter\linkResolver.cpp, line 805]
Event: 0.151 Thread 0x00000201571857f0 Exception <a 'java/lang/NoSuchMethodError'{0x00000004630a2738}: 'int java.lang.invoke.DirectMethodHandle$Holder.invokeStaticInit(java.lang.Object, java.lang.Object, java.lang.Object, long)'> (0x00000004630a2738) 
thrown [s\open\src\hotspot\share\interpreter\linkResolver.cpp, line 805]
Event: 0.314 Thread 0x00000201571857f0 Exception <a 'java/lang/NoSuchMethodError'{0x0000000463166210}: 'void java.lang.System.load(java.lang.String, java.lang.Class)'> (0x0000000463166210) 
thrown [s\open\src\hotspot\share\interpreter\linkResolver.cpp, line 805]
Event: 0.314 Thread 0x00000201571857f0 Exception <a 'java/lang/NoSuchMethodError'{0x000000046316e060}: 'void java.lang.System.loadLibrary(java.lang.String, java.lang.Class)'> (0x000000046316e060) 
thrown [s\open\src\hotspot\share\interpreter\linkResolver.cpp, line 805]
Event: 0.317 Thread 0x00000201571857f0 Exception <a 'sun/nio/fs/WindowsException'{0x0000000463181f40}> (0x0000000463181f40) 
thrown [s\open\src\hotspot\share\prims\jni.cpp, line 518]
Event: 0.317 Thread 0x00000201571857f0 Exception <a 'sun/nio/fs/WindowsException'{0x0000000463182300}> (0x0000000463182300) 
thrown [s\open\src\hotspot\share\prims\jni.cpp, line 518]
Event: 0.320 Thread 0x00000201571857f0 Exception <a 'sun/nio/fs/WindowsException'{0x000000046318a418}> (0x000000046318a418) 
thrown [s\open\src\hotspot\share\prims\jni.cpp, line 518]
Event: 0.320 Thread 0x00000201571857f0 Exception <a 'sun/nio/fs/WindowsException'{0x000000046318a718}> (0x000000046318a718) 
thrown [s\open\src\hotspot\share\prims\jni.cpp, line 518]
Event: 0.616 Thread 0x00000201571857f0 Exception <a 'java/lang/NoSuchMethodError'{0x0000000463588570}: 'void java.lang.System.load(java.lang.String, java.lang.Class)'> (0x0000000463588570) 
thrown [s\open\src\hotspot\share\interpreter\linkResolver.cpp, line 805]
Event: 0.617 Thread 0x00000201571857f0 Exception <a 'java/lang/NoSuchMethodError'{0x0000000463590400}: 'void java.lang.System.loadLibrary(java.lang.String, java.lang.Class)'> (0x0000000463590400) 
thrown [s\open\src\hotspot\share\interpreter\linkResolver.cpp, line 805]
Event: 0.621 Thread 0x00000201571857f0 Exception <a 'sun/nio/fs/WindowsException'{0x00000004635a44a8}> (0x00000004635a44a8) 
thrown [s\open\src\hotspot\share\prims\jni.cpp, line 518]
Event: 0.621 Thread 0x00000201571857f0 Exception <a 'sun/nio/fs/WindowsException'{0x00000004635a4878}> (0x00000004635a4878) 
thrown [s\open\src\hotspot\share\prims\jni.cpp, line 518]

VM Operations (2 events):
Event: 0.049 Executing VM operation: HandshakeAllThreads (Deoptimize)
Event: 0.049 Executing VM operation: HandshakeAllThreads (Deoptimize) done

Memory protections (0 events):
No events

Nmethod flushes (0 events):
No events

Events (16 events):
Event: 0.016 Thread 0x0000020165a51ea0 Thread added: 0x0000020165a51ea0
Event: 0.022 Thread 0x0000020165a51ea0 Thread added: 0x000002017fe284b0
Event: 0.023 Thread 0x0000020165a51ea0 Thread added: 0x000002017fe28bf0
Event: 0.023 Thread 0x0000020165a51ea0 Thread added: 0x000002017fe2bc80
Event: 0.023 Thread 0x0000020165a51ea0 Thread added: 0x000002017fe2cac0
Event: 0.023 Thread 0x0000020165a51ea0 Thread added: 0x000002017fe31e70
Event: 0.023 Thread 0x0000020165a51ea0 Thread added: 0x000002017fe37280
Event: 0.023 Thread 0x0000020165a51ea0 Thread added: 0x000002017fe42f70
Event: 0.023 Thread 0x0000020165a51ea0 Thread added: 0x000002017fe4f8a0
Event: 0.033 Thread 0x0000020165a51ea0 Thread added: 0x000002015717c780
Event: 0.034 Thread 0x0000020165a51ea0 Thread added: 0x0000020157182280
Event: 0.036 Thread 0x0000020165a51ea0 Thread added: 0x00000201571857f0
Event: 0.036 Thread 0x0000020165a51ea0 Thread exited: 0x0000020165a51ea0
Event: 0.036 Thread 0x0000020165a51ea0 Thread added: 0x0000020165a51ea0
Event: 0.133 Thread 0x000002017fe4f8a0 Thread added: 0x000002015749da10
Event: 0.313 Thread 0x000002015749da10 Thread exited: 0x000002015749da10


Dynamic libraries:
0x00007ff691f90000 - 0x00007ff691f9e000 	C:\Users\conte.LANDENSPC\.jdks\openjdk-24.0.1\bin\java.exe
0x00007ffb98500000 - 0x00007ffb98765000 	C:\WINDOWS\SYSTEM32\ntdll.dll
0x00007ffb65190000 - 0x00007ffb651b0000 	C:\Program Files\Norton\Suite\aswhook.dll
0x00007ffb972d0000 - 0x00007ffb97399000 	C:\WINDOWS\System32\KERNEL32.DLL
0x00007ffb957c0000 - 0x00007ffb95ba8000 	C:\WINDOWS\System32\KERNELBASE.dll
0x00007ffb95bb0000 - 0x00007ffb95cfb000 	C:\WINDOWS\System32\ucrtbase.dll
0x00007ffb857f0000 - 0x00007ffb8580b000 	C:\Users\conte.LANDENSPC\.jdks\openjdk-24.0.1\bin\VCRUNTIME140.dll
0x00007ffb90290000 - 0x00007ffb902a6000 	C:\Users\conte.LANDENSPC\.jdks\openjdk-24.0.1\bin\jli.dll
0x00007ffb963b0000 - 0x00007ffb9657a000 	C:\WINDOWS\System32\USER32.dll
0x00007ffb95650000 - 0x00007ffb95677000 	C:\WINDOWS\System32\win32u.dll
0x00007ffb82810000 - 0x00007ffb82aaa000 	C:\WINDOWS\WinSxS\amd64_microsoft.windows.common-controls_6595b64144ccf1df_6.0.26100.4202_none_3e0698d4e335f517\COMCTL32.dll
0x00007ffb97710000 - 0x00007ffb977b9000 	C:\WINDOWS\System32\msvcrt.dll
0x00007ffb973f0000 - 0x00007ffb9741b000 	C:\WINDOWS\System32\GDI32.dll
0x00007ffb95680000 - 0x00007ffb957b7000 	C:\WINDOWS\System32\gdi32full.dll
0x00007ffb95d00000 - 0x00007ffb95da3000 	C:\WINDOWS\System32\msvcp_win.dll
0x00007ffb973a0000 - 0x00007ffb973d0000 	C:\WINDOWS\System32\IMM32.DLL
0x00007ffb91660000 - 0x00007ffb9166c000 	C:\Users\conte.LANDENSPC\.jdks\openjdk-24.0.1\bin\vcruntime140_1.dll
0x00007ffb84da0000 - 0x00007ffb84e2e000 	C:\Users\conte.LANDENSPC\.jdks\openjdk-24.0.1\bin\msvcp140.dll
0x00007ffa91350000 - 0x00007ffa920f2000 	C:\Users\conte.LANDENSPC\.jdks\openjdk-24.0.1\bin\server\jvm.dll
0x00007ffb962f0000 - 0x00007ffb963a3000 	C:\WINDOWS\System32\ADVAPI32.dll
0x00007ffb97430000 - 0x00007ffb974d6000 	C:\WINDOWS\System32\sechost.dll
0x00007ffb97d10000 - 0x00007ffb97e25000 	C:\WINDOWS\System32\RPCRT4.dll
0x00007ffb98440000 - 0x00007ffb984b4000 	C:\WINDOWS\System32\WS2_32.dll
0x00007ffb8f990000 - 0x00007ffb8f99b000 	C:\WINDOWS\SYSTEM32\VERSION.dll
0x00007ffb94250000 - 0x00007ffb942ae000 	C:\WINDOWS\SYSTEM32\POWRPROF.dll
0x00007ffb8a1b0000 - 0x00007ffb8a1e5000 	C:\WINDOWS\SYSTEM32\WINMM.dll
0x00007ffb94230000 - 0x00007ffb94244000 	C:\WINDOWS\SYSTEM32\UMPDC.dll
0x00007ffb94510000 - 0x00007ffb9452b000 	C:\WINDOWS\SYSTEM32\kernel.appcore.dll
0x00007ffb88bf0000 - 0x00007ffb88bfa000 	C:\Users\conte.LANDENSPC\.jdks\openjdk-24.0.1\bin\jimage.dll
0x00007ffb92740000 - 0x00007ffb92981000 	C:\WINDOWS\SYSTEM32\DBGHELP.DLL
0x00007ffb980b0000 - 0x00007ffb98435000 	C:\WINDOWS\System32\combase.dll
0x00007ffb978d0000 - 0x00007ffb979b1000 	C:\WINDOWS\System32\OLEAUT32.dll
0x00007ffb7e020000 - 0x00007ffb7e059000 	C:\WINDOWS\SYSTEM32\dbgcore.DLL
0x00007ffb95db0000 - 0x00007ffb95e49000 	C:\WINDOWS\System32\bcryptPrimitives.dll
0x00007ffb856a0000 - 0x00007ffb856be000 	C:\Users\conte.LANDENSPC\.jdks\openjdk-24.0.1\bin\java.dll
0x00007ffb974e0000 - 0x00007ffb9767e000 	C:\WINDOWS\System32\ole32.dll
0x00007ffb96680000 - 0x00007ffb96dc2000 	C:\WINDOWS\System32\SHELL32.dll
0x00007ffb95fa0000 - 0x00007ffb96114000 	C:\WINDOWS\System32\wintypes.dll
0x00007ffb93290000 - 0x00007ffb93ae8000 	C:\WINDOWS\SYSTEM32\windows.storage.dll
0x00007ffb96580000 - 0x00007ffb96671000 	C:\WINDOWS\System32\SHCORE.dll
0x00007ffb97ef0000 - 0x00007ffb97f5a000 	C:\WINDOWS\System32\shlwapi.dll
0x00007ffb95560000 - 0x00007ffb9558f000 	C:\WINDOWS\SYSTEM32\profapi.dll
0x00007ffb7d360000 - 0x00007ffb7d437000 	C:\Users\conte.LANDENSPC\.jdks\openjdk-24.0.1\bin\jsvml.dll
0x00007ffb85690000 - 0x00007ffb856a0000 	C:\Users\conte.LANDENSPC\.jdks\openjdk-24.0.1\bin\net.dll
0x00007ffb94aa0000 - 0x00007ffb94b0a000 	C:\WINDOWS\system32\mswsock.dll
0x00007ffb85500000 - 0x00007ffb85516000 	C:\Users\conte.LANDENSPC\.jdks\openjdk-24.0.1\bin\nio.dll
0x00007ffb85520000 - 0x00007ffb85537000 	C:\Users\conte.LANDENSPC\.jdks\openjdk-24.0.1\bin\zip.dll
0x00007ffb80160000 - 0x00007ffb801db000 	C:\Users\conte.LANDENSPC\AppData\Local\Temp\lwjgl_conte\3.3.3+5\x64\lwjgl.dll
0x00007ffb7b890000 - 0x00007ffb7b912000 	C:\Users\CONTE~1.LAN\AppData\Local\Temp\lwjgl_conte\3.3.3+5\x64\glfw.dll
0x00007ffb804c0000 - 0x00007ffb8050b000 	C:\WINDOWS\SYSTEM32\dinput8.dll
0x00007ffb85d20000 - 0x00007ffb85d32000 	C:\WINDOWS\SYSTEM32\xinput1_4.dll
0x00007ffb952e0000 - 0x00007ffb95337000 	C:\WINDOWS\SYSTEM32\cfgmgr32.dll
0x00007ffb952b0000 - 0x00007ffb952dd000 	C:\WINDOWS\SYSTEM32\DEVOBJ.dll
0x00007ffb92c20000 - 0x00007ffb92c56000 	C:\WINDOWS\SYSTEM32\dwmapi.dll
0x00007ffb809f0000 - 0x00007ffb80bd1000 	C:\WINDOWS\SYSTEM32\inputhost.dll
0x00007ffb91360000 - 0x00007ffb91485000 	C:\WINDOWS\SYSTEM32\CoreMessaging.dll
0x00007ffb91970000 - 0x00007ffb91a1f000 	C:\WINDOWS\system32\uxtheme.dll
0x00007ffb97ba0000 - 0x00007ffb97d00000 	C:\WINDOWS\System32\MSCTF.dll
0x00007ffb94d50000 - 0x00007ffb94d5c000 	C:\WINDOWS\SYSTEM32\CRYPTBASE.DLL
0x00007ffaea490000 - 0x00007ffaea5a4000 	C:\WINDOWS\SYSTEM32\opengl32.dll
0x00007ffb4ccf0000 - 0x00007ffb4cd1d000 	C:\WINDOWS\SYSTEM32\GLU32.dll
0x00007ffb91ad0000 - 0x00007ffb91b1d000 	C:\WINDOWS\SYSTEM32\dxcore.dll
0x00007ffb92cb0000 - 0x00007ffb92d11000 	C:\WINDOWS\SYSTEM32\directxdatabasehelper.dll
0x00007ffb7c6c0000 - 0x00007ffb7c6da000 	C:\WINDOWS\SYSTEM32\windows.staterepositorycore.dll
0x00007ffaa40b0000 - 0x00007ffaa40e1000 	C:\WINDOWS\System32\DriverStore\FileRepository\u0411094.inf_amd64_f217c92f870dc4eb\B411279\atig6pxx.dll
0x00007ffa9fe30000 - 0x00007ffaa40ad000 	C:\WINDOWS\System32\DriverStore\FileRepository\u0411094.inf_amd64_f217c92f870dc4eb\B411279\atio6axx.dll
0x00007ffb96de0000 - 0x00007ffb97266000 	C:\WINDOWS\System32\SETUPAPI.dll
0x00007ffb95e50000 - 0x00007ffb95ed4000 	C:\WINDOWS\System32\WINTRUST.dll
0x00007ffb96120000 - 0x00007ffb96297000 	C:\WINDOWS\System32\CRYPT32.dll
0x00007ffb94dc0000 - 0x00007ffb94dd3000 	C:\WINDOWS\SYSTEM32\MSASN1.dll
0x00007ffb95530000 - 0x00007ffb95556000 	C:\WINDOWS\SYSTEM32\BCrypt.dll
0x00007ffb88ea0000 - 0x00007ffb88edb000 	C:\WINDOWS\System32\DriverStore\FileRepository\u0411094.inf_amd64_f217c92f870dc4eb\B411279\amdihk64.dll
0x00007ffb7fe50000 - 0x00007ffb7ffa0000 	C:\WINDOWS\SYSTEM32\textinputframework.dll
0x00007ffb8f1c0000 - 0x00007ffb8f4a3000 	C:\WINDOWS\SYSTEM32\CoreUIComponents.dll
0x00007ffb7b830000 - 0x00007ffb7b88e000 	C:\Users\conte.LANDENSPC\AppData\Local\Temp\lwjgl_conte\3.3.3+5\x64\lwjgl_opengl.dll
0x00007ffb71e50000 - 0x00007ffb71ec3000 	C:\Users\conte.LANDENSPC\AppData\Local\Temp\lwjgl_conte\3.3.3+5\x64\lwjgl_nuklear.dll

JVMTI agents: none

dbghelp: loaded successfully - version: 4.0.5 - missing functions: none
symbol engine: initialized successfully - sym options: 0x614 - pdb path: .;C:\Users\conte.LANDENSPC\.jdks\openjdk-24.0.1\bin;C:\WINDOWS\SYSTEM32;C:\Program Files\Norton\Suite;C:\WINDOWS\WinSxS\amd64_microsoft.windows.common-controls_6595b64144ccf1df_6.0.26100.4202_none_3e0698d4e335f517;C:\Users\conte.LANDENSPC\.jdks\openjdk-24.0.1\bin\server;C:\Users\conte.LANDENSPC\AppData\Local\Temp\lwjgl_conte\3.3.3+5\x64;C:\Users\CONTE~1.LAN\AppData\Local\Temp\lwjgl_conte\3.3.3+5\x64;C:\WINDOWS\System32\DriverStore\FileRepository\u0411094.inf_amd64_f217c92f870dc4eb\B411279

VM Arguments:
jvm_args: --enable-native-access=ALL-UNNAMED --enable-native-access=ALL-UNNAMED -Dfile.encoding=UTF-8 -Duser.country=US -Duser.language=en -Duser.variant 
java_command: org.Landen.main.Main
java_class_path (initial): D:\dev\games\nengine\build\classes\java\main;D:\dev\games\nengine\build\resources\main;C:\Users\conte.LANDENSPC\.gradle\caches\modules-2\files-2.1\org.lwjgl\lwjgl-glfw\3.3.3\efa1eb78c5ccd840e9f329717109b5e892d72f8e\lwjgl-glfw-3.3.3.jar;C:\Users\conte.LANDENSPC\.gradle\caches\modules-2\files-2.1\org.lwjgl\lwjgl-glfw\3.3.3\e449e28b4891fc423c54c85fbc5bb0b9efece67a\lwjgl-glfw-3.3.3-natives-windows.jar;C:\Users\conte.LANDENSPC\.gradle\caches\modules-2\files-2.1\org.lwjgl\lwjgl-opengl\3.3.3\2f6b0147078396a58979125a4c947664e98293a\lwjgl-opengl-3.3.3.jar;C:\Users\conte.LANDENSPC\.gradle\caches\modules-2\files-2.1\org.lwjgl\lwjgl-opengl\3.3.3\e6c1eec8be8a71951b830a4d69efc01c6531900c\lwjgl-opengl-3.3.3-natives-windows.jar;C:\Users\conte.LANDENSPC\.gradle\caches\modules-2\files-2.1\org.lwjgl\lwjgl-nuklear\3.3.3\d120a8ab01987e285f83f43f862bef728011d97d\lwjgl-nuklear-3.3.3.jar;C:\Users\conte.LANDENSPC\.gradle\caches\modules-2\files-2.1\org.lwjgl\lwjgl-nuklear\3.3.3\3132690c8cbbdd7c948eb233610151b6a6c62b9a\lwjgl-nuklear-3.3.3-natives-windows.jar;C:\Users\conte.LANDENSPC\.gradle\caches\modules-2\files-2.1\org.lwjgl\lwjgl-assimp\3.3.3\c2c34011cbda30ed8cf98bc5cbf97b49afe5279a\lwjgl-assimp-3.3.3.jar;C:\Users\conte.LANDENSPC\.gradle\caches\modules-2\files-2.1\org.lwjgl\lwjgl-assimp\3.3.3\d90ccdade594716062975cffd1431d387f770ac4\lwjgl-assimp-3.3.3-natives-windows.jar;C:\Users\conte.LANDENSPC\.gradle\caches\modules-2\files-2.1\org.lwjgl\lwjgl-stb\3.3.3\25dd6161988d7e65f71d5065c99902402ee32746\lwjgl-stb-3.3.3.jar;C:\Users\conte.LANDENSPC\.gradle\caches\modules-2\files-2.1\org.lwjgl\lwjgl-stb\3.3.3\1d9facdf6541de114b0f963be33505b7679c78cb\lwjgl-stb-3.3.3-natives-windows.jar;C:\Users\conte.LANDENSPC\.gradle\caches\modules-2\files-2.1\org.lwjgl\lwjgl\3.3.3\29589b5f87ed335a6c7e7ee6a5775f81f97ecb84\lwjgl-3.3.3.jar;C:\Users\conte.LANDENSPC\.gradle\caches\modules-2\files-2.1\org.lwjgl\lwjgl\3.3.3\a5ed18a2b82fc91b81f40d717cb1f64c9dcb0540\lwjgl-3.3.3-natives-windows.jar
Launcher Type: SUN_STANDARD

[Global flags]
     intx CICompilerCount                          = 4                                         {product} {ergonomic}
     uint ConcGCThreads                            = 3                                         {product} {ergonomic}
     uint G1ConcRefinementThreads                  = 10                                        {product} {ergonomic}
   size_t G1HeapRegionSize                         = 8388608                                   {product} {ergonomic}
   size_t InitialHeapSize                          = 1040187392                                {product} {ergonomic}
   size_t MarkStackSize                            = 4194304                                   {product} {ergonomic}
   size_t MarkStackSizeMax                         = 536870912                                 {product} {ergonomic}
   size_t MaxHeapSize                              = 16542334976                               {product} {ergonomic}
   size_t MaxNewSize                               = 9923723264                                {product} {ergonomic}
   size_t MinHeapDeltaBytes                        = 8388608                                   {product} {ergonomic}
   size_t MinHeapSize                              = 8388608                                   {product} {ergonomic}
    uintx NonNMethodCodeHeapSize                   = 5832704                                {pd product} {ergonomic}
    uintx NonProfiledCodeHeapSize                  = 122945536                              {pd product} {ergonomic}
    uintx ProfiledCodeHeapSize                     = 122880000                              {pd product} {ergonomic}
    uintx ReservedCodeCacheSize                    = 251658240                              {pd product} {ergonomic}
     bool SegmentedCodeCache                       = true                                      {product} {ergonomic}
   size_t SoftMaxHeapSize                          = 16542334976                            {manageable} {ergonomic}
     bool UseCompressedOops                        = true                           {product lp64_product} {ergonomic}
     bool UseG1GC                                  = true                                      {product} {ergonomic}
     bool UseLargePagesIndividualAllocation        = false                                  {pd product} {ergonomic}

Logging:
Log output configuration:
 #0: stdout all=warning uptime,level,tags foldmultilines=false
 #1: stderr all=off uptime,level,tags foldmultilines=false

Environment Variables:
PATH=C:\Program Files\Oculus\Support\oculus-runtime;C:\WINDOWS\system32;C:\WINDOWS;C:\WINDOWS\System32\Wbem;C:\WINDOWS\System32\WindowsPowerShell\v1.0\;C:\WINDOWS\System32\OpenSSH\;C:\Program Files\NVIDIA Corporation\NVIDIA App\NvDLISR;C:\Program Files (x86)\Windows Kits\10\Windows Performance Toolkit\;C:\Program Files\dotnet\;C:\Users\conte.LANDENSPC\AppData\Local\Microsoft\WindowsApps;C:\Users\conte.LANDENSPC\AppData\Local\Python\bin;C:\Users\conte.LANDENSPC\AppData\Local\Programs\Microsoft VS Code\bin
USERNAME=conte
OS=Windows_NT
PROCESSOR_IDENTIFIER=AMD64 Family 25 Model 120 Stepping 0, AuthenticAMD
TMP=C:\Users\CONTE~1.LAN\AppData\Local\Temp
TEMP=C:\Users\CONTE~1.LAN\AppData\Local\Temp




Periodic native trim disabled

---------------  S Y S T E M  ---------------

OS:
 Windows 11 , 64 bit Build 26100 (10.0.26100.4202)
OS uptime: 1 days 17:53 hours
Hyper-V role detected

CPU: total 12 (initial active 12) (12 cores per cpu, 2 threads per core) family 25 model 120 stepping 0 microcode 0xa708007, cx8, cmov, fxsr, ht, mmx, 3dnowpref, sse, sse2, sse3, ssse3, sse4a, sse4.1, sse4.2, popcnt, lzcnt, tsc, tscinvbit, avx, avx2, aes, erms, clmul, bmi1, bmi2, adx, avx512f, avx512dq, avx512cd, avx512bw, avx512vl, sha, fma, vzeroupper, avx512_vpopcntdq, avx512_vpclmulqdq, avx512_vaes, avx512_vnni, clflush, clflushopt, avx512_vbmi2, avx512_vbmi, hv, rdtscp, rdpid, fsrm, gfni, avx512_bitalg, f16c, cet_ss, avx512_ifma
Processor Information for the first 12 processors :
  Max Mhz: 3551, Current Mhz: 3551, Mhz Limit: 3551

Memory: 4k page, system-wide physical 63085M (44066M free)
TotalPageFile size 67053M (AvailPageFile size 43226M)
current process WorkingSet (physical memory assigned to process): 140M, peak: 149M
current process commit charge ("private bytes"): 1216M, peak: 1228M

vm_info: OpenJDK 64-Bit Server VM (24.0.1+9-30) for windows-amd64 JRE (24.0.1+9-30), built on 2025-03-05T07:23:45Z with MS VC++ 17.6 (VS2022)

END.
