#
# A fatal error has been detected by the Java Runtime Environment:
#
#  EXCEPTION_ACCESS_VIOLATION (0xc0000005) at pc=0x0000000000000000, pid=22336, tid=16008
#
# JRE version: OpenJDK Runtime Environment (24.0.1+9) (build 24.0.1+9-30)
# Java VM: OpenJDK 64-Bit Server VM (24.0.1+9-30, mixed mode, sharing, tiered, compressed oops, compressed class ptrs, g1 gc, windows-amd64)
# Problematic frame:
# C  [lwjgl_nuklear.dll+0x1728b]
#
# No core dump will be written. Minidumps are not enabled by default on client versions of Windows
#
# If you would like to submit a bug report, please visit:
#   https://bugreport.java.com/bugreport/crash.jsp
# The crash happened outside the Java Virtual Machine in native code.
# See problematic frame for where to report the bug.
#

---------------  S U M M A R Y ------------

Command Line: -Dfile.encoding=UTF-8 -Duser.country=US -Duser.language=en -Duser.variant org.Landen.main.Main

Host: AMD Ryzen 5 8500G w/ Radeon 740M Graphics      , 12 cores, 61G,  Windows 11 , 64 bit Build 26100 (10.0.26100.4202)
Time: Fri Jul  4 13:47:06 2025 Eastern Daylight Time elapsed time: 0.786512 seconds (0d 0h 0m 0s)

---------------  T H R E A D  ---------------

Current thread (0x000001564112a9e0):  JavaThread "game"             [_thread_in_native, id=16008, stack(0x0000004dcd700000,0x0000004dcd800000) (1024K)]

Stack: [0x0000004dcd700000,0x0000004dcd800000],  sp=0x0000004dcd7fecc0,  free space=1019k
Native frames: (J=compiled Java code, j=interpreted, Vv=VM code, C=native code)

Java frames: (J=compiled Java code, j=interpreted, Vv=VM code)
j  org.lwjgl.nuklear.Nuklear.nnk_begin(JJJI)Z+0
j  org.lwjgl.nuklear.Nuklear.nk_begin(Lorg/lwjgl/nuklear/NkContext;Ljava/lang/CharSequence;Lorg/lwjgl/nuklear/NkRect;I)Z+38
j  org.Landen.main.ui.Gui.renderUI()V+29
j  org.Landen.main.Main.render()V+15
j  org.Landen.main.Main.run()V+42
j  java.lang.Thread.runWith(Ljava/lang/Object;Ljava/lang/Runnable;)V+5 java.base@24.0.1
j  java.lang.Thread.run()V+19 java.base@24.0.1
v  ~StubRoutines::call_stub 0x000001565b820fcd

siginfo: EXCEPTION_ACCESS_VIOLATION (0xc0000005), data execution prevention violation at address 0x0000000000000000


Registers:
RAX=0x0000000000000000, RBX=0x00000156826cead0, RCX=0x0000000000000000, RDX=0x000001568170c250
RSP=0x0000004dcd7fecb8, RBP=0x0000004dcd7fedc0, RSI=0x000001567e51cbf0, RDI=0x000001567e51cdf0
R8 =0x0000015641b02fd8, R9 =0x0000000000000004, R10=0x00000156826cec40, R11=0x00007ffb7248c574
R12=0x0000015641b02fd8, R13=0x000001567e4b7c10, R14=0x0000000000000004, R15=0x000001567e51cc58
RIP=0x0000000000000000, EFLAGS=0x0000000000010246

XMM[0]=0x0000000000000000 0x0000000041000000
XMM[1]=0x0000000000000000 0x0000000000000000
XMM[2]=0x0000000000000000 0x0000000041a00000
XMM[3]=0x0000000000000000 0x0000000041a00000
XMM[4]=0x0000000000000000 0x0000000041880000
XMM[5]=0x0000000000000000 0x0000000043120000
XMM[6]=0x0000000000000000 0x0000000041100000
XMM[7]=0x0000000000000000 0x0000000041200000
XMM[8]=0x0000000000000000 0x00000000437a0000
XMM[9]=0x0000000000000000 0x0000000041a00000
XMM[10]=0x0000000000000000 0x0000000000000000
XMM[11]=0x0000000000000000 0x961be134bd9d26a0
XMM[12]=0x0000000000000000 0x0000000041a00000
XMM[13]=0x0000000000000000 0x0000000000000000
XMM[14]=0x0000000000000000 0x0000000000000000
XMM[15]=0x0000000000000000 0x0000000000000000
  MXCSR=0x00001fa0


Register to memory mapping:

RAX=0x0 is null
RBX=0x00000156826cead0 points into unknown readable memory: 0x0000000000000000 | 00 00 00 00 00 00 00 00
RCX=0x0 is null
RDX=0x000001568170c250 points into unknown readable memory: 0x0000000000000005 | 05 00 00 00 00 00 00 00
RSP=0x0000004dcd7fecb8 is pointing into the stack for thread: 0x000001564112a9e0
RBP=0x0000004dcd7fedc0 is pointing into the stack for thread: 0x000001564112a9e0
RSI=0x000001567e51cbf0 points into unknown readable memory: 0x842dadf000000001 | 01 00 00 00 f0 ad 2d 84
RDI=0x000001567e51cdf0 points into unknown readable memory: 0x0000004300000001 | 01 00 00 00 43 00 00 00
R8 =0x0000015641b02fd8 points into unknown readable memory: 0x393638006f6d6544 | 44 65 6d 6f 00 38 36 39
R9 =0x0000000000000004 is an unknown value
R10=0x00000156826cec40 points into unknown readable memory: 0x000001567e4b7c10 | 10 7c 4b 7e 56 01 00 00
R11=0x00007ffb7248c574 lwjgl_nuklear.dll
R12=0x0000015641b02fd8 points into unknown readable memory: 0x393638006f6d6544 | 44 65 6d 6f 00 38 36 39
R13=0x000001567e4b7c10 points into unknown readable memory: 0x0000000000000000 | 00 00 00 00 00 00 00 00
R14=0x0000000000000004 is an unknown value
R15=0x000001567e51cc58 points into unknown readable memory: 0x00000156826d0e00 | 00 0e 6d 82 56 01 00 00

Top of Stack: (sp=0x0000004dcd7fecb8)
0x0000004dcd7fecb8:   00007ffb7246728b 00000156826cead0   .rFr......l.V...
0x0000004dcd7fecc8:   0000004dcd7fed98 0000004dcd7fed10   ....M.......M...
0x0000004dcd7fecd8:   0000000000000000 000000000000000e   ................
0x0000004dcd7fece8:   00007ffb80184e2b 000001567e4b73d0   +N.......sK~V...
0x0000004dcd7fecf8:   0000004dcd7fed30 0000004dcd7fed98   0...M.......M...
0x0000004dcd7fed08:   0000004dcd7fed10 41a0000041a00000   ....M......A...A
0x0000004dcd7fed18:   41880000437a0000 000001567e4b7c10   ..zC...A.|K~V...
0x0000004dcd7fed28:   0000000000000000 ffafafafff282828   ........(((.....
0x0000004dcd7fed38:   0000000000000000 41b0000041d00000   ...........A...A
0x0000004dcd7fed48:   43120000436e0000 0000000000000000   ..nC...C........
0x0000004dcd7fed58:   0000000000000000 0000000000000000   ................
0x0000004dcd7fed68:   0000000000000000 0000000000000000   ................
0x0000004dcd7fed78:   0000000000000000 000000002781456c   ........lE.'....
0x0000004dcd7fed88:   0000000000000000 961be134bd9d26a0   .........&..4...
0x0000004dcd7fed98:   0000000000000000 000000000e7ea2b7   ..........~.....
0x0000004dcd7feda8:   0000000000000000 1902a2b52781456c   ........lE.'....
0x0000004dcd7fedb8:   0000000000000000 f0a0e11a4516f8e3   ...........E....
0x0000004dcd7fedc8:   0000000000000000 0000000000000000   ................
0x0000004dcd7fedd8:   0000000000000000 3923777a40000000   ...........@zw#9
0x0000004dcd7fede8:   0000000000000000 0000004dcd7fef10   ............M...
0x0000004dcd7fedf8:   0000000000000000 0000015641b02fd8   ........./.AV...
0x0000004dcd7fee08:   000001567e51cbf0 00000000842dadf0   ..Q~V.....-.....
0x0000004dcd7fee18:   0000000000000043 0000015641b02fd8   C......../.AV...
0x0000004dcd7fee28:   00007ffb72468d8f 4080000040800000   ..Fr.......@...@
0x0000004dcd7fee38:   0000015641b02fd8 00000156826cead0   ./.AV.....l.V...
0x0000004dcd7fee48:   0000000000157769 00000156426fb358   iw......X.oBV...
0x0000004dcd7fee58:   000001564112a9e0 0000000200000007   ...AV...........
0x0000004dcd7fee68:   0000000000000004 1902a2b52781456c   ........lE.'....
0x0000004dcd7fee78:   0000000000000000 f0a0e11a4516f8e3   ...........E....
0x0000004dcd7fee88:   0000000000000000 0000000000000000   ................
0x0000004dcd7fee98:   0000000000000000 3923777a40000000   ...........@zw#9
0x0000004dcd7feea8:   0000000000000000 000001564112a9e0   ...........AV...

Instructions: (pc=0x00007ffb7246728b)
  0x00007ffb7246718b:   14 8b 83 c8 21 00 00 0f 1f 40 00 66 66 0f 1f 84
  0x00007ffb7246719b:   00 00 00 00 00 f3 0f 10 44 24 48 4c 8d 45 80 48
  0x00007ffb724671ab:   8b 4c 24 50 8b 54 24 40 48 89 4c 24 30 49 8b cf
  0x00007ffb724671bb:   f3 0f 11 45 8c f3 0f 10 05 b0 25 04 00 f3 0f 11
  0x00007ffb724671cb:   44 24 28 89 44 24 20 f3 44 0f 11 6d 80 f3 44 0f
  0x00007ffb724671db:   11 75 84 f3 44 0f 11 7d 88 e8 97 69 00 00 48 8b
  0x00007ffb724671eb:   83 08 22 00 00 48 85 c0 74 0c 48 8b 93 f8 21 00
  0x00007ffb724671fb:   00 49 8b cf ff d0 44 38 75 70 8b 57 04 0f 95 c0
  0x00007ffb7246720b:   84 c0 74 1f f7 46 48 00 10 00 00 75 16 8b ca 8b
  0x00007ffb7246721b:   c2 0f ba f1 0f 0f ba e8 0f 0f ba e2 0f 0f 42 c1
  0x00007ffb7246722b:   89 47 04 4c 8b 65 78 44 0f 28 bc 24 90 00 00 00
  0x00007ffb7246723b:   49 8b cc 44 0f 28 b4 24 a0 00 00 00 44 0f 28 ac
  0x00007ffb7246724b:   24 b0 00 00 00 44 0f 28 9c 24 d0 00 00 00 0f 1f
  0x00007ffb7246725b:   80 00 00 00 00 0f b6 01 48 ff c1 84 c0 74 08 41
  0x00007ffb7246726b:   ff c6 48 85 c9 75 ee 4c 8b 6c 24 60 45 8b ce 4d
  0x00007ffb7246727b:   8b c4 f3 41 0f 10 4d 08 49 8b 4d 00 41 ff 55 10
=>0x00007ffb7246728b:   f3 0f 10 8b 3c 22 00 00 f3 45 0f 58 c1 f3 0f 10
  0x00007ffb7246729b:   9b 38 22 00 00 f3 0f 58 c9 0f 28 eb 48 c7 44 24
  0x00007ffb724672ab:   68 00 00 00 00 41 0f 28 d1 f3 0f 58 db f3 0f 58
  0x00007ffb724672bb:   93 2c 22 00 00 41 0f 28 e0 f3 41 0f 58 ec 44 0f
  0x00007ffb724672cb:   28 a4 24 c0 00 00 00 f3 0f 58 c8 f3 41 0f 58 5d
  0x00007ffb724672db:   08 f3 0f 58 93 34 22 00 00 0f 28 c1 f3 44 0f 5c
  0x00007ffb724672eb:   c2 f3 0f 5c e2 f3 41 0f 5d c0 44 0f 2f d0 76 06
  0x00007ffb724672fb:   41 0f 28 ca eb 0f 0f 2f e1 77 0a 0f 28 cc 0f 1f
  0x00007ffb7246730b:   80 00 00 00 00 4c 89 6c 24 30 48 8d 44 24 68 c7
  0x00007ffb7246731b:   44 24 28 11 00 00 00 48 8d 55 80 45 8b ce 48 89
  0x00007ffb7246732b:   44 24 20 4d 8b c4 f3 0f 11 55 80 49 8b cf f3 0f
  0x00007ffb7246733b:   11 6d 84 f3 0f 11 4d 88 f3 0f 11 5d 8c e8 13 61
  0x00007ffb7246734b:   00 00 f7 47 04 00 88 00 00 4c 8b b4 24 38 01 00
  0x00007ffb7246735b:   00 4c 8b ac 24 40 01 00 00 0f 85 d1 00 00 00 f3
  0x00007ffb7246736b:   0f 10 47 38 f3 0f 10 56 58 0f 28 c8 8b 8b 48 22
  0x00007ffb7246737b:   00 00 f3 0f 5c d0 f3 0f 10 5e 4c f3 0f 10 66 54


Stack slot to memory mapping:

stack at sp + 0 slots: 0x00000156826cead0 points into unknown readable memory: 0x0000000000000000 | 00 00 00 00 00 00 00 00
stack at sp + 1 slots: 0x0000004dcd7fed98 is pointing into the stack for thread: 0x000001564112a9e0
stack at sp + 2 slots: 0x0000004dcd7fed10 is pointing into the stack for thread: 0x000001564112a9e0
stack at sp + 3 slots: 0x0 is null
stack at sp + 4 slots: 0x000000000000000e is an unknown value
stack at sp + 5 slots: 0x00007ffb80184e2b lwjgl.dll
stack at sp + 6 slots: 0x000001567e4b73d0 points into unknown readable memory: 0x0000000300000001 | 01 00 00 00 03 00 00 00
stack at sp + 7 slots: 0x0000004dcd7fed30 is pointing into the stack for thread: 0x000001564112a9e0

Lock stack of current Java thread (top to bottom):


---------------  P R O C E S S  ---------------

Threads class SMR info:
_java_thread_list=0x000001567e4420e0, length=12, elements={
0x0000015676e3dba0, 0x0000015676e42e60, 0x0000015676e45c00, 0x0000015676e466b0,
0x0000015676e53a70, 0x0000015676e54f40, 0x0000015676e56740, 0x0000015676e5dd00,
0x0000015641126310, 0x0000015641129e90, 0x000001564112a9e0, 0x0000015649532c60
}

Java Threads: ( => current thread )
  0x0000015676e3dba0 JavaThread "Reference Handler"          daemon [_thread_blocked, id=27732, stack(0x0000004dccd00000,0x0000004dcce00000) (1024K)]
  0x0000015676e42e60 JavaThread "Finalizer"                  daemon [_thread_blocked, id=24932, stack(0x0000004dcce00000,0x0000004dccf00000) (1024K)]
  0x0000015676e45c00 JavaThread "Signal Dispatcher"          daemon [_thread_blocked, id=28636, stack(0x0000004dccf00000,0x0000004dcd000000) (1024K)]
  0x0000015676e466b0 JavaThread "Attach Listener"            daemon [_thread_blocked, id=28576, stack(0x0000004dcd000000,0x0000004dcd100000) (1024K)]
  0x0000015676e53a70 JavaThread "Service Thread"             daemon [_thread_blocked, id=22656, stack(0x0000004dcd100000,0x0000004dcd200000) (1024K)]
  0x0000015676e54f40 JavaThread "Monitor Deflation Thread"   daemon [_thread_blocked, id=28516, stack(0x0000004dcd200000,0x0000004dcd300000) (1024K)]
  0x0000015676e56740 JavaThread "C2 CompilerThread0"         daemon [_thread_blocked, id=2200, stack(0x0000004dcd300000,0x0000004dcd400000) (1024K)]
  0x0000015676e5dd00 JavaThread "C1 CompilerThread0"         daemon [_thread_blocked, id=22908, stack(0x0000004dcd400000,0x0000004dcd500000) (1024K)]
  0x0000015641126310 JavaThread "Notification Thread"        daemon [_thread_blocked, id=12364, stack(0x0000004dcd500000,0x0000004dcd600000) (1024K)]
  0x0000015641129e90 JavaThread "Common-Cleaner"             daemon [_thread_blocked, id=4196, stack(0x0000004dcd600000,0x0000004dcd700000) (1024K)]
=>0x000001564112a9e0 JavaThread "game"                              [_thread_in_native, id=16008, stack(0x0000004dcd700000,0x0000004dcd800000) (1024K)]
  0x0000015649532c60 JavaThread "DestroyJavaVM"                     [_thread_blocked, id=17884, stack(0x0000004dcc500000,0x0000004dcc600000) (1024K)]
Total: 12

Other Threads:
  0x0000015676e31b60 VMThread "VM Thread"                           [id=26816, stack(0x0000004dccc00000,0x0000004dccd00000) (1024K)]
  0x0000015641081930 WatcherThread "VM Periodic Task Thread"        [id=26668, stack(0x0000004dccb00000,0x0000004dccc00000) (1024K)]
  0x000001564baf6e60 WorkerThread "GC Thread#0"                     [id=6256, stack(0x0000004dcc600000,0x0000004dcc700000) (1024K)]
  0x0000015676c9da90 ConcurrentGCThread "G1 Main Marker"            [id=14636, stack(0x0000004dcc700000,0x0000004dcc800000) (1024K)]
  0x0000015676c9e9f0 WorkerThread "G1 Conc#0"                       [id=20448, stack(0x0000004dcc800000,0x0000004dcc900000) (1024K)]
  0x0000015676d69a80 ConcurrentGCThread "G1 Refine#0"               [id=15868, stack(0x0000004dcc900000,0x0000004dcca00000) (1024K)]
  0x0000015676d6b0c0 ConcurrentGCThread "G1 Service"                [id=4972, stack(0x0000004dcca00000,0x0000004dccb00000) (1024K)]
Total: 7

Threads with active compile tasks:
Total: 0

VM state: not at safepoint (normal execution)

VM Mutex/Monitor currently owned by a thread: None

Heap address: 0x0000000426000000, size: 15776 MB, Compressed Oops mode: Zero based, Oop shift amount: 3

CDS archive(s) mapped at: [0x0000015600000000-0x0000015600d40000-0x0000015600d40000), size 13893632, SharedBaseAddress: 0x0000015600000000, ArchiveRelocationMode: 1.
Compressed class space mapped at: 0x0000015601000000-0x0000015641000000, reserved size: 1073741824
UseCompressedClassPointers 1, UseCompactObjectHeaders 0
Narrow klass pointer bits 32, Max shift 3
Narrow klass base: 0x0000015600000000, Narrow klass shift: 0
Encoding Range: [0x0000015600000000 - 0x0000015700000000), (4294967296 bytes)
Klass Range:    [0x0000015600000000 - 0x0000015641000000), (1090519040 bytes)
Klass ID Range:  [8 - 1090519033) (1090519025)

GC Precious Log:
 CardTable entry size: 512
 Card Set container configuration: InlinePtr #cards 4 size 8 Array Of Cards #cards 64 size 144 Howl #buckets 8 coarsen threshold 14745 Howl Bitmap #cards 2048 size 272 coarsen threshold 1843 Card regions per heap region 1 cards per card region 16384
 CPUs: 12 total, 12 available
 Memory: 63085M
 Large Page Support: Disabled
 NUMA Support: Disabled
 Compressed Oops: Enabled (Zero based)
 Heap Region Size: 8M
 Heap Min Capacity: 8M
 Heap Initial Capacity: 992M
 Heap Max Capacity: 15776M
 Pre-touch: Disabled
 Parallel Workers: 10
 Concurrent Workers: 3
 Concurrent Refinement Workers: 10
 Periodic GC: Disabled

Heap:
 garbage-first heap   total reserved 16154624K, committed 1024000K, used 17520K [0x0000000426000000, 0x0000000800000000)
  region size 8192K, 3 young (24576K), 0 survivors (0K)
 Metaspace       used 6183K, committed 6400K, reserved 1114112K
  class space    used 309K, committed 384K, reserved 1048576K

Heap Regions: E=young(eden), S=young(survivor), O=old, HS=humongous(starts), HC=humongous(continues), CS=collection set, F=free, TAMS=top-at-mark-start, PB=parsable bottom
|   0|0x0000000426000000, 0x0000000426000000, 0x0000000426800000|  0%| F|  |TAMS 0x0000000426000000| PB 0x0000000426000000| Untracked |  0
|   1|0x0000000426800000, 0x0000000426800000, 0x0000000427000000|  0%| F|  |TAMS 0x0000000426800000| PB 0x0000000426800000| Untracked |  0
|   2|0x0000000427000000, 0x0000000427000000, 0x0000000427800000|  0%| F|  |TAMS 0x0000000427000000| PB 0x0000000427000000| Untracked |  0
|   3|0x0000000427800000, 0x0000000427800000, 0x0000000428000000|  0%| F|  |TAMS 0x0000000427800000| PB 0x0000000427800000| Untracked |  0
|   4|0x0000000428000000, 0x0000000428000000, 0x0000000428800000|  0%| F|  |TAMS 0x0000000428000000| PB 0x0000000428000000| Untracked |  0
|   5|0x0000000428800000, 0x0000000428800000, 0x0000000429000000|  0%| F|  |TAMS 0x0000000428800000| PB 0x0000000428800000| Untracked |  0
|   6|0x0000000429000000, 0x0000000429000000, 0x0000000429800000|  0%| F|  |TAMS 0x0000000429000000| PB 0x0000000429000000| Untracked |  0
|   7|0x0000000429800000, 0x0000000429800000, 0x000000042a000000|  0%| F|  |TAMS 0x0000000429800000| PB 0x0000000429800000| Untracked |  0
|   8|0x000000042a000000, 0x000000042a000000, 0x000000042a800000|  0%| F|  |TAMS 0x000000042a000000| PB 0x000000042a000000| Untracked |  0
|   9|0x000000042a800000, 0x000000042a800000, 0x000000042b000000|  0%| F|  |TAMS 0x000000042a800000| PB 0x000000042a800000| Untracked |  0
|  10|0x000000042b000000, 0x000000042b000000, 0x000000042b800000|  0%| F|  |TAMS 0x000000042b000000| PB 0x000000042b000000| Untracked |  0
|  11|0x000000042b800000, 0x000000042b800000, 0x000000042c000000|  0%| F|  |TAMS 0x000000042b800000| PB 0x000000042b800000| Untracked |  0
|  12|0x000000042c000000, 0x000000042c000000, 0x000000042c800000|  0%| F|  |TAMS 0x000000042c000000| PB 0x000000042c000000| Untracked |  0
|  13|0x000000042c800000, 0x000000042c800000, 0x000000042d000000|  0%| F|  |TAMS 0x000000042c800000| PB 0x000000042c800000| Untracked |  0
|  14|0x000000042d000000, 0x000000042d000000, 0x000000042d800000|  0%| F|  |TAMS 0x000000042d000000| PB 0x000000042d000000| Untracked |  0
|  15|0x000000042d800000, 0x000000042d800000, 0x000000042e000000|  0%| F|  |TAMS 0x000000042d800000| PB 0x000000042d800000| Untracked |  0
|  16|0x000000042e000000, 0x000000042e000000, 0x000000042e800000|  0%| F|  |TAMS 0x000000042e000000| PB 0x000000042e000000| Untracked |  0
|  17|0x000000042e800000, 0x000000042e800000, 0x000000042f000000|  0%| F|  |TAMS 0x000000042e800000| PB 0x000000042e800000| Untracked |  0
|  18|0x000000042f000000, 0x000000042f000000, 0x000000042f800000|  0%| F|  |TAMS 0x000000042f000000| PB 0x000000042f000000| Untracked |  0
|  19|0x000000042f800000, 0x000000042f800000, 0x0000000430000000|  0%| F|  |TAMS 0x000000042f800000| PB 0x000000042f800000| Untracked |  0
|  20|0x0000000430000000, 0x0000000430000000, 0x0000000430800000|  0%| F|  |TAMS 0x0000000430000000| PB 0x0000000430000000| Untracked |  0
|  21|0x0000000430800000, 0x0000000430800000, 0x0000000431000000|  0%| F|  |TAMS 0x0000000430800000| PB 0x0000000430800000| Untracked |  0
|  22|0x0000000431000000, 0x0000000431000000, 0x0000000431800000|  0%| F|  |TAMS 0x0000000431000000| PB 0x0000000431000000| Untracked |  0
|  23|0x0000000431800000, 0x0000000431800000, 0x0000000432000000|  0%| F|  |TAMS 0x0000000431800000| PB 0x0000000431800000| Untracked |  0
|  24|0x0000000432000000, 0x0000000432000000, 0x0000000432800000|  0%| F|  |TAMS 0x0000000432000000| PB 0x0000000432000000| Untracked |  0
|  25|0x0000000432800000, 0x0000000432800000, 0x0000000433000000|  0%| F|  |TAMS 0x0000000432800000| PB 0x0000000432800000| Untracked |  0
|  26|0x0000000433000000, 0x0000000433000000, 0x0000000433800000|  0%| F|  |TAMS 0x0000000433000000| PB 0x0000000433000000| Untracked |  0
|  27|0x0000000433800000, 0x0000000433800000, 0x0000000434000000|  0%| F|  |TAMS 0x0000000433800000| PB 0x0000000433800000| Untracked |  0
|  28|0x0000000434000000, 0x0000000434000000, 0x0000000434800000|  0%| F|  |TAMS 0x0000000434000000| PB 0x0000000434000000| Untracked |  0
|  29|0x0000000434800000, 0x0000000434800000, 0x0000000435000000|  0%| F|  |TAMS 0x0000000434800000| PB 0x0000000434800000| Untracked |  0
|  30|0x0000000435000000, 0x0000000435000000, 0x0000000435800000|  0%| F|  |TAMS 0x0000000435000000| PB 0x0000000435000000| Untracked |  0
|  31|0x0000000435800000, 0x0000000435800000, 0x0000000436000000|  0%| F|  |TAMS 0x0000000435800000| PB 0x0000000435800000| Untracked |  0
|  32|0x0000000436000000, 0x0000000436000000, 0x0000000436800000|  0%| F|  |TAMS 0x0000000436000000| PB 0x0000000436000000| Untracked |  0
|  33|0x0000000436800000, 0x0000000436800000, 0x0000000437000000|  0%| F|  |TAMS 0x0000000436800000| PB 0x0000000436800000| Untracked |  0
|  34|0x0000000437000000, 0x0000000437000000, 0x0000000437800000|  0%| F|  |TAMS 0x0000000437000000| PB 0x0000000437000000| Untracked |  0
|  35|0x0000000437800000, 0x0000000437800000, 0x0000000438000000|  0%| F|  |TAMS 0x0000000437800000| PB 0x0000000437800000| Untracked |  0
|  36|0x0000000438000000, 0x0000000438000000, 0x0000000438800000|  0%| F|  |TAMS 0x0000000438000000| PB 0x0000000438000000| Untracked |  0
|  37|0x0000000438800000, 0x0000000438800000, 0x0000000439000000|  0%| F|  |TAMS 0x0000000438800000| PB 0x0000000438800000| Untracked |  0
|  38|0x0000000439000000, 0x0000000439000000, 0x0000000439800000|  0%| F|  |TAMS 0x0000000439000000| PB 0x0000000439000000| Untracked |  0
|  39|0x0000000439800000, 0x0000000439800000, 0x000000043a000000|  0%| F|  |TAMS 0x0000000439800000| PB 0x0000000439800000| Untracked |  0
|  40|0x000000043a000000, 0x000000043a000000, 0x000000043a800000|  0%| F|  |TAMS 0x000000043a000000| PB 0x000000043a000000| Untracked |  0
|  41|0x000000043a800000, 0x000000043a800000, 0x000000043b000000|  0%| F|  |TAMS 0x000000043a800000| PB 0x000000043a800000| Untracked |  0
|  42|0x000000043b000000, 0x000000043b000000, 0x000000043b800000|  0%| F|  |TAMS 0x000000043b000000| PB 0x000000043b000000| Untracked |  0
|  43|0x000000043b800000, 0x000000043b800000, 0x000000043c000000|  0%| F|  |TAMS 0x000000043b800000| PB 0x000000043b800000| Untracked |  0
|  44|0x000000043c000000, 0x000000043c000000, 0x000000043c800000|  0%| F|  |TAMS 0x000000043c000000| PB 0x000000043c000000| Untracked |  0
|  45|0x000000043c800000, 0x000000043c800000, 0x000000043d000000|  0%| F|  |TAMS 0x000000043c800000| PB 0x000000043c800000| Untracked |  0
|  46|0x000000043d000000, 0x000000043d000000, 0x000000043d800000|  0%| F|  |TAMS 0x000000043d000000| PB 0x000000043d000000| Untracked |  0
|  47|0x000000043d800000, 0x000000043d800000, 0x000000043e000000|  0%| F|  |TAMS 0x000000043d800000| PB 0x000000043d800000| Untracked |  0
|  48|0x000000043e000000, 0x000000043e000000, 0x000000043e800000|  0%| F|  |TAMS 0x000000043e000000| PB 0x000000043e000000| Untracked |  0
|  49|0x000000043e800000, 0x000000043e800000, 0x000000043f000000|  0%| F|  |TAMS 0x000000043e800000| PB 0x000000043e800000| Untracked |  0
|  50|0x000000043f000000, 0x000000043f000000, 0x000000043f800000|  0%| F|  |TAMS 0x000000043f000000| PB 0x000000043f000000| Untracked |  0
|  51|0x000000043f800000, 0x000000043f800000, 0x0000000440000000|  0%| F|  |TAMS 0x000000043f800000| PB 0x000000043f800000| Untracked |  0
|  52|0x0000000440000000, 0x0000000440000000, 0x0000000440800000|  0%| F|  |TAMS 0x0000000440000000| PB 0x0000000440000000| Untracked |  0
|  53|0x0000000440800000, 0x0000000440800000, 0x0000000441000000|  0%| F|  |TAMS 0x0000000440800000| PB 0x0000000440800000| Untracked |  0
|  54|0x0000000441000000, 0x0000000441000000, 0x0000000441800000|  0%| F|  |TAMS 0x0000000441000000| PB 0x0000000441000000| Untracked |  0
|  55|0x0000000441800000, 0x0000000441800000, 0x0000000442000000|  0%| F|  |TAMS 0x0000000441800000| PB 0x0000000441800000| Untracked |  0
|  56|0x0000000442000000, 0x0000000442000000, 0x0000000442800000|  0%| F|  |TAMS 0x0000000442000000| PB 0x0000000442000000| Untracked |  0
|  57|0x0000000442800000, 0x0000000442800000, 0x0000000443000000|  0%| F|  |TAMS 0x0000000442800000| PB 0x0000000442800000| Untracked |  0
|  58|0x0000000443000000, 0x0000000443000000, 0x0000000443800000|  0%| F|  |TAMS 0x0000000443000000| PB 0x0000000443000000| Untracked |  0
|  59|0x0000000443800000, 0x0000000443800000, 0x0000000444000000|  0%| F|  |TAMS 0x0000000443800000| PB 0x0000000443800000| Untracked |  0
|  60|0x0000000444000000, 0x0000000444000000, 0x0000000444800000|  0%| F|  |TAMS 0x0000000444000000| PB 0x0000000444000000| Untracked |  0
|  61|0x0000000444800000, 0x0000000444800000, 0x0000000445000000|  0%| F|  |TAMS 0x0000000444800000| PB 0x0000000444800000| Untracked |  0
|  62|0x0000000445000000, 0x0000000445000000, 0x0000000445800000|  0%| F|  |TAMS 0x0000000445000000| PB 0x0000000445000000| Untracked |  0
|  63|0x0000000445800000, 0x0000000445800000, 0x0000000446000000|  0%| F|  |TAMS 0x0000000445800000| PB 0x0000000445800000| Untracked |  0
|  64|0x0000000446000000, 0x0000000446000000, 0x0000000446800000|  0%| F|  |TAMS 0x0000000446000000| PB 0x0000000446000000| Untracked |  0
|  65|0x0000000446800000, 0x0000000446800000, 0x0000000447000000|  0%| F|  |TAMS 0x0000000446800000| PB 0x0000000446800000| Untracked |  0
|  66|0x0000000447000000, 0x0000000447000000, 0x0000000447800000|  0%| F|  |TAMS 0x0000000447000000| PB 0x0000000447000000| Untracked |  0
|  67|0x0000000447800000, 0x0000000447800000, 0x0000000448000000|  0%| F|  |TAMS 0x0000000447800000| PB 0x0000000447800000| Untracked |  0
|  68|0x0000000448000000, 0x0000000448000000, 0x0000000448800000|  0%| F|  |TAMS 0x0000000448000000| PB 0x0000000448000000| Untracked |  0
|  69|0x0000000448800000, 0x0000000448800000, 0x0000000449000000|  0%| F|  |TAMS 0x0000000448800000| PB 0x0000000448800000| Untracked |  0
|  70|0x0000000449000000, 0x0000000449000000, 0x0000000449800000|  0%| F|  |TAMS 0x0000000449000000| PB 0x0000000449000000| Untracked |  0
|  71|0x0000000449800000, 0x0000000449800000, 0x000000044a000000|  0%| F|  |TAMS 0x0000000449800000| PB 0x0000000449800000| Untracked |  0
|  72|0x000000044a000000, 0x000000044a000000, 0x000000044a800000|  0%| F|  |TAMS 0x000000044a000000| PB 0x000000044a000000| Untracked |  0
|  73|0x000000044a800000, 0x000000044a800000, 0x000000044b000000|  0%| F|  |TAMS 0x000000044a800000| PB 0x000000044a800000| Untracked |  0
|  74|0x000000044b000000, 0x000000044b000000, 0x000000044b800000|  0%| F|  |TAMS 0x000000044b000000| PB 0x000000044b000000| Untracked |  0
|  75|0x000000044b800000, 0x000000044b800000, 0x000000044c000000|  0%| F|  |TAMS 0x000000044b800000| PB 0x000000044b800000| Untracked |  0
|  76|0x000000044c000000, 0x000000044c000000, 0x000000044c800000|  0%| F|  |TAMS 0x000000044c000000| PB 0x000000044c000000| Untracked |  0
|  77|0x000000044c800000, 0x000000044c800000, 0x000000044d000000|  0%| F|  |TAMS 0x000000044c800000| PB 0x000000044c800000| Untracked |  0
|  78|0x000000044d000000, 0x000000044d000000, 0x000000044d800000|  0%| F|  |TAMS 0x000000044d000000| PB 0x000000044d000000| Untracked |  0
|  79|0x000000044d800000, 0x000000044d800000, 0x000000044e000000|  0%| F|  |TAMS 0x000000044d800000| PB 0x000000044d800000| Untracked |  0
|  80|0x000000044e000000, 0x000000044e000000, 0x000000044e800000|  0%| F|  |TAMS 0x000000044e000000| PB 0x000000044e000000| Untracked |  0
|  81|0x000000044e800000, 0x000000044e800000, 0x000000044f000000|  0%| F|  |TAMS 0x000000044e800000| PB 0x000000044e800000| Untracked |  0
|  82|0x000000044f000000, 0x000000044f000000, 0x000000044f800000|  0%| F|  |TAMS 0x000000044f000000| PB 0x000000044f000000| Untracked |  0
|  83|0x000000044f800000, 0x000000044f800000, 0x0000000450000000|  0%| F|  |TAMS 0x000000044f800000| PB 0x000000044f800000| Untracked |  0
|  84|0x0000000450000000, 0x0000000450000000, 0x0000000450800000|  0%| F|  |TAMS 0x0000000450000000| PB 0x0000000450000000| Untracked |  0
|  85|0x0000000450800000, 0x0000000450800000, 0x0000000451000000|  0%| F|  |TAMS 0x0000000450800000| PB 0x0000000450800000| Untracked |  0
|  86|0x0000000451000000, 0x0000000451000000, 0x0000000451800000|  0%| F|  |TAMS 0x0000000451000000| PB 0x0000000451000000| Untracked |  0
|  87|0x0000000451800000, 0x0000000451800000, 0x0000000452000000|  0%| F|  |TAMS 0x0000000451800000| PB 0x0000000451800000| Untracked |  0
|  88|0x0000000452000000, 0x0000000452000000, 0x0000000452800000|  0%| F|  |TAMS 0x0000000452000000| PB 0x0000000452000000| Untracked |  0
|  89|0x0000000452800000, 0x0000000452800000, 0x0000000453000000|  0%| F|  |TAMS 0x0000000452800000| PB 0x0000000452800000| Untracked |  0
|  90|0x0000000453000000, 0x0000000453000000, 0x0000000453800000|  0%| F|  |TAMS 0x0000000453000000| PB 0x0000000453000000| Untracked |  0
|  91|0x0000000453800000, 0x0000000453800000, 0x0000000454000000|  0%| F|  |TAMS 0x0000000453800000| PB 0x0000000453800000| Untracked |  0
|  92|0x0000000454000000, 0x0000000454000000, 0x0000000454800000|  0%| F|  |TAMS 0x0000000454000000| PB 0x0000000454000000| Untracked |  0
|  93|0x0000000454800000, 0x0000000454800000, 0x0000000455000000|  0%| F|  |TAMS 0x0000000454800000| PB 0x0000000454800000| Untracked |  0
|  94|0x0000000455000000, 0x0000000455000000, 0x0000000455800000|  0%| F|  |TAMS 0x0000000455000000| PB 0x0000000455000000| Untracked |  0
|  95|0x0000000455800000, 0x0000000455800000, 0x0000000456000000|  0%| F|  |TAMS 0x0000000455800000| PB 0x0000000455800000| Untracked |  0
|  96|0x0000000456000000, 0x0000000456000000, 0x0000000456800000|  0%| F|  |TAMS 0x0000000456000000| PB 0x0000000456000000| Untracked |  0
|  97|0x0000000456800000, 0x0000000456800000, 0x0000000457000000|  0%| F|  |TAMS 0x0000000456800000| PB 0x0000000456800000| Untracked |  0
|  98|0x0000000457000000, 0x0000000457000000, 0x0000000457800000|  0%| F|  |TAMS 0x0000000457000000| PB 0x0000000457000000| Untracked |  0
|  99|0x0000000457800000, 0x0000000457800000, 0x0000000458000000|  0%| F|  |TAMS 0x0000000457800000| PB 0x0000000457800000| Untracked |  0
| 100|0x0000000458000000, 0x0000000458000000, 0x0000000458800000|  0%| F|  |TAMS 0x0000000458000000| PB 0x0000000458000000| Untracked |  0
| 101|0x0000000458800000, 0x0000000458800000, 0x0000000459000000|  0%| F|  |TAMS 0x0000000458800000| PB 0x0000000458800000| Untracked |  0
| 102|0x0000000459000000, 0x0000000459000000, 0x0000000459800000|  0%| F|  |TAMS 0x0000000459000000| PB 0x0000000459000000| Untracked |  0
| 103|0x0000000459800000, 0x0000000459800000, 0x000000045a000000|  0%| F|  |TAMS 0x0000000459800000| PB 0x0000000459800000| Untracked |  0
| 104|0x000000045a000000, 0x000000045a000000, 0x000000045a800000|  0%| F|  |TAMS 0x000000045a000000| PB 0x000000045a000000| Untracked |  0
| 105|0x000000045a800000, 0x000000045a800000, 0x000000045b000000|  0%| F|  |TAMS 0x000000045a800000| PB 0x000000045a800000| Untracked |  0
| 106|0x000000045b000000, 0x000000045b000000, 0x000000045b800000|  0%| F|  |TAMS 0x000000045b000000| PB 0x000000045b000000| Untracked |  0
| 107|0x000000045b800000, 0x000000045b800000, 0x000000045c000000|  0%| F|  |TAMS 0x000000045b800000| PB 0x000000045b800000| Untracked |  0
| 108|0x000000045c000000, 0x000000045c000000, 0x000000045c800000|  0%| F|  |TAMS 0x000000045c000000| PB 0x000000045c000000| Untracked |  0
| 109|0x000000045c800000, 0x000000045c800000, 0x000000045d000000|  0%| F|  |TAMS 0x000000045c800000| PB 0x000000045c800000| Untracked |  0
| 110|0x000000045d000000, 0x000000045d000000, 0x000000045d800000|  0%| F|  |TAMS 0x000000045d000000| PB 0x000000045d000000| Untracked |  0
| 111|0x000000045d800000, 0x000000045d800000, 0x000000045e000000|  0%| F|  |TAMS 0x000000045d800000| PB 0x000000045d800000| Untracked |  0
| 112|0x000000045e000000, 0x000000045e000000, 0x000000045e800000|  0%| F|  |TAMS 0x000000045e000000| PB 0x000000045e000000| Untracked |  0
| 113|0x000000045e800000, 0x000000045e800000, 0x000000045f000000|  0%| F|  |TAMS 0x000000045e800000| PB 0x000000045e800000| Untracked |  0
| 114|0x000000045f000000, 0x000000045f000000, 0x000000045f800000|  0%| F|  |TAMS 0x000000045f000000| PB 0x000000045f000000| Untracked |  0
| 115|0x000000045f800000, 0x000000045f800000, 0x0000000460000000|  0%| F|  |TAMS 0x000000045f800000| PB 0x000000045f800000| Untracked |  0
| 116|0x0000000460000000, 0x0000000460000000, 0x0000000460800000|  0%| F|  |TAMS 0x0000000460000000| PB 0x0000000460000000| Untracked |  0
| 117|0x0000000460800000, 0x0000000460800000, 0x0000000461000000|  0%| F|  |TAMS 0x0000000460800000| PB 0x0000000460800000| Untracked |  0
| 118|0x0000000461000000, 0x0000000461000000, 0x0000000461800000|  0%| F|  |TAMS 0x0000000461000000| PB 0x0000000461000000| Untracked |  0
| 119|0x0000000461800000, 0x0000000461800000, 0x0000000462000000|  0%| F|  |TAMS 0x0000000461800000| PB 0x0000000461800000| Untracked |  0
| 120|0x0000000462000000, 0x0000000462000000, 0x0000000462800000|  0%| F|  |TAMS 0x0000000462000000| PB 0x0000000462000000| Untracked |  0
| 121|0x0000000462800000, 0x00000004628f7838, 0x0000000463000000| 12%| E|  |TAMS 0x0000000462800000| PB 0x0000000462800000| Complete |  0
| 122|0x0000000463000000, 0x0000000463800000, 0x0000000463800000|100%| E|CS|TAMS 0x0000000463000000| PB 0x0000000463000000| Complete |  0
| 123|0x0000000463800000, 0x0000000464000000, 0x0000000464000000|100%| E|CS|TAMS 0x0000000463800000| PB 0x0000000463800000| Complete |  0
|1971|0x00000007ff800000, 0x00000007ff91c288, 0x0000000800000000| 13%| O|  |TAMS 0x00000007ff800000| PB 0x00000007ff800000| Untracked |  0

Card table byte_map: [0x0000015665710000,0x00000156675e0000] _byte_map_base: 0x00000156635e0000

Marking Bits: (CMBitMap*) 0x000001564baf7570
 Bits: [0x00000156675e0000, 0x0000015676c60000)

Polling page: 0x0000015649830000

Metaspace:

Usage:
  Non-class:      5.74 MB used.
      Class:    309.16 KB used.
       Both:      6.04 MB used.

Virtual space:
  Non-class space:       64.00 MB reserved,       5.88 MB (  9%) committed,  1 nodes.
      Class space:        1.00 GB reserved,     384.00 KB ( <1%) committed,  1 nodes.
             Both:        1.06 GB reserved,       6.25 MB ( <1%) committed. 

Chunk freelists:
   Non-Class:  8.23 MB
       Class:  15.57 MB
        Both:  23.80 MB

MaxMetaspaceSize: unlimited
CompressedClassSpaceSize: 1.00 GB
Initial GC threshold: 21.00 MB
Current GC threshold: 21.00 MB
CDS: on
 - commit_granule_bytes: 65536.
 - commit_granule_words: 8192.
 - virtual_space_node_default_size: 8388608.
 - enlarge_chunks_in_place: 1.
UseCompressedClassPointers 1, UseCompactObjectHeaders 0
Narrow klass pointer bits 32, Max shift 3
Narrow klass base: 0x0000015600000000, Narrow klass shift: 0
Encoding Range: [0x0000015600000000 - 0x0000015700000000), (4294967296 bytes)
Klass Range:    [0x0000015600000000 - 0x0000015641000000), (1090519040 bytes)
Klass ID Range:  [8 - 1090519033) (1090519025)


Internal statistics:

num_allocs_failed_limit: 0.
num_arena_births: 88.
num_arena_deaths: 0.
num_vsnodes_births: 2.
num_vsnodes_deaths: 0.
num_space_committed: 99.
num_space_uncommitted: 0.
num_chunks_returned_to_freelist: 0.
num_chunks_taken_from_freelist: 257.
num_chunk_merges: 0.
num_chunk_splits: 180.
num_chunks_enlarged: 129.
num_inconsistent_stats: 0.

CodeHeap 'non-profiled nmethods': size=120064Kb used=250Kb max_used=250Kb free=119813Kb
 bounds [0x000001565bdb0000, 0x000001565c020000, 0x00000156632f0000]
CodeHeap 'profiled nmethods': size=120000Kb used=1356Kb max_used=1356Kb free=118643Kb
 bounds [0x00000156542f0000, 0x0000015654560000, 0x000001565b820000]
CodeHeap 'non-nmethods': size=5696Kb used=2298Kb max_used=2311Kb free=3397Kb
 bounds [0x000001565b820000, 0x000001565ba90000, 0x000001565bdb0000]
CodeCache: size=245760Kb, used=3904Kb, max_used=3917Kb, free=241853Kb
 total_blobs=2155, nmethods=965, adapters=1096, full_count=0
Compilation: enabled, stopped_count=0, restarted_count=0

Compilation events (20 events):
Event: 0.758 Thread 0x0000015676e5dd00 nmethod 955 0x000001565bded608 code [0x000001565bded700, 0x000001565bded7c8]
Event: 0.758 Thread 0x0000015676e5dd00  956       1       org.Landen.engine.maths.Vector3f::getZ (5 bytes)
Event: 0.758 Thread 0x0000015676e5dd00 nmethod 956 0x000001565bded908 code [0x000001565bdeda00, 0x000001565bdedac8]
Event: 0.758 Thread 0x0000015676e5dd00  957       1       org.Landen.engine.graphics.Vertex::getTextureCoord (5 bytes)
Event: 0.758 Thread 0x0000015676e5dd00 nmethod 957 0x000001565bdedc08 code [0x000001565bdedd00, 0x000001565bdeddc8]
Event: 0.759 Thread 0x0000015676e5dd00  958       1       org.Landen.engine.maths.Vector2f::getX (5 bytes)
Event: 0.759 Thread 0x0000015676e5dd00 nmethod 958 0x000001565bdedf08 code [0x000001565bdee000, 0x000001565bdee0c8]
Event: 0.759 Thread 0x0000015676e5dd00  959       1       org.Landen.engine.maths.Vector2f::getY (5 bytes)
Event: 0.759 Thread 0x0000015676e5dd00 nmethod 959 0x000001565bdee208 code [0x000001565bdee300, 0x000001565bdee3c8]
Event: 0.759 Thread 0x0000015676e5dd00  960       1       org.Landen.engine.graphics.Vertex::getNormal (5 bytes)
Event: 0.759 Thread 0x0000015676e5dd00 nmethod 960 0x000001565bdee508 code [0x000001565bdee600, 0x000001565bdee6c8]
Event: 0.765 Thread 0x0000015676e5dd00  961       3       jdk.internal.loader.NativeLibraries$NativeLibraryImpl::find (9 bytes)
Event: 0.765 Thread 0x0000015676e5dd00 nmethod 961 0x0000015654442688 code [0x00000156544427a0, 0x00000156544428d8]
Event: 0.765 Thread 0x0000015676e5dd00  962       3       org.Landen.engine.maths.Matrix4f::get (11 bytes)
Event: 0.765 Thread 0x0000015676e5dd00 nmethod 962 0x0000015654442988 code [0x0000015654442aa0, 0x0000015654442be0]
Event: 0.765 Thread 0x0000015676e5dd00  963       3       org.Landen.engine.maths.Matrix4f::set (12 bytes)
Event: 0.765 Thread 0x0000015676e5dd00 nmethod 963 0x0000015654442c88 code [0x0000015654442da0, 0x0000015654442ee0]
Event: 0.765 Thread 0x0000015676e5dd00  964       3       java.util.ArrayList$Itr::hasNext (20 bytes)
Event: 0.765 Thread 0x0000015676e56740  965       4       org.Landen.engine.maths.Matrix4f::get (11 bytes)
Event: 0.765 Thread 0x0000015676e5dd00 nmethod 964 0x0000015654442f88 code [0x00000156544430a0, 0x0000015654443208]

GC Heap History (0 events):
No events

Dll operation events (9 events):
Event: 0.009 Loaded shared library C:\Users\conte.LANDENSPC\.jdks\openjdk-24.0.1\bin\java.dll
Event: 0.030 Loaded shared library C:\Users\conte.LANDENSPC\.jdks\openjdk-24.0.1\bin\jsvml.dll
Event: 0.046 Loaded shared library C:\Users\conte.LANDENSPC\.jdks\openjdk-24.0.1\bin\net.dll
Event: 0.048 Loaded shared library C:\Users\conte.LANDENSPC\.jdks\openjdk-24.0.1\bin\nio.dll
Event: 0.059 Loaded shared library C:\Users\conte.LANDENSPC\.jdks\openjdk-24.0.1\bin\zip.dll
Event: 0.072 Loaded shared library C:\Users\conte.LANDENSPC\.jdks\openjdk-24.0.1\bin\jimage.dll
Event: 0.113 Loaded shared library C:\Users\conte.LANDENSPC\AppData\Local\Temp\lwjgl_conte\3.3.3+5\x64\lwjgl.dll
Event: 0.342 Loaded shared library C:\Users\conte.LANDENSPC\AppData\Local\Temp\lwjgl_conte\3.3.3+5\x64\lwjgl_opengl.dll
Event: 0.671 Loaded shared library C:\Users\conte.LANDENSPC\AppData\Local\Temp\lwjgl_conte\3.3.3+5\x64\lwjgl_nuklear.dll

Deoptimization events (14 events):
Event: 0.648 Thread 0x000001564112a9e0 DEOPT PACKING pc=0x000001565430caf9 sp=0x0000004dcd7fd020
Event: 0.648 Thread 0x000001564112a9e0 DEOPT UNPACKING pc=0x000001565b876642 sp=0x0000004dcd7fc470 mode 0
Event: 0.667 Thread 0x000001564112a9e0 Uncommon trap: trap_request=0xffffff6e fr.pc=0x000001565bde3040 relative=0x0000000000000420
Event: 0.667 Thread 0x000001564112a9e0 Uncommon trap: reason=loop_limit_check action=maybe_recompile pc=0x000001565bde3040 method=java.lang.StringLatin1.indexOf([BI[BII)I @ 37 c2
Event: 0.667 Thread 0x000001564112a9e0 DEOPT PACKING pc=0x000001565bde3040 sp=0x0000004dcd7fdff0
Event: 0.667 Thread 0x000001564112a9e0 DEOPT UNPACKING pc=0x000001565b946302 sp=0x0000004dcd7fdf50 mode 2
Event: 0.730 Thread 0x000001564112a9e0 DEOPT PACKING pc=0x000001565440ffa7 sp=0x0000004dcd7fdf20
Event: 0.730 Thread 0x000001564112a9e0 DEOPT UNPACKING pc=0x000001565b876642 sp=0x0000004dcd7fd340 mode 0
Event: 0.731 Thread 0x000001564112a9e0 DEOPT PACKING pc=0x00000156543bba4d sp=0x0000004dcd7fdef0
Event: 0.731 Thread 0x000001564112a9e0 DEOPT UNPACKING pc=0x000001565b876642 sp=0x0000004dcd7fd388 mode 0
Event: 0.731 Thread 0x000001564112a9e0 DEOPT PACKING pc=0x00000156543bba4d sp=0x0000004dcd7fdef0
Event: 0.731 Thread 0x000001564112a9e0 DEOPT UNPACKING pc=0x000001565b876642 sp=0x0000004dcd7fd388 mode 0
Event: 0.732 Thread 0x000001564112a9e0 DEOPT PACKING pc=0x00000156543bba4d sp=0x0000004dcd7fdef0
Event: 0.732 Thread 0x000001564112a9e0 DEOPT UNPACKING pc=0x000001565b876642 sp=0x0000004dcd7fd388 mode 0

Classes loaded (20 events):
Event: 0.684 Loading class java/nio/file/DirectoryStream$Filter done
Event: 0.684 Loading class java/nio/file/Files$AcceptAllFilter done
Event: 0.684 Loading class sun/nio/fs/WindowsDirectoryStream$WindowsDirectoryIterator
Event: 0.685 Loading class sun/nio/fs/WindowsDirectoryStream$WindowsDirectoryIterator done
Event: 0.685 Loading class sun/nio/fs/WindowsPath$WindowsPathWithAttributes
Event: 0.685 Loading class sun/nio/fs/BasicFileAttributesHolder
Event: 0.685 Loading class sun/nio/fs/BasicFileAttributesHolder done
Event: 0.685 Loading class sun/nio/fs/WindowsPath$WindowsPathWithAttributes done
Event: 0.688 Loading class sun/security/provider/AbstractDrbg$NonceProvider
Event: 0.689 Loading class sun/security/provider/AbstractDrbg$NonceProvider done
Event: 0.689 Loading class sun/security/provider/SHA2$SHA256
Event: 0.689 Loading class sun/security/provider/SHA2
Event: 0.689 Loading class sun/security/provider/SHA2 done
Event: 0.689 Loading class sun/security/provider/SHA2$SHA256 done
Event: 0.690 Loading class java/io/DeleteOnExitHook
Event: 0.690 Loading class java/io/DeleteOnExitHook done
Event: 0.690 Loading class java/io/DeleteOnExitHook$1
Event: 0.690 Loading class java/io/DeleteOnExitHook$1 done
Event: 0.691 Loading class java/io/FileOutputStream$1
Event: 0.691 Loading class java/io/FileOutputStream$1 done

Classes unloaded (0 events):
No events

Classes redefined (0 events):
No events

Internal exceptions (20 events):
Event: 0.168 Thread 0x000001564112a9e0 Exception <a 'java/lang/NoSuchMethodError'{0x0000000463091f48}: 'java.lang.Object java.lang.invoke.Invokers$Holder.linkToTargetMethod(java.lang.Object, long, java.lang.Object)'> (0x0000000463091f48) 
thrown [s\open\src\hotspot\share\interpreter\linkResolver.cpp, line 805]
Event: 0.168 Thread 0x000001564112a9e0 Exception <a 'java/lang/NoSuchMethodError'{0x00000004630a2530}: 'int java.lang.invoke.DirectMethodHandle$Holder.invokeStaticInit(java.lang.Object, java.lang.Object, java.lang.Object, long)'> (0x00000004630a2530) 
thrown [s\open\src\hotspot\share\interpreter\linkResolver.cpp, line 805]
Event: 0.338 Thread 0x000001564112a9e0 Exception <a 'java/lang/NoSuchMethodError'{0x0000000463165ec0}: 'void java.lang.System.load(java.lang.String, java.lang.Class)'> (0x0000000463165ec0) 
thrown [s\open\src\hotspot\share\interpreter\linkResolver.cpp, line 805]
Event: 0.338 Thread 0x000001564112a9e0 Exception <a 'java/lang/NoSuchMethodError'{0x000000046316dd10}: 'void java.lang.System.loadLibrary(java.lang.String, java.lang.Class)'> (0x000000046316dd10) 
thrown [s\open\src\hotspot\share\interpreter\linkResolver.cpp, line 805]
Event: 0.341 Thread 0x000001564112a9e0 Exception <a 'sun/nio/fs/WindowsException'{0x0000000463181bf0}> (0x0000000463181bf0) 
thrown [s\open\src\hotspot\share\prims\jni.cpp, line 518]
Event: 0.341 Thread 0x000001564112a9e0 Exception <a 'sun/nio/fs/WindowsException'{0x0000000463181fb0}> (0x0000000463181fb0) 
thrown [s\open\src\hotspot\share\prims\jni.cpp, line 518]
Event: 0.344 Thread 0x000001564112a9e0 Exception <a 'sun/nio/fs/WindowsException'{0x000000046318a0c8}> (0x000000046318a0c8) 
thrown [s\open\src\hotspot\share\prims\jni.cpp, line 518]
Event: 0.344 Thread 0x000001564112a9e0 Exception <a 'sun/nio/fs/WindowsException'{0x000000046318a3c8}> (0x000000046318a3c8) 
thrown [s\open\src\hotspot\share\prims\jni.cpp, line 518]
Event: 0.659 Thread 0x000001564112a9e0 Exception <a 'java/lang/NoSuchMethodError'{0x0000000463500688}: 'long java.lang.invoke.DirectMethodHandle$Holder.invokeStatic(java.lang.Object, long, long, long)'> (0x0000000463500688) 
thrown [s\open\src\hotspot\share\interpreter\linkResolver.cpp, line 805]
Event: 0.661 Thread 0x000001564112a9e0 Exception <a 'java/lang/NoSuchMethodError'{0x0000000463511550}: 'void java.lang.invoke.DirectMethodHandle$Holder.invokeStatic(java.lang.Object, long, long)'> (0x0000000463511550) 
thrown [s\open\src\hotspot\share\interpreter\linkResolver.cpp, line 805]
Event: 0.666 Thread 0x000001564112a9e0 Exception <a 'java/lang/NoSuchMethodError'{0x00000004635abef0}: 'void java.lang.System.load(java.lang.String, java.lang.Class)'> (0x00000004635abef0) 
thrown [s\open\src\hotspot\share\interpreter\linkResolver.cpp, line 805]
Event: 0.667 Thread 0x000001564112a9e0 Exception <a 'java/lang/NoSuchMethodError'{0x00000004635b3d80}: 'void java.lang.System.loadLibrary(java.lang.String, java.lang.Class)'> (0x00000004635b3d80) 
thrown [s\open\src\hotspot\share\interpreter\linkResolver.cpp, line 805]
Event: 0.670 Thread 0x000001564112a9e0 Exception <a 'sun/nio/fs/WindowsException'{0x00000004635c7e28}> (0x00000004635c7e28) 
thrown [s\open\src\hotspot\share\prims\jni.cpp, line 518]
Event: 0.670 Thread 0x000001564112a9e0 Exception <a 'sun/nio/fs/WindowsException'{0x00000004635c81f8}> (0x00000004635c81f8) 
thrown [s\open\src\hotspot\share\prims\jni.cpp, line 518]
Event: 0.678 Thread 0x000001564112a9e0 Exception <a 'java/lang/NoSuchMethodError'{0x00000004635fd858}: 'java.lang.Object java.lang.invoke.DirectMethodHandle$Holder.invokeStaticInit(java.lang.Object, int, int, int, int)'> (0x00000004635fd858) 
thrown [s\open\src\hotspot\share\interpreter\linkResolver.cpp, line 805]
Event: 0.687 Thread 0x000001564112a9e0 Exception <a 'java/lang/NoSuchMethodError'{0x000000046366c1f8}: 'java.lang.Object java.lang.invoke.DirectMethodHandle$Holder.invokeStaticInit(java.lang.Object, java.lang.Object, int, int, int, int)'> (0x000000046366c1f8) 
thrown [s\open\src\hotspot\share\interpreter\linkResolver.cpp, line 805]
Event: 0.699 Thread 0x000001564112a9e0 Exception <a 'sun/nio/fs/WindowsException'{0x00000004636cc3a8}> (0x00000004636cc3a8) 
thrown [s\open\src\hotspot\share\prims\jni.cpp, line 518]
Event: 0.699 Thread 0x000001564112a9e0 Exception <a 'sun/nio/fs/WindowsException'{0x00000004636cc738}> (0x00000004636cc738) 
thrown [s\open\src\hotspot\share\prims\jni.cpp, line 518]
Event: 0.725 Thread 0x000001564112a9e0 Exception <a 'sun/nio/fs/WindowsException'{0x00000004636db220}> (0x00000004636db220) 
thrown [s\open\src\hotspot\share\prims\jni.cpp, line 518]
Event: 0.725 Thread 0x000001564112a9e0 Exception <a 'sun/nio/fs/WindowsException'{0x00000004636db5c0}> (0x00000004636db5c0) 
thrown [s\open\src\hotspot\share\prims\jni.cpp, line 518]

VM Operations (2 events):
Event: 0.752 Executing VM operation: HandshakeAllThreads (Deoptimize)
Event: 0.752 Executing VM operation: HandshakeAllThreads (Deoptimize) done

Memory protections (0 events):
No events

Nmethod flushes (0 events):
No events

Events (16 events):
Event: 0.020 Thread 0x0000015649532c60 Thread added: 0x0000015649532c60
Event: 0.028 Thread 0x0000015649532c60 Thread added: 0x0000015676e3dba0
Event: 0.028 Thread 0x0000015649532c60 Thread added: 0x0000015676e42e60
Event: 0.028 Thread 0x0000015649532c60 Thread added: 0x0000015676e45c00
Event: 0.028 Thread 0x0000015649532c60 Thread added: 0x0000015676e466b0
Event: 0.028 Thread 0x0000015649532c60 Thread added: 0x0000015676e53a70
Event: 0.028 Thread 0x0000015649532c60 Thread added: 0x0000015676e54f40
Event: 0.029 Thread 0x0000015649532c60 Thread added: 0x0000015676e56740
Event: 0.029 Thread 0x0000015649532c60 Thread added: 0x0000015676e5dd00
Event: 0.038 Thread 0x0000015649532c60 Thread added: 0x0000015641126310
Event: 0.039 Thread 0x0000015649532c60 Thread added: 0x0000015641129e90
Event: 0.041 Thread 0x0000015649532c60 Thread added: 0x000001564112a9e0
Event: 0.041 Thread 0x0000015649532c60 Thread exited: 0x0000015649532c60
Event: 0.041 Thread 0x0000015649532c60 Thread added: 0x0000015649532c60
Event: 0.148 Thread 0x0000015676e5dd00 Thread added: 0x00000156417cc7c0
Event: 0.331 Thread 0x00000156417cc7c0 Thread exited: 0x00000156417cc7c0


Dynamic libraries:
0x00007ff691f90000 - 0x00007ff691f9e000 	C:\Users\conte.LANDENSPC\.jdks\openjdk-24.0.1\bin\java.exe
0x00007ffb98500000 - 0x00007ffb98765000 	C:\WINDOWS\SYSTEM32\ntdll.dll
0x00007ffb65190000 - 0x00007ffb651b0000 	C:\Program Files\Norton\Suite\aswhook.dll
0x00007ffb972d0000 - 0x00007ffb97399000 	C:\WINDOWS\System32\KERNEL32.DLL
0x00007ffb957c0000 - 0x00007ffb95ba8000 	C:\WINDOWS\System32\KERNELBASE.dll
0x00007ffb95bb0000 - 0x00007ffb95cfb000 	C:\WINDOWS\System32\ucrtbase.dll
0x00007ffb90290000 - 0x00007ffb902a6000 	C:\Users\conte.LANDENSPC\.jdks\openjdk-24.0.1\bin\jli.dll
0x00007ffb857f0000 - 0x00007ffb8580b000 	C:\Users\conte.LANDENSPC\.jdks\openjdk-24.0.1\bin\VCRUNTIME140.dll
0x00007ffb963b0000 - 0x00007ffb9657a000 	C:\WINDOWS\System32\USER32.dll
0x00007ffb95650000 - 0x00007ffb95677000 	C:\WINDOWS\System32\win32u.dll
0x00007ffb82810000 - 0x00007ffb82aaa000 	C:\WINDOWS\WinSxS\amd64_microsoft.windows.common-controls_6595b64144ccf1df_6.0.26100.4202_none_3e0698d4e335f517\COMCTL32.dll
0x00007ffb973f0000 - 0x00007ffb9741b000 	C:\WINDOWS\System32\GDI32.dll
0x00007ffb97710000 - 0x00007ffb977b9000 	C:\WINDOWS\System32\msvcrt.dll
0x00007ffb95680000 - 0x00007ffb957b7000 	C:\WINDOWS\System32\gdi32full.dll
0x00007ffb95d00000 - 0x00007ffb95da3000 	C:\WINDOWS\System32\msvcp_win.dll
0x00007ffb973a0000 - 0x00007ffb973d0000 	C:\WINDOWS\System32\IMM32.DLL
0x00007ffb91660000 - 0x00007ffb9166c000 	C:\Users\conte.LANDENSPC\.jdks\openjdk-24.0.1\bin\vcruntime140_1.dll
0x00007ffb84da0000 - 0x00007ffb84e2e000 	C:\Users\conte.LANDENSPC\.jdks\openjdk-24.0.1\bin\msvcp140.dll
0x00007ffa91350000 - 0x00007ffa920f2000 	C:\Users\conte.LANDENSPC\.jdks\openjdk-24.0.1\bin\server\jvm.dll
0x00007ffb962f0000 - 0x00007ffb963a3000 	C:\WINDOWS\System32\ADVAPI32.dll
0x00007ffb97430000 - 0x00007ffb974d6000 	C:\WINDOWS\System32\sechost.dll
0x00007ffb97d10000 - 0x00007ffb97e25000 	C:\WINDOWS\System32\RPCRT4.dll
0x00007ffb98440000 - 0x00007ffb984b4000 	C:\WINDOWS\System32\WS2_32.dll
0x00007ffb94250000 - 0x00007ffb942ae000 	C:\WINDOWS\SYSTEM32\POWRPROF.dll
0x00007ffb8a1b0000 - 0x00007ffb8a1e5000 	C:\WINDOWS\SYSTEM32\WINMM.dll
0x00007ffb8f990000 - 0x00007ffb8f99b000 	C:\WINDOWS\SYSTEM32\VERSION.dll
0x00007ffb94230000 - 0x00007ffb94244000 	C:\WINDOWS\SYSTEM32\UMPDC.dll
0x00007ffb94510000 - 0x00007ffb9452b000 	C:\WINDOWS\SYSTEM32\kernel.appcore.dll
0x00007ffb88bf0000 - 0x00007ffb88bfa000 	C:\Users\conte.LANDENSPC\.jdks\openjdk-24.0.1\bin\jimage.dll
0x00007ffb92740000 - 0x00007ffb92981000 	C:\WINDOWS\SYSTEM32\DBGHELP.DLL
0x00007ffb980b0000 - 0x00007ffb98435000 	C:\WINDOWS\System32\combase.dll
0x00007ffb978d0000 - 0x00007ffb979b1000 	C:\WINDOWS\System32\OLEAUT32.dll
0x00007ffb7e020000 - 0x00007ffb7e059000 	C:\WINDOWS\SYSTEM32\dbgcore.DLL
0x00007ffb95db0000 - 0x00007ffb95e49000 	C:\WINDOWS\System32\bcryptPrimitives.dll
0x00007ffb856a0000 - 0x00007ffb856be000 	C:\Users\conte.LANDENSPC\.jdks\openjdk-24.0.1\bin\java.dll
0x00007ffb974e0000 - 0x00007ffb9767e000 	C:\WINDOWS\System32\ole32.dll
0x00007ffb96680000 - 0x00007ffb96dc2000 	C:\WINDOWS\System32\SHELL32.dll
0x00007ffb95fa0000 - 0x00007ffb96114000 	C:\WINDOWS\System32\wintypes.dll
0x00007ffb93290000 - 0x00007ffb93ae8000 	C:\WINDOWS\SYSTEM32\windows.storage.dll
0x00007ffb96580000 - 0x00007ffb96671000 	C:\WINDOWS\System32\SHCORE.dll
0x00007ffb97ef0000 - 0x00007ffb97f5a000 	C:\WINDOWS\System32\shlwapi.dll
0x00007ffb95560000 - 0x00007ffb9558f000 	C:\WINDOWS\SYSTEM32\profapi.dll
0x00007ffb7d360000 - 0x00007ffb7d437000 	C:\Users\conte.LANDENSPC\.jdks\openjdk-24.0.1\bin\jsvml.dll
0x00007ffb85690000 - 0x00007ffb856a0000 	C:\Users\conte.LANDENSPC\.jdks\openjdk-24.0.1\bin\net.dll
0x00007ffb94aa0000 - 0x00007ffb94b0a000 	C:\WINDOWS\system32\mswsock.dll
0x00007ffb85500000 - 0x00007ffb85516000 	C:\Users\conte.LANDENSPC\.jdks\openjdk-24.0.1\bin\nio.dll
0x00007ffb85520000 - 0x00007ffb85537000 	C:\Users\conte.LANDENSPC\.jdks\openjdk-24.0.1\bin\zip.dll
0x00007ffb80160000 - 0x00007ffb801db000 	C:\Users\conte.LANDENSPC\AppData\Local\Temp\lwjgl_conte\3.3.3+5\x64\lwjgl.dll
0x00007ffb7b890000 - 0x00007ffb7b912000 	C:\Users\CONTE~1.LAN\AppData\Local\Temp\lwjgl_conte\3.3.3+5\x64\glfw.dll
0x00007ffb804c0000 - 0x00007ffb8050b000 	C:\WINDOWS\SYSTEM32\dinput8.dll
0x00007ffb85d20000 - 0x00007ffb85d32000 	C:\WINDOWS\SYSTEM32\xinput1_4.dll
0x00007ffb952e0000 - 0x00007ffb95337000 	C:\WINDOWS\SYSTEM32\cfgmgr32.dll
0x00007ffb952b0000 - 0x00007ffb952dd000 	C:\WINDOWS\SYSTEM32\DEVOBJ.dll
0x00007ffb92c20000 - 0x00007ffb92c56000 	C:\WINDOWS\SYSTEM32\dwmapi.dll
0x00007ffb809f0000 - 0x00007ffb80bd1000 	C:\WINDOWS\SYSTEM32\inputhost.dll
0x00007ffb91360000 - 0x00007ffb91485000 	C:\WINDOWS\SYSTEM32\CoreMessaging.dll
0x00007ffb91970000 - 0x00007ffb91a1f000 	C:\WINDOWS\system32\uxtheme.dll
0x00007ffb97ba0000 - 0x00007ffb97d00000 	C:\WINDOWS\System32\MSCTF.dll
0x00007ffb94d50000 - 0x00007ffb94d5c000 	C:\WINDOWS\SYSTEM32\CRYPTBASE.DLL
0x00007ffaea490000 - 0x00007ffaea5a4000 	C:\WINDOWS\SYSTEM32\opengl32.dll
0x00007ffb4ccf0000 - 0x00007ffb4cd1d000 	C:\WINDOWS\SYSTEM32\GLU32.dll
0x00007ffb91ad0000 - 0x00007ffb91b1d000 	C:\WINDOWS\SYSTEM32\dxcore.dll
0x00007ffb92cb0000 - 0x00007ffb92d11000 	C:\WINDOWS\SYSTEM32\directxdatabasehelper.dll
0x00007ffb7c6c0000 - 0x00007ffb7c6da000 	C:\WINDOWS\SYSTEM32\windows.staterepositorycore.dll
0x00007ffaa40b0000 - 0x00007ffaa40e1000 	C:\WINDOWS\System32\DriverStore\FileRepository\u0411094.inf_amd64_f217c92f870dc4eb\B411279\atig6pxx.dll
0x00007ffa9fe30000 - 0x00007ffaa40ad000 	C:\WINDOWS\System32\DriverStore\FileRepository\u0411094.inf_amd64_f217c92f870dc4eb\B411279\atio6axx.dll
0x00007ffb96de0000 - 0x00007ffb97266000 	C:\WINDOWS\System32\SETUPAPI.dll
0x00007ffb95e50000 - 0x00007ffb95ed4000 	C:\WINDOWS\System32\WINTRUST.dll
0x00007ffb96120000 - 0x00007ffb96297000 	C:\WINDOWS\System32\CRYPT32.dll
0x00007ffb94dc0000 - 0x00007ffb94dd3000 	C:\WINDOWS\SYSTEM32\MSASN1.dll
0x00007ffb95530000 - 0x00007ffb95556000 	C:\WINDOWS\SYSTEM32\BCrypt.dll
0x00007ffb88ea0000 - 0x00007ffb88edb000 	C:\WINDOWS\System32\DriverStore\FileRepository\u0411094.inf_amd64_f217c92f870dc4eb\B411279\amdihk64.dll
0x00007ffb7fe50000 - 0x00007ffb7ffa0000 	C:\WINDOWS\SYSTEM32\textinputframework.dll
0x00007ffb8f1c0000 - 0x00007ffb8f4a3000 	C:\WINDOWS\SYSTEM32\CoreUIComponents.dll
0x00007ffb7b830000 - 0x00007ffb7b88e000 	C:\Users\conte.LANDENSPC\AppData\Local\Temp\lwjgl_conte\3.3.3+5\x64\lwjgl_opengl.dll
0x00007ffb72450000 - 0x00007ffb724c3000 	C:\Users\conte.LANDENSPC\AppData\Local\Temp\lwjgl_conte\3.3.3+5\x64\lwjgl_nuklear.dll
0x00007ffb94d60000 - 0x00007ffb94d7b000 	C:\WINDOWS\SYSTEM32\CRYPTSP.dll
0x00007ffb94470000 - 0x00007ffb944aa000 	C:\WINDOWS\system32\rsaenh.dll
0x00007ffb94b40000 - 0x00007ffb94b6b000 	C:\WINDOWS\SYSTEM32\USERENV.dll
0x00007ffb93f10000 - 0x00007ffb93f43000 	C:\WINDOWS\SYSTEM32\IPHLPAPI.DLL
0x00007ffb96dd0000 - 0x00007ffb96dda000 	C:\WINDOWS\System32\NSI.dll
0x00007ffb71d50000 - 0x00007ffb71eca000 	C:\Users\CONTE~1.LAN\AppData\Local\Temp\lwjgl_conte\3.3.3+5\x64\draco.dll
0x00007ffa5b020000 - 0x00007ffa5b5f0000 	C:\Users\CONTE~1.LAN\AppData\Local\Temp\lwjgl_conte\3.3.3+5\x64\assimp.dll

JVMTI agents: none

dbghelp: loaded successfully - version: 4.0.5 - missing functions: none
symbol engine: initialized successfully - sym options: 0x614 - pdb path: .;C:\Users\conte.LANDENSPC\.jdks\openjdk-24.0.1\bin;C:\WINDOWS\SYSTEM32;C:\Program Files\Norton\Suite;C:\WINDOWS\WinSxS\amd64_microsoft.windows.common-controls_6595b64144ccf1df_6.0.26100.4202_none_3e0698d4e335f517;C:\Users\conte.LANDENSPC\.jdks\openjdk-24.0.1\bin\server;C:\Users\conte.LANDENSPC\AppData\Local\Temp\lwjgl_conte\3.3.3+5\x64;C:\Users\CONTE~1.LAN\AppData\Local\Temp\lwjgl_conte\3.3.3+5\x64;C:\WINDOWS\System32\DriverStore\FileRepository\u0411094.inf_amd64_f217c92f870dc4eb\B411279

VM Arguments:
jvm_args: -Dfile.encoding=UTF-8 -Duser.country=US -Duser.language=en -Duser.variant 
java_command: org.Landen.main.Main
java_class_path (initial): D:\dev\games\nengine\build\classes\java\main;D:\dev\games\nengine\build\resources\main;C:\Users\conte.LANDENSPC\.gradle\caches\modules-2\files-2.1\org.lwjgl\lwjgl-glfw\3.3.3\efa1eb78c5ccd840e9f329717109b5e892d72f8e\lwjgl-glfw-3.3.3.jar;C:\Users\conte.LANDENSPC\.gradle\caches\modules-2\files-2.1\org.lwjgl\lwjgl-glfw\3.3.3\e449e28b4891fc423c54c85fbc5bb0b9efece67a\lwjgl-glfw-3.3.3-natives-windows.jar;C:\Users\conte.LANDENSPC\.gradle\caches\modules-2\files-2.1\org.lwjgl\lwjgl-opengl\3.3.3\2f6b0147078396a58979125a4c947664e98293a\lwjgl-opengl-3.3.3.jar;C:\Users\conte.LANDENSPC\.gradle\caches\modules-2\files-2.1\org.lwjgl\lwjgl-opengl\3.3.3\e6c1eec8be8a71951b830a4d69efc01c6531900c\lwjgl-opengl-3.3.3-natives-windows.jar;C:\Users\conte.LANDENSPC\.gradle\caches\modules-2\files-2.1\org.lwjgl\lwjgl-nuklear\3.3.3\d120a8ab01987e285f83f43f862bef728011d97d\lwjgl-nuklear-3.3.3.jar;C:\Users\conte.LANDENSPC\.gradle\caches\modules-2\files-2.1\org.lwjgl\lwjgl-nuklear\3.3.3\3132690c8cbbdd7c948eb233610151b6a6c62b9a\lwjgl-nuklear-3.3.3-natives-windows.jar;C:\Users\conte.LANDENSPC\.gradle\caches\modules-2\files-2.1\org.lwjgl\lwjgl-assimp\3.3.3\c2c34011cbda30ed8cf98bc5cbf97b49afe5279a\lwjgl-assimp-3.3.3.jar;C:\Users\conte.LANDENSPC\.gradle\caches\modules-2\files-2.1\org.lwjgl\lwjgl-assimp\3.3.3\d90ccdade594716062975cffd1431d387f770ac4\lwjgl-assimp-3.3.3-natives-windows.jar;C:\Users\conte.LANDENSPC\.gradle\caches\modules-2\files-2.1\org.lwjgl\lwjgl-stb\3.3.3\25dd6161988d7e65f71d5065c99902402ee32746\lwjgl-stb-3.3.3.jar;C:\Users\conte.LANDENSPC\.gradle\caches\modules-2\files-2.1\org.lwjgl\lwjgl-stb\3.3.3\1d9facdf6541de114b0f963be33505b7679c78cb\lwjgl-stb-3.3.3-natives-windows.jar;C:\Users\conte.LANDENSPC\.gradle\caches\modules-2\files-2.1\org.lwjgl\lwjgl\3.3.3\29589b5f87ed335a6c7e7ee6a5775f81f97ecb84\lwjgl-3.3.3.jar;C:\Users\conte.LANDENSPC\.gradle\caches\modules-2\files-2.1\org.lwjgl\lwjgl\3.3.3\a5ed18a2b82fc91b81f40d717cb1f64c9dcb0540\lwjgl-3.3.3-natives-windows.jar
Launcher Type: SUN_STANDARD

[Global flags]
     intx CICompilerCount                          = 4                                         {product} {ergonomic}
     uint ConcGCThreads                            = 3                                         {product} {ergonomic}
     uint G1ConcRefinementThreads                  = 10                                        {product} {ergonomic}
   size_t G1HeapRegionSize                         = 8388608                                   {product} {ergonomic}
   size_t InitialHeapSize                          = 1040187392                                {product} {ergonomic}
   size_t MarkStackSize                            = 4194304                                   {product} {ergonomic}
   size_t MarkStackSizeMax                         = 536870912                                 {product} {ergonomic}
   size_t MaxHeapSize                              = 16542334976                               {product} {ergonomic}
   size_t MaxNewSize                               = 9923723264                                {product} {ergonomic}
   size_t MinHeapDeltaBytes                        = 8388608                                   {product} {ergonomic}
   size_t MinHeapSize                              = 8388608                                   {product} {ergonomic}
    uintx NonNMethodCodeHeapSize                   = 5832704                                {pd product} {ergonomic}
    uintx NonProfiledCodeHeapSize                  = 122945536                              {pd product} {ergonomic}
    uintx ProfiledCodeHeapSize                     = 122880000                              {pd product} {ergonomic}
    uintx ReservedCodeCacheSize                    = 251658240                              {pd product} {ergonomic}
     bool SegmentedCodeCache                       = true                                      {product} {ergonomic}
   size_t SoftMaxHeapSize                          = 16542334976                            {manageable} {ergonomic}
     bool UseCompressedOops                        = true                           {product lp64_product} {ergonomic}
     bool UseG1GC                                  = true                                      {product} {ergonomic}
     bool UseLargePagesIndividualAllocation        = false                                  {pd product} {ergonomic}

Logging:
Log output configuration:
 #0: stdout all=warning uptime,level,tags foldmultilines=false
 #1: stderr all=off uptime,level,tags foldmultilines=false

Environment Variables:
PATH=C:\Program Files\Oculus\Support\oculus-runtime;C:\WINDOWS\system32;C:\WINDOWS;C:\WINDOWS\System32\Wbem;C:\WINDOWS\System32\WindowsPowerShell\v1.0\;C:\WINDOWS\System32\OpenSSH\;C:\Program Files\NVIDIA Corporation\NVIDIA App\NvDLISR;C:\Program Files (x86)\Windows Kits\10\Windows Performance Toolkit\;C:\Program Files\dotnet\;C:\Users\conte.LANDENSPC\AppData\Local\Microsoft\WindowsApps;C:\Users\conte.LANDENSPC\AppData\Local\Python\bin;C:\Users\conte.LANDENSPC\AppData\Local\Programs\Microsoft VS Code\bin
USERNAME=conte
OS=Windows_NT
PROCESSOR_IDENTIFIER=AMD64 Family 25 Model 120 Stepping 0, AuthenticAMD
TMP=C:\Users\CONTE~1.LAN\AppData\Local\Temp
TEMP=C:\Users\CONTE~1.LAN\AppData\Local\Temp




Periodic native trim disabled

---------------  S Y S T E M  ---------------

OS:
 Windows 11 , 64 bit Build 26100 (10.0.26100.4202)
OS uptime: 1 days 18:01 hours
Hyper-V role detected

CPU: total 12 (initial active 12) (12 cores per cpu, 2 threads per core) family 25 model 120 stepping 0 microcode 0xa708007, cx8, cmov, fxsr, ht, mmx, 3dnowpref, sse, sse2, sse3, ssse3, sse4a, sse4.1, sse4.2, popcnt, lzcnt, tsc, tscinvbit, avx, avx2, aes, erms, clmul, bmi1, bmi2, adx, avx512f, avx512dq, avx512cd, avx512bw, avx512vl, sha, fma, vzeroupper, avx512_vpopcntdq, avx512_vpclmulqdq, avx512_vaes, avx512_vnni, clflush, clflushopt, avx512_vbmi2, avx512_vbmi, hv, rdtscp, rdpid, fsrm, gfni, avx512_bitalg, f16c, cet_ss, avx512_ifma
Processor Information for the first 12 processors :
  Max Mhz: 3551, Current Mhz: 3551, Mhz Limit: 3551

Memory: 4k page, system-wide physical 63085M (44114M free)
TotalPageFile size 67053M (AvailPageFile size 43284M)
current process WorkingSet (physical memory assigned to process): 146M, peak: 161M
current process commit charge ("private bytes"): 1222M, peak: 1238M

vm_info: OpenJDK 64-Bit Server VM (24.0.1+9-30) for windows-amd64 JRE (24.0.1+9-30), built on 2025-03-05T07:23:45Z with MS VC++ 17.6 (VS2022)

END.
